[0.601s] Invoking command in '/home/cody/ws_moveit/build/robot_arm_2025_tasks': PYTHONPATH=/home/cody/ws_moveit/build/robot_arm_2025_tasks/prefix_override:/usr/lib/python3/dist-packages/colcon_core/task/python/colcon_distutils_commands:/home/cody/ws_moveit/install/robot_arm_2025_tasks/lib/python3.10/site-packages:${PYTHONPATH} /usr/bin/python3 -W ignore:setup.py install is deprecated -W ignore:easy_install command is deprecated setup.py develop --editable --build-directory /home/cody/ws_moveit/build/robot_arm_2025_tasks/build --no-deps symlink_data
[0.734s] running develop
[0.809s] running egg_info
[0.809s] creating robot_arm_2025_tasks.egg-info
[0.809s] writing robot_arm_2025_tasks.egg-info/PKG-INFO
[0.810s] writing dependency_links to robot_arm_2025_tasks.egg-info/dependency_links.txt
[0.810s] writing entry points to robot_arm_2025_tasks.egg-info/entry_points.txt
[0.810s] writing requirements to robot_arm_2025_tasks.egg-info/requires.txt
[0.810s] writing top-level names to robot_arm_2025_tasks.egg-info/top_level.txt
[0.810s] writing manifest file 'robot_arm_2025_tasks.egg-info/SOURCES.txt'
[0.811s] reading manifest file 'robot_arm_2025_tasks.egg-info/SOURCES.txt'
[0.812s] writing manifest file 'robot_arm_2025_tasks.egg-info/SOURCES.txt'
[0.812s] running build_ext
[0.813s] Creating /home/cody/ws_moveit/install/robot_arm_2025_tasks/lib/python3.10/site-packages/robot-arm-2025-tasks.egg-link (link to .)
[0.813s] 
[0.813s] Installed /home/cody/ws_moveit/build/robot_arm_2025_tasks
[0.813s] running symlink_data
[0.813s] creating /home/cody/ws_moveit/install/robot_arm_2025_tasks/share/ament_index
[0.813s] creating /home/cody/ws_moveit/install/robot_arm_2025_tasks/share/ament_index/resource_index
[0.813s] creating /home/cody/ws_moveit/install/robot_arm_2025_tasks/share/ament_index/resource_index/packages
[0.814s] symbolically linking /home/cody/ws_moveit/build/robot_arm_2025_tasks/resource/robot_arm_2025_tasks -> /home/cody/ws_moveit/install/robot_arm_2025_tasks/share/ament_index/resource_index/packages
[0.814s] symbolically linking /home/cody/ws_moveit/build/robot_arm_2025_tasks/package.xml -> /home/cody/ws_moveit/install/robot_arm_2025_tasks/share/robot_arm_2025_tasks
[0.831s] Invoked command in '/home/cody/ws_moveit/build/robot_arm_2025_tasks' returned '0': PYTHONPATH=/home/cody/ws_moveit/build/robot_arm_2025_tasks/prefix_override:/usr/lib/python3/dist-packages/colcon_core/task/python/colcon_distutils_commands:/home/cody/ws_moveit/install/robot_arm_2025_tasks/lib/python3.10/site-packages:${PYTHONPATH} /usr/bin/python3 -W ignore:setup.py install is deprecated -W ignore:easy_install command is deprecated setup.py develop --editable --build-directory /home/cody/ws_moveit/build/robot_arm_2025_tasks/build --no-deps symlink_data
