[0.558s] Invoking command in '/home/cody/ws_moveit/src/build/robot_arm_2025_control': PYTHONPATH=/home/cody/ws_moveit/src/build/robot_arm_2025_control/prefix_override:/usr/lib/python3/dist-packages/colcon_core/task/python/colcon_distutils_commands:/home/cody/ws_moveit/src/install/robot_arm_2025_control/lib/python3.10/site-packages:${PYTHONPATH} /usr/bin/python3 -W ignore:setup.py install is deprecated -W ignore:easy_install command is deprecated setup.py develop --editable --build-directory /home/cody/ws_moveit/src/build/robot_arm_2025_control/build --no-deps symlink_data
[0.687s] running develop
[0.760s] running egg_info
[0.760s] creating robot_arm_2025_control.egg-info
[0.761s] writing robot_arm_2025_control.egg-info/PKG-INFO
[0.761s] writing dependency_links to robot_arm_2025_control.egg-info/dependency_links.txt
[0.761s] writing entry points to robot_arm_2025_control.egg-info/entry_points.txt
[0.761s] writing requirements to robot_arm_2025_control.egg-info/requires.txt
[0.761s] writing top-level names to robot_arm_2025_control.egg-info/top_level.txt
[0.761s] writing manifest file 'robot_arm_2025_control.egg-info/SOURCES.txt'
[0.762s] reading manifest file 'robot_arm_2025_control.egg-info/SOURCES.txt'
[0.762s] writing manifest file 'robot_arm_2025_control.egg-info/SOURCES.txt'
[0.763s] running build_ext
[0.764s] Creating /home/cody/ws_moveit/src/install/robot_arm_2025_control/lib/python3.10/site-packages/robot-arm-2025-control.egg-link (link to .)
[0.764s] Installing trajectory_to_serial script to /home/cody/ws_moveit/src/install/robot_arm_2025_control/lib/robot_arm_2025_control
[0.764s] 
[0.764s] Installed /home/cody/ws_moveit/src/build/robot_arm_2025_control
[0.765s] running symlink_data
[0.765s] creating /home/cody/ws_moveit/src/install/robot_arm_2025_control/share/ament_index
[0.765s] creating /home/cody/ws_moveit/src/install/robot_arm_2025_control/share/ament_index/resource_index
[0.765s] creating /home/cody/ws_moveit/src/install/robot_arm_2025_control/share/ament_index/resource_index/packages
[0.765s] symbolically linking /home/cody/ws_moveit/src/build/robot_arm_2025_control/resource/robot_arm_2025_control -> /home/cody/ws_moveit/src/install/robot_arm_2025_control/share/ament_index/resource_index/packages
[0.765s] symbolically linking /home/cody/ws_moveit/src/build/robot_arm_2025_control/package.xml -> /home/cody/ws_moveit/src/install/robot_arm_2025_control/share/robot_arm_2025_control
[0.789s] Invoked command in '/home/cody/ws_moveit/src/build/robot_arm_2025_control' returned '0': PYTHONPATH=/home/cody/ws_moveit/src/build/robot_arm_2025_control/prefix_override:/usr/lib/python3/dist-packages/colcon_core/task/python/colcon_distutils_commands:/home/cody/ws_moveit/src/install/robot_arm_2025_control/lib/python3.10/site-packages:${PYTHONPATH} /usr/bin/python3 -W ignore:setup.py install is deprecated -W ignore:easy_install command is deprecated setup.py develop --editable --build-directory /home/cody/ws_moveit/src/build/robot_arm_2025_control/build --no-deps symlink_data
