running develop
running egg_info
creating robot_arm_2025_control.egg-info
writing robot_arm_2025_control.egg-info/PKG-INFO
writing dependency_links to robot_arm_2025_control.egg-info/dependency_links.txt
writing entry points to robot_arm_2025_control.egg-info/entry_points.txt
writing requirements to robot_arm_2025_control.egg-info/requires.txt
writing top-level names to robot_arm_2025_control.egg-info/top_level.txt
writing manifest file 'robot_arm_2025_control.egg-info/SOURCES.txt'
reading manifest file 'robot_arm_2025_control.egg-info/SOURCES.txt'
writing manifest file 'robot_arm_2025_control.egg-info/SOURCES.txt'
running build_ext
Creating /home/cody/ws_moveit/install/robot_arm_2025_control/lib/python3.10/site-packages/robot-arm-2025-control.egg-link (link to .)
Installing trajectory_to_serial script to /home/cody/ws_moveit/install/robot_arm_2025_control/lib/robot_arm_2025_control

Installed /home/cody/ws_moveit/build/robot_arm_2025_control
running symlink_data
creating /home/cody/ws_moveit/install/robot_arm_2025_control/share/ament_index
creating /home/cody/ws_moveit/install/robot_arm_2025_control/share/ament_index/resource_index
creating /home/cody/ws_moveit/install/robot_arm_2025_control/share/ament_index/resource_index/packages
symbolically linking /home/cody/ws_moveit/build/robot_arm_2025_control/resource/robot_arm_2025_control -> /home/cody/ws_moveit/install/robot_arm_2025_control/share/ament_index/resource_index/packages
symbolically linking /home/cody/ws_moveit/build/robot_arm_2025_control/package.xml -> /home/cody/ws_moveit/install/robot_arm_2025_control/share/robot_arm_2025_control
