[0.186s] DEBUG:colcon:Command line arguments: ['/usr/bin/colcon', 'build', '--symlink-install']
[0.186s] DEBUG:colcon:Parsed command line arguments: Namespace(log_base=None, log_level=None, verb_name='build', build_base='build', install_base='install', merge_install=False, symlink_install=True, test_result_base=None, continue_on_error=False, executor='parallel', parallel_workers=20, event_handlers=None, ignore_user_meta=False, metas=['./colcon.meta'], base_paths=['.'], packages_ignore=None, packages_ignore_regex=None, paths=None, packages_up_to=None, packages_up_to_regex=None, packages_above=None, packages_above_and_dependencies=None, packages_above_depth=None, packages_select_by_dep=None, packages_skip_by_dep=None, packages_skip_up_to=None, packages_select_build_failed=False, packages_skip_build_finished=False, packages_select_test_failures=False, packages_skip_test_passed=False, packages_select=None, packages_skip=None, packages_select_regex=None, packages_skip_regex=None, packages_start=None, packages_end=None, allow_overriding=[], cmake_args=None, cmake_target=None, cmake_target_skip_unavailable=False, cmake_clean_cache=False, cmake_clean_first=False, cmake_force_configure=False, ament_cmake_args=None, catkin_cmake_args=None, catkin_skip_building_tests=False, mixin_files=None, mixin=None, verb_parser=<colcon_mixin.mixin.mixin_argument.MixinArgumentDecorator object at 0x77a6481516f0>, verb_extension=<colcon_core.verb.build.BuildVerb object at 0x77a6482ca3e0>, main=<bound method BuildVerb.main of <colcon_core.verb.build.BuildVerb object at 0x77a6482ca3e0>>, mixin_verb=('build',))
[0.388s] Level 1:colcon.colcon_core.package_discovery:discover_packages(colcon_meta) check parameters
[0.388s] Level 1:colcon.colcon_core.package_discovery:discover_packages(recursive) check parameters
[0.388s] Level 1:colcon.colcon_core.package_discovery:discover_packages(ignore) check parameters
[0.388s] Level 1:colcon.colcon_core.package_discovery:discover_packages(path) check parameters
[0.388s] Level 1:colcon.colcon_core.package_discovery:discover_packages(colcon_meta) discover
[0.389s] Level 1:colcon.colcon_core.package_discovery:discover_packages(recursive) discover
[0.389s] INFO:colcon.colcon_core.package_discovery:Crawling recursively for packages in '/home/cody/ws_moveit'
[0.389s] Level 1:colcon.colcon_core.package_identification:_identify(.) by extensions ['ignore', 'ignore_ament_install']
[0.389s] Level 1:colcon.colcon_core.package_identification:_identify(.) by extension 'ignore'
[0.389s] Level 1:colcon.colcon_core.package_identification:_identify(.) by extension 'ignore_ament_install'
[0.389s] Level 1:colcon.colcon_core.package_identification:_identify(.) by extensions ['colcon_pkg']
[0.389s] Level 1:colcon.colcon_core.package_identification:_identify(.) by extension 'colcon_pkg'
[0.389s] Level 1:colcon.colcon_core.package_identification:_identify(.) by extensions ['colcon_meta']
[0.389s] Level 1:colcon.colcon_core.package_identification:_identify(.) by extension 'colcon_meta'
[0.389s] Level 1:colcon.colcon_core.package_identification:_identify(.) by extensions ['ros']
[0.389s] Level 1:colcon.colcon_core.package_identification:_identify(.) by extension 'ros'
[0.398s] Level 1:colcon.colcon_core.package_identification:_identify(.) by extensions ['cmake', 'python']
[0.399s] Level 1:colcon.colcon_core.package_identification:_identify(.) by extension 'cmake'
[0.399s] Level 1:colcon.colcon_core.package_identification:_identify(.) by extension 'python'
[0.399s] Level 1:colcon.colcon_core.package_identification:_identify(.) by extensions ['python_setup_py']
[0.399s] Level 1:colcon.colcon_core.package_identification:_identify(.) by extension 'python_setup_py'
[0.399s] Level 1:colcon.colcon_core.package_identification:_identify(build) by extensions ['ignore', 'ignore_ament_install']
[0.399s] Level 1:colcon.colcon_core.package_identification:_identify(build) by extension 'ignore'
[0.399s] Level 1:colcon.colcon_core.package_identification:_identify(build) ignored
[0.399s] Level 1:colcon.colcon_core.package_identification:_identify(install) by extensions ['ignore', 'ignore_ament_install']
[0.399s] Level 1:colcon.colcon_core.package_identification:_identify(install) by extension 'ignore'
[0.399s] Level 1:colcon.colcon_core.package_identification:_identify(install) ignored
[0.399s] Level 1:colcon.colcon_core.package_identification:_identify(log) by extensions ['ignore', 'ignore_ament_install']
[0.400s] Level 1:colcon.colcon_core.package_identification:_identify(log) by extension 'ignore'
[0.400s] Level 1:colcon.colcon_core.package_identification:_identify(log) ignored
[0.400s] Level 1:colcon.colcon_core.package_identification:_identify(src) by extensions ['ignore', 'ignore_ament_install']
[0.400s] Level 1:colcon.colcon_core.package_identification:_identify(src) by extension 'ignore'
[0.400s] Level 1:colcon.colcon_core.package_identification:_identify(src) by extension 'ignore_ament_install'
[0.400s] Level 1:colcon.colcon_core.package_identification:_identify(src) by extensions ['colcon_pkg']
[0.400s] Level 1:colcon.colcon_core.package_identification:_identify(src) by extension 'colcon_pkg'
[0.400s] Level 1:colcon.colcon_core.package_identification:_identify(src) by extensions ['colcon_meta']
[0.400s] Level 1:colcon.colcon_core.package_identification:_identify(src) by extension 'colcon_meta'
[0.400s] Level 1:colcon.colcon_core.package_identification:_identify(src) by extensions ['ros']
[0.400s] Level 1:colcon.colcon_core.package_identification:_identify(src) by extension 'ros'
[0.400s] Level 1:colcon.colcon_core.package_identification:_identify(src) by extensions ['cmake', 'python']
[0.400s] Level 1:colcon.colcon_core.package_identification:_identify(src) by extension 'cmake'
[0.400s] Level 1:colcon.colcon_core.package_identification:_identify(src) by extension 'python'
[0.400s] Level 1:colcon.colcon_core.package_identification:_identify(src) by extensions ['python_setup_py']
[0.400s] Level 1:colcon.colcon_core.package_identification:_identify(src) by extension 'python_setup_py'
[0.400s] Level 1:colcon.colcon_core.package_identification:_identify(src/robot_arm_2025) by extensions ['ignore', 'ignore_ament_install']
[0.400s] Level 1:colcon.colcon_core.package_identification:_identify(src/robot_arm_2025) by extension 'ignore'
[0.400s] Level 1:colcon.colcon_core.package_identification:_identify(src/robot_arm_2025) by extension 'ignore_ament_install'
[0.400s] Level 1:colcon.colcon_core.package_identification:_identify(src/robot_arm_2025) by extensions ['colcon_pkg']
[0.400s] Level 1:colcon.colcon_core.package_identification:_identify(src/robot_arm_2025) by extension 'colcon_pkg'
[0.400s] Level 1:colcon.colcon_core.package_identification:_identify(src/robot_arm_2025) by extensions ['colcon_meta']
[0.400s] Level 1:colcon.colcon_core.package_identification:_identify(src/robot_arm_2025) by extension 'colcon_meta'
[0.400s] Level 1:colcon.colcon_core.package_identification:_identify(src/robot_arm_2025) by extensions ['ros']
[0.400s] Level 1:colcon.colcon_core.package_identification:_identify(src/robot_arm_2025) by extension 'ros'
[0.403s] DEBUG:colcon.colcon_core.package_identification:Package 'src/robot_arm_2025' with type 'ros.ament_cmake' and name 'robot_arm_2025'
[0.403s] Level 1:colcon.colcon_core.package_identification:_identify(src/robot_arm_2025_config) by extensions ['ignore', 'ignore_ament_install']
[0.403s] Level 1:colcon.colcon_core.package_identification:_identify(src/robot_arm_2025_config) by extension 'ignore'
[0.403s] Level 1:colcon.colcon_core.package_identification:_identify(src/robot_arm_2025_config) by extension 'ignore_ament_install'
[0.403s] Level 1:colcon.colcon_core.package_identification:_identify(src/robot_arm_2025_config) by extensions ['colcon_pkg']
[0.403s] Level 1:colcon.colcon_core.package_identification:_identify(src/robot_arm_2025_config) by extension 'colcon_pkg'
[0.403s] Level 1:colcon.colcon_core.package_identification:_identify(src/robot_arm_2025_config) by extensions ['colcon_meta']
[0.403s] Level 1:colcon.colcon_core.package_identification:_identify(src/robot_arm_2025_config) by extension 'colcon_meta'
[0.403s] Level 1:colcon.colcon_core.package_identification:_identify(src/robot_arm_2025_config) by extensions ['ros']
[0.403s] Level 1:colcon.colcon_core.package_identification:_identify(src/robot_arm_2025_config) by extension 'ros'
[0.404s] DEBUG:colcon.colcon_core.package_identification:Package 'src/robot_arm_2025_config' with type 'ros.ament_cmake' and name 'robot_arm_2025_config'
[0.404s] Level 1:colcon.colcon_core.package_identification:_identify(src/robot_arm_2025_control) by extensions ['ignore', 'ignore_ament_install']
[0.404s] Level 1:colcon.colcon_core.package_identification:_identify(src/robot_arm_2025_control) by extension 'ignore'
[0.404s] Level 1:colcon.colcon_core.package_identification:_identify(src/robot_arm_2025_control) by extension 'ignore_ament_install'
[0.404s] Level 1:colcon.colcon_core.package_identification:_identify(src/robot_arm_2025_control) by extensions ['colcon_pkg']
[0.404s] Level 1:colcon.colcon_core.package_identification:_identify(src/robot_arm_2025_control) by extension 'colcon_pkg'
[0.404s] Level 1:colcon.colcon_core.package_identification:_identify(src/robot_arm_2025_control) by extensions ['colcon_meta']
[0.404s] Level 1:colcon.colcon_core.package_identification:_identify(src/robot_arm_2025_control) by extension 'colcon_meta'
[0.404s] Level 1:colcon.colcon_core.package_identification:_identify(src/robot_arm_2025_control) by extensions ['ros']
[0.404s] Level 1:colcon.colcon_core.package_identification:_identify(src/robot_arm_2025_control) by extension 'ros'
[0.405s] DEBUG:colcon.colcon_core.package_identification:Package 'src/robot_arm_2025_control' with type 'ros.ament_python' and name 'robot_arm_2025_control'
[0.405s] Level 1:colcon.colcon_core.package_discovery:discover_packages(recursive) using defaults
[0.405s] Level 1:colcon.colcon_core.package_discovery:discover_packages(ignore) discover
[0.405s] Level 1:colcon.colcon_core.package_discovery:discover_packages(ignore) using defaults
[0.405s] Level 1:colcon.colcon_core.package_discovery:discover_packages(path) discover
[0.405s] Level 1:colcon.colcon_core.package_discovery:discover_packages(path) using defaults
[0.431s] Level 1:colcon.colcon_core.package_discovery:discover_packages(prefix_path) check parameters
[0.431s] Level 1:colcon.colcon_core.package_discovery:discover_packages(prefix_path) discover
[0.434s] DEBUG:colcon.colcon_installed_package_information.package_discovery:Found 3 installed packages in /home/cody/ws_moveit/install
[0.435s] DEBUG:colcon.colcon_installed_package_information.package_discovery:Found 356 installed packages in /opt/ros/humble
[0.436s] Level 1:colcon.colcon_core.package_discovery:discover_packages(prefix_path) using defaults
[0.502s] Level 5:colcon.colcon_core.verb:set package 'robot_arm_2025' build argument 'cmake_args' from command line to 'None'
[0.502s] Level 5:colcon.colcon_core.verb:set package 'robot_arm_2025' build argument 'cmake_target' from command line to 'None'
[0.502s] Level 5:colcon.colcon_core.verb:set package 'robot_arm_2025' build argument 'cmake_target_skip_unavailable' from command line to 'False'
[0.502s] Level 5:colcon.colcon_core.verb:set package 'robot_arm_2025' build argument 'cmake_clean_cache' from command line to 'False'
[0.502s] Level 5:colcon.colcon_core.verb:set package 'robot_arm_2025' build argument 'cmake_clean_first' from command line to 'False'
[0.502s] Level 5:colcon.colcon_core.verb:set package 'robot_arm_2025' build argument 'cmake_force_configure' from command line to 'False'
[0.502s] Level 5:colcon.colcon_core.verb:set package 'robot_arm_2025' build argument 'ament_cmake_args' from command line to 'None'
[0.502s] Level 5:colcon.colcon_core.verb:set package 'robot_arm_2025' build argument 'catkin_cmake_args' from command line to 'None'
[0.502s] Level 5:colcon.colcon_core.verb:set package 'robot_arm_2025' build argument 'catkin_skip_building_tests' from command line to 'False'
[0.502s] DEBUG:colcon.colcon_core.verb:Building package 'robot_arm_2025' with the following arguments: {'ament_cmake_args': None, 'build_base': '/home/cody/ws_moveit/build/robot_arm_2025', 'catkin_cmake_args': None, 'catkin_skip_building_tests': False, 'cmake_args': None, 'cmake_clean_cache': False, 'cmake_clean_first': False, 'cmake_force_configure': False, 'cmake_target': None, 'cmake_target_skip_unavailable': False, 'install_base': '/home/cody/ws_moveit/install/robot_arm_2025', 'merge_install': False, 'path': '/home/cody/ws_moveit/src/robot_arm_2025', 'symlink_install': True, 'test_result_base': None}
[0.502s] Level 5:colcon.colcon_core.verb:set package 'robot_arm_2025_control' build argument 'cmake_args' from command line to 'None'
[0.502s] Level 5:colcon.colcon_core.verb:set package 'robot_arm_2025_control' build argument 'cmake_target' from command line to 'None'
[0.502s] Level 5:colcon.colcon_core.verb:set package 'robot_arm_2025_control' build argument 'cmake_target_skip_unavailable' from command line to 'False'
[0.502s] Level 5:colcon.colcon_core.verb:set package 'robot_arm_2025_control' build argument 'cmake_clean_cache' from command line to 'False'
[0.502s] Level 5:colcon.colcon_core.verb:set package 'robot_arm_2025_control' build argument 'cmake_clean_first' from command line to 'False'
[0.502s] Level 5:colcon.colcon_core.verb:set package 'robot_arm_2025_control' build argument 'cmake_force_configure' from command line to 'False'
[0.502s] Level 5:colcon.colcon_core.verb:set package 'robot_arm_2025_control' build argument 'ament_cmake_args' from command line to 'None'
[0.502s] Level 5:colcon.colcon_core.verb:set package 'robot_arm_2025_control' build argument 'catkin_cmake_args' from command line to 'None'
[0.502s] Level 5:colcon.colcon_core.verb:set package 'robot_arm_2025_control' build argument 'catkin_skip_building_tests' from command line to 'False'
[0.502s] DEBUG:colcon.colcon_core.verb:Building package 'robot_arm_2025_control' with the following arguments: {'ament_cmake_args': None, 'build_base': '/home/cody/ws_moveit/build/robot_arm_2025_control', 'catkin_cmake_args': None, 'catkin_skip_building_tests': False, 'cmake_args': None, 'cmake_clean_cache': False, 'cmake_clean_first': False, 'cmake_force_configure': False, 'cmake_target': None, 'cmake_target_skip_unavailable': False, 'install_base': '/home/cody/ws_moveit/install/robot_arm_2025_control', 'merge_install': False, 'path': '/home/cody/ws_moveit/src/robot_arm_2025_control', 'symlink_install': True, 'test_result_base': None}
[0.502s] Level 5:colcon.colcon_core.verb:set package 'robot_arm_2025_config' build argument 'cmake_args' from command line to 'None'
[0.502s] Level 5:colcon.colcon_core.verb:set package 'robot_arm_2025_config' build argument 'cmake_target' from command line to 'None'
[0.503s] Level 5:colcon.colcon_core.verb:set package 'robot_arm_2025_config' build argument 'cmake_target_skip_unavailable' from command line to 'False'
[0.503s] Level 5:colcon.colcon_core.verb:set package 'robot_arm_2025_config' build argument 'cmake_clean_cache' from command line to 'False'
[0.503s] Level 5:colcon.colcon_core.verb:set package 'robot_arm_2025_config' build argument 'cmake_clean_first' from command line to 'False'
[0.503s] Level 5:colcon.colcon_core.verb:set package 'robot_arm_2025_config' build argument 'cmake_force_configure' from command line to 'False'
[0.503s] Level 5:colcon.colcon_core.verb:set package 'robot_arm_2025_config' build argument 'ament_cmake_args' from command line to 'None'
[0.503s] Level 5:colcon.colcon_core.verb:set package 'robot_arm_2025_config' build argument 'catkin_cmake_args' from command line to 'None'
[0.503s] Level 5:colcon.colcon_core.verb:set package 'robot_arm_2025_config' build argument 'catkin_skip_building_tests' from command line to 'False'
[0.503s] DEBUG:colcon.colcon_core.verb:Building package 'robot_arm_2025_config' with the following arguments: {'ament_cmake_args': None, 'build_base': '/home/cody/ws_moveit/build/robot_arm_2025_config', 'catkin_cmake_args': None, 'catkin_skip_building_tests': False, 'cmake_args': None, 'cmake_clean_cache': False, 'cmake_clean_first': False, 'cmake_force_configure': False, 'cmake_target': None, 'cmake_target_skip_unavailable': False, 'install_base': '/home/cody/ws_moveit/install/robot_arm_2025_config', 'merge_install': False, 'path': '/home/cody/ws_moveit/src/robot_arm_2025_config', 'symlink_install': True, 'test_result_base': None}
[0.503s] INFO:colcon.colcon_core.executor:Executing jobs using 'parallel' executor
[0.504s] DEBUG:colcon.colcon_parallel_executor.executor.parallel:run_until_complete
[0.504s] INFO:colcon.colcon_ros.task.ament_cmake.build:Building ROS package in '/home/cody/ws_moveit/src/robot_arm_2025' with build type 'ament_cmake'
[0.504s] INFO:colcon.colcon_cmake.task.cmake.build:Building CMake package in '/home/cody/ws_moveit/src/robot_arm_2025'
[0.507s] INFO:colcon.colcon_core.plugin_system:Skipping extension 'colcon_core.shell.bat': Not used on non-Windows systems
[0.507s] INFO:colcon.colcon_core.shell:Skip shell extension 'powershell' for command environment: Not usable outside of PowerShell
[0.507s] DEBUG:colcon.colcon_core.shell:Skip shell extension 'dsv' for command environment
[0.510s] INFO:colcon.colcon_ros.task.ament_python.build:Building ROS package in '/home/cody/ws_moveit/src/robot_arm_2025_control' with build type 'ament_python'
[0.510s] Level 1:colcon.colcon_core.shell:create_environment_hook('robot_arm_2025_control', 'ament_prefix_path')
[0.510s] INFO:colcon.colcon_core.shell:Creating environment hook '/home/cody/ws_moveit/install/robot_arm_2025_control/share/robot_arm_2025_control/hook/ament_prefix_path.ps1'
[0.512s] INFO:colcon.colcon_core.shell:Creating environment descriptor '/home/cody/ws_moveit/install/robot_arm_2025_control/share/robot_arm_2025_control/hook/ament_prefix_path.dsv'
[0.512s] INFO:colcon.colcon_core.shell:Creating environment hook '/home/cody/ws_moveit/install/robot_arm_2025_control/share/robot_arm_2025_control/hook/ament_prefix_path.sh'
[0.513s] INFO:colcon.colcon_core.shell:Skip shell extension 'powershell' for command environment: Not usable outside of PowerShell
[0.513s] DEBUG:colcon.colcon_core.shell:Skip shell extension 'dsv' for command environment
[0.518s] DEBUG:colcon.colcon_core.event_handler.log_command:Invoking command in '/home/cody/ws_moveit/build/robot_arm_2025': CMAKE_PREFIX_PATH=${CMAKE_PREFIX_PATH}:/home/cody/ws_moveit/install/robot_arm_2025_control:/opt/ros/humble /usr/bin/cmake --build /home/cody/ws_moveit/build/robot_arm_2025 -- -j20 -l20
[0.658s] INFO:colcon.colcon_core.task.python.build:Building Python package in '/home/cody/ws_moveit/src/robot_arm_2025_control'
[0.658s] INFO:colcon.colcon_core.shell:Skip shell extension 'powershell' for command environment: Not usable outside of PowerShell
[0.658s] DEBUG:colcon.colcon_core.shell:Skip shell extension 'dsv' for command environment
[0.661s] DEBUG:colcon.colcon_core.event_handler.log_command:Invoked command in '/home/cody/ws_moveit/build/robot_arm_2025' returned '0': CMAKE_PREFIX_PATH=${CMAKE_PREFIX_PATH}:/home/cody/ws_moveit/install/robot_arm_2025_control:/opt/ros/humble /usr/bin/cmake --build /home/cody/ws_moveit/build/robot_arm_2025 -- -j20 -l20
[0.667s] DEBUG:colcon.colcon_core.event_handler.log_command:Invoking command in '/home/cody/ws_moveit/build/robot_arm_2025': CMAKE_PREFIX_PATH=${CMAKE_PREFIX_PATH}:/home/cody/ws_moveit/install/robot_arm_2025_control:/opt/ros/humble /usr/bin/cmake --install /home/cody/ws_moveit/build/robot_arm_2025
[0.689s] Level 1:colcon.colcon_core.environment:create_environment_scripts_only(robot_arm_2025)
[0.689s] DEBUG:colcon.colcon_core.event_handler.log_command:Invoked command in '/home/cody/ws_moveit/build/robot_arm_2025' returned '0': CMAKE_PREFIX_PATH=${CMAKE_PREFIX_PATH}:/home/cody/ws_moveit/install/robot_arm_2025_control:/opt/ros/humble /usr/bin/cmake --install /home/cody/ws_moveit/build/robot_arm_2025
[0.693s] Level 1:colcon.colcon_core.environment:checking '/home/cody/ws_moveit/install/robot_arm_2025' for CMake module files
[0.693s] Level 1:colcon.colcon_core.environment:checking '/home/cody/ws_moveit/install/robot_arm_2025' for CMake config files
[0.694s] Level 1:colcon.colcon_core.shell:create_environment_hook('robot_arm_2025', 'cmake_prefix_path')
[0.695s] INFO:colcon.colcon_core.shell:Creating environment hook '/home/cody/ws_moveit/install/robot_arm_2025/share/robot_arm_2025/hook/cmake_prefix_path.ps1'
[0.695s] INFO:colcon.colcon_core.shell:Creating environment descriptor '/home/cody/ws_moveit/install/robot_arm_2025/share/robot_arm_2025/hook/cmake_prefix_path.dsv'
[0.695s] INFO:colcon.colcon_core.shell:Creating environment hook '/home/cody/ws_moveit/install/robot_arm_2025/share/robot_arm_2025/hook/cmake_prefix_path.sh'
[0.696s] Level 1:colcon.colcon_core.environment:checking '/home/cody/ws_moveit/install/robot_arm_2025/bin'
[0.696s] Level 1:colcon.colcon_core.environment:checking '/home/cody/ws_moveit/install/robot_arm_2025/lib/pkgconfig/robot_arm_2025.pc'
[0.696s] Level 1:colcon.colcon_core.environment:checking '/home/cody/ws_moveit/install/robot_arm_2025/lib/python3.10/site-packages'
[0.696s] Level 1:colcon.colcon_core.environment:checking '/home/cody/ws_moveit/install/robot_arm_2025/bin'
[0.696s] INFO:colcon.colcon_core.shell:Creating package script '/home/cody/ws_moveit/install/robot_arm_2025/share/robot_arm_2025/package.ps1'
[0.697s] INFO:colcon.colcon_core.shell:Creating package descriptor '/home/cody/ws_moveit/install/robot_arm_2025/share/robot_arm_2025/package.dsv'
[0.697s] INFO:colcon.colcon_core.shell:Creating package script '/home/cody/ws_moveit/install/robot_arm_2025/share/robot_arm_2025/package.sh'
[0.698s] INFO:colcon.colcon_core.shell:Creating package script '/home/cody/ws_moveit/install/robot_arm_2025/share/robot_arm_2025/package.bash'
[0.698s] INFO:colcon.colcon_core.shell:Creating package script '/home/cody/ws_moveit/install/robot_arm_2025/share/robot_arm_2025/package.zsh'
[0.699s] Level 1:colcon.colcon_core.environment:create_file_with_runtime_dependencies(/home/cody/ws_moveit/install/robot_arm_2025/share/colcon-core/packages/robot_arm_2025)
[0.699s] Level 1:colcon.colcon_core.environment:create_environment_scripts_only(robot_arm_2025)
[0.699s] Level 1:colcon.colcon_core.environment:checking '/home/cody/ws_moveit/install/robot_arm_2025' for CMake module files
[0.699s] Level 1:colcon.colcon_core.environment:checking '/home/cody/ws_moveit/install/robot_arm_2025' for CMake config files
[0.700s] Level 1:colcon.colcon_core.shell:create_environment_hook('robot_arm_2025', 'cmake_prefix_path')
[0.700s] INFO:colcon.colcon_core.shell:Creating environment hook '/home/cody/ws_moveit/install/robot_arm_2025/share/robot_arm_2025/hook/cmake_prefix_path.ps1'
[0.700s] INFO:colcon.colcon_core.shell:Creating environment descriptor '/home/cody/ws_moveit/install/robot_arm_2025/share/robot_arm_2025/hook/cmake_prefix_path.dsv'
[0.700s] INFO:colcon.colcon_core.shell:Creating environment hook '/home/cody/ws_moveit/install/robot_arm_2025/share/robot_arm_2025/hook/cmake_prefix_path.sh'
[0.700s] Level 1:colcon.colcon_core.environment:checking '/home/cody/ws_moveit/install/robot_arm_2025/bin'
[0.700s] Level 1:colcon.colcon_core.environment:checking '/home/cody/ws_moveit/install/robot_arm_2025/lib/pkgconfig/robot_arm_2025.pc'
[0.700s] Level 1:colcon.colcon_core.environment:checking '/home/cody/ws_moveit/install/robot_arm_2025/lib/python3.10/site-packages'
[0.701s] Level 1:colcon.colcon_core.environment:checking '/home/cody/ws_moveit/install/robot_arm_2025/bin'
[0.701s] INFO:colcon.colcon_core.shell:Creating package script '/home/cody/ws_moveit/install/robot_arm_2025/share/robot_arm_2025/package.ps1'
[0.701s] INFO:colcon.colcon_core.shell:Creating package descriptor '/home/cody/ws_moveit/install/robot_arm_2025/share/robot_arm_2025/package.dsv'
[0.701s] INFO:colcon.colcon_core.shell:Creating package script '/home/cody/ws_moveit/install/robot_arm_2025/share/robot_arm_2025/package.sh'
[0.701s] INFO:colcon.colcon_core.shell:Creating package script '/home/cody/ws_moveit/install/robot_arm_2025/share/robot_arm_2025/package.bash'
[0.702s] INFO:colcon.colcon_core.shell:Creating package script '/home/cody/ws_moveit/install/robot_arm_2025/share/robot_arm_2025/package.zsh'
[0.702s] Level 1:colcon.colcon_core.environment:create_file_with_runtime_dependencies(/home/cody/ws_moveit/install/robot_arm_2025/share/colcon-core/packages/robot_arm_2025)
[0.702s] INFO:colcon.colcon_ros.task.ament_cmake.build:Building ROS package in '/home/cody/ws_moveit/src/robot_arm_2025_config' with build type 'ament_cmake'
[0.702s] INFO:colcon.colcon_cmake.task.cmake.build:Building CMake package in '/home/cody/ws_moveit/src/robot_arm_2025_config'
[0.703s] INFO:colcon.colcon_core.shell:Skip shell extension 'powershell' for command environment: Not usable outside of PowerShell
[0.703s] DEBUG:colcon.colcon_core.shell:Skip shell extension 'dsv' for command environment
[0.726s] DEBUG:colcon.colcon_core.event_handler.log_command:Invoking command in '/home/cody/ws_moveit/build/robot_arm_2025_config': CMAKE_PREFIX_PATH=/home/cody/ws_moveit/install/robot_arm_2025:/home/cody/ws_moveit/install/robot_arm_2025_config:/home/cody/ws_moveit/install/robot_arm_2025_control:/opt/ros/humble /usr/bin/cmake --build /home/cody/ws_moveit/build/robot_arm_2025_config -- -j20 -l20
[0.748s] DEBUG:colcon.colcon_core.event_handler.log_command:Invoked command in '/home/cody/ws_moveit/build/robot_arm_2025_config' returned '0': CMAKE_PREFIX_PATH=/home/cody/ws_moveit/install/robot_arm_2025:/home/cody/ws_moveit/install/robot_arm_2025_config:/home/cody/ws_moveit/install/robot_arm_2025_control:/opt/ros/humble /usr/bin/cmake --build /home/cody/ws_moveit/build/robot_arm_2025_config -- -j20 -l20
[0.750s] DEBUG:colcon.colcon_core.event_handler.log_command:Invoking command in '/home/cody/ws_moveit/build/robot_arm_2025_config': CMAKE_PREFIX_PATH=/home/cody/ws_moveit/install/robot_arm_2025:/home/cody/ws_moveit/install/robot_arm_2025_config:/home/cody/ws_moveit/install/robot_arm_2025_control:/opt/ros/humble /usr/bin/cmake --install /home/cody/ws_moveit/build/robot_arm_2025_config
[0.768s] Level 1:colcon.colcon_core.environment:create_environment_scripts_only(robot_arm_2025_config)
[0.768s] DEBUG:colcon.colcon_core.event_handler.log_command:Invoked command in '/home/cody/ws_moveit/build/robot_arm_2025_config' returned '0': CMAKE_PREFIX_PATH=/home/cody/ws_moveit/install/robot_arm_2025:/home/cody/ws_moveit/install/robot_arm_2025_config:/home/cody/ws_moveit/install/robot_arm_2025_control:/opt/ros/humble /usr/bin/cmake --install /home/cody/ws_moveit/build/robot_arm_2025_config
[0.768s] Level 1:colcon.colcon_core.environment:checking '/home/cody/ws_moveit/install/robot_arm_2025_config' for CMake module files
[0.769s] Level 1:colcon.colcon_core.environment:checking '/home/cody/ws_moveit/install/robot_arm_2025_config' for CMake config files
[0.770s] Level 1:colcon.colcon_core.shell:create_environment_hook('robot_arm_2025_config', 'cmake_prefix_path')
[0.770s] INFO:colcon.colcon_core.shell:Creating environment hook '/home/cody/ws_moveit/install/robot_arm_2025_config/share/robot_arm_2025_config/hook/cmake_prefix_path.ps1'
[0.770s] INFO:colcon.colcon_core.shell:Creating environment descriptor '/home/cody/ws_moveit/install/robot_arm_2025_config/share/robot_arm_2025_config/hook/cmake_prefix_path.dsv'
[0.770s] INFO:colcon.colcon_core.shell:Creating environment hook '/home/cody/ws_moveit/install/robot_arm_2025_config/share/robot_arm_2025_config/hook/cmake_prefix_path.sh'
[0.771s] Level 1:colcon.colcon_core.environment:checking '/home/cody/ws_moveit/install/robot_arm_2025_config/bin'
[0.771s] Level 1:colcon.colcon_core.environment:checking '/home/cody/ws_moveit/install/robot_arm_2025_config/lib/pkgconfig/robot_arm_2025_config.pc'
[0.771s] Level 1:colcon.colcon_core.environment:checking '/home/cody/ws_moveit/install/robot_arm_2025_config/lib/python3.10/site-packages'
[0.771s] Level 1:colcon.colcon_core.environment:checking '/home/cody/ws_moveit/install/robot_arm_2025_config/bin'
[0.771s] INFO:colcon.colcon_core.shell:Creating package script '/home/cody/ws_moveit/install/robot_arm_2025_config/share/robot_arm_2025_config/package.ps1'
[0.772s] INFO:colcon.colcon_core.shell:Creating package descriptor '/home/cody/ws_moveit/install/robot_arm_2025_config/share/robot_arm_2025_config/package.dsv'
[0.772s] INFO:colcon.colcon_core.shell:Creating package script '/home/cody/ws_moveit/install/robot_arm_2025_config/share/robot_arm_2025_config/package.sh'
[0.772s] INFO:colcon.colcon_core.shell:Creating package script '/home/cody/ws_moveit/install/robot_arm_2025_config/share/robot_arm_2025_config/package.bash'
[0.772s] INFO:colcon.colcon_core.shell:Creating package script '/home/cody/ws_moveit/install/robot_arm_2025_config/share/robot_arm_2025_config/package.zsh'
[0.772s] Level 1:colcon.colcon_core.environment:create_file_with_runtime_dependencies(/home/cody/ws_moveit/install/robot_arm_2025_config/share/colcon-core/packages/robot_arm_2025_config)
[0.773s] Level 1:colcon.colcon_core.environment:create_environment_scripts_only(robot_arm_2025_config)
[0.773s] Level 1:colcon.colcon_core.environment:checking '/home/cody/ws_moveit/install/robot_arm_2025_config' for CMake module files
[0.773s] Level 1:colcon.colcon_core.environment:checking '/home/cody/ws_moveit/install/robot_arm_2025_config' for CMake config files
[0.773s] Level 1:colcon.colcon_core.shell:create_environment_hook('robot_arm_2025_config', 'cmake_prefix_path')
[0.773s] INFO:colcon.colcon_core.shell:Creating environment hook '/home/cody/ws_moveit/install/robot_arm_2025_config/share/robot_arm_2025_config/hook/cmake_prefix_path.ps1'
[0.773s] INFO:colcon.colcon_core.shell:Creating environment descriptor '/home/cody/ws_moveit/install/robot_arm_2025_config/share/robot_arm_2025_config/hook/cmake_prefix_path.dsv'
[0.774s] INFO:colcon.colcon_core.shell:Creating environment hook '/home/cody/ws_moveit/install/robot_arm_2025_config/share/robot_arm_2025_config/hook/cmake_prefix_path.sh'
[0.774s] Level 1:colcon.colcon_core.environment:checking '/home/cody/ws_moveit/install/robot_arm_2025_config/bin'
[0.774s] Level 1:colcon.colcon_core.environment:checking '/home/cody/ws_moveit/install/robot_arm_2025_config/lib/pkgconfig/robot_arm_2025_config.pc'
[0.774s] Level 1:colcon.colcon_core.environment:checking '/home/cody/ws_moveit/install/robot_arm_2025_config/lib/python3.10/site-packages'
[0.774s] Level 1:colcon.colcon_core.environment:checking '/home/cody/ws_moveit/install/robot_arm_2025_config/bin'
[0.774s] INFO:colcon.colcon_core.shell:Creating package script '/home/cody/ws_moveit/install/robot_arm_2025_config/share/robot_arm_2025_config/package.ps1'
[0.775s] INFO:colcon.colcon_core.shell:Creating package descriptor '/home/cody/ws_moveit/install/robot_arm_2025_config/share/robot_arm_2025_config/package.dsv'
[0.775s] INFO:colcon.colcon_core.shell:Creating package script '/home/cody/ws_moveit/install/robot_arm_2025_config/share/robot_arm_2025_config/package.sh'
[0.775s] INFO:colcon.colcon_core.shell:Creating package script '/home/cody/ws_moveit/install/robot_arm_2025_config/share/robot_arm_2025_config/package.bash'
[0.775s] INFO:colcon.colcon_core.shell:Creating package script '/home/cody/ws_moveit/install/robot_arm_2025_config/share/robot_arm_2025_config/package.zsh'
[0.776s] Level 1:colcon.colcon_core.environment:create_file_with_runtime_dependencies(/home/cody/ws_moveit/install/robot_arm_2025_config/share/colcon-core/packages/robot_arm_2025_config)
[0.948s] DEBUG:colcon.colcon_core.event_handler.log_command:Invoking command in '/home/cody/ws_moveit/build/robot_arm_2025_control': PYTHONPATH=/home/cody/ws_moveit/build/robot_arm_2025_control/prefix_override:/usr/lib/python3/dist-packages/colcon_core/task/python/colcon_distutils_commands:/home/cody/ws_moveit/install/robot_arm_2025_control/lib/python3.10/site-packages:${PYTHONPATH} /usr/bin/python3 -W ignore:setup.py install is deprecated -W ignore:easy_install command is deprecated setup.py develop --editable --build-directory /home/cody/ws_moveit/build/robot_arm_2025_control/build --no-deps symlink_data
[1.170s] Level 1:colcon.colcon_core.shell:create_environment_hook('robot_arm_2025_control', 'pythonpath_develop')
[1.170s] INFO:colcon.colcon_core.shell:Creating environment hook '/home/cody/ws_moveit/build/robot_arm_2025_control/share/robot_arm_2025_control/hook/pythonpath_develop.ps1'
[1.170s] DEBUG:colcon.colcon_core.event_handler.log_command:Invoked command in '/home/cody/ws_moveit/build/robot_arm_2025_control' returned '0': PYTHONPATH=/home/cody/ws_moveit/build/robot_arm_2025_control/prefix_override:/usr/lib/python3/dist-packages/colcon_core/task/python/colcon_distutils_commands:/home/cody/ws_moveit/install/robot_arm_2025_control/lib/python3.10/site-packages:${PYTHONPATH} /usr/bin/python3 -W ignore:setup.py install is deprecated -W ignore:easy_install command is deprecated setup.py develop --editable --build-directory /home/cody/ws_moveit/build/robot_arm_2025_control/build --no-deps symlink_data
[1.171s] INFO:colcon.colcon_core.shell:Creating environment descriptor '/home/cody/ws_moveit/build/robot_arm_2025_control/share/robot_arm_2025_control/hook/pythonpath_develop.dsv'
[1.171s] INFO:colcon.colcon_core.shell:Creating environment hook '/home/cody/ws_moveit/build/robot_arm_2025_control/share/robot_arm_2025_control/hook/pythonpath_develop.sh'
[1.171s] Level 1:colcon.colcon_core.environment:checking '/home/cody/ws_moveit/install/robot_arm_2025_control' for CMake module files
[1.172s] Level 1:colcon.colcon_core.environment:checking '/home/cody/ws_moveit/install/robot_arm_2025_control' for CMake config files
[1.173s] Level 1:colcon.colcon_core.environment:checking '/home/cody/ws_moveit/install/robot_arm_2025_control/lib'
[1.174s] Level 1:colcon.colcon_core.environment:checking '/home/cody/ws_moveit/install/robot_arm_2025_control/bin'
[1.174s] Level 1:colcon.colcon_core.environment:checking '/home/cody/ws_moveit/install/robot_arm_2025_control/lib/pkgconfig/robot_arm_2025_control.pc'
[1.174s] Level 1:colcon.colcon_core.environment:checking '/home/cody/ws_moveit/install/robot_arm_2025_control/lib/python3.10/site-packages'
[1.174s] Level 1:colcon.colcon_core.shell:create_environment_hook('robot_arm_2025_control', 'pythonpath')
[1.174s] INFO:colcon.colcon_core.shell:Creating environment hook '/home/cody/ws_moveit/install/robot_arm_2025_control/share/robot_arm_2025_control/hook/pythonpath.ps1'
[1.174s] INFO:colcon.colcon_core.shell:Creating environment descriptor '/home/cody/ws_moveit/install/robot_arm_2025_control/share/robot_arm_2025_control/hook/pythonpath.dsv'
[1.174s] INFO:colcon.colcon_core.shell:Creating environment hook '/home/cody/ws_moveit/install/robot_arm_2025_control/share/robot_arm_2025_control/hook/pythonpath.sh'
[1.175s] Level 1:colcon.colcon_core.environment:checking '/home/cody/ws_moveit/install/robot_arm_2025_control/bin'
[1.175s] Level 1:colcon.colcon_core.environment:create_environment_scripts_only(robot_arm_2025_control)
[1.175s] INFO:colcon.colcon_core.shell:Creating package script '/home/cody/ws_moveit/install/robot_arm_2025_control/share/robot_arm_2025_control/package.ps1'
[1.175s] INFO:colcon.colcon_core.shell:Creating package descriptor '/home/cody/ws_moveit/install/robot_arm_2025_control/share/robot_arm_2025_control/package.dsv'
[1.175s] INFO:colcon.colcon_core.shell:Creating package script '/home/cody/ws_moveit/install/robot_arm_2025_control/share/robot_arm_2025_control/package.sh'
[1.176s] INFO:colcon.colcon_core.shell:Creating package script '/home/cody/ws_moveit/install/robot_arm_2025_control/share/robot_arm_2025_control/package.bash'
[1.176s] INFO:colcon.colcon_core.shell:Creating package script '/home/cody/ws_moveit/install/robot_arm_2025_control/share/robot_arm_2025_control/package.zsh'
[1.176s] Level 1:colcon.colcon_core.environment:create_file_with_runtime_dependencies(/home/cody/ws_moveit/install/robot_arm_2025_control/share/colcon-core/packages/robot_arm_2025_control)
[1.176s] DEBUG:colcon.colcon_parallel_executor.executor.parallel:closing loop
[1.176s] DEBUG:colcon.colcon_parallel_executor.executor.parallel:loop closed
[1.177s] DEBUG:colcon.colcon_parallel_executor.executor.parallel:run_until_complete finished with '0'
[1.177s] DEBUG:colcon.colcon_core.event_reactor:joining thread
[1.198s] INFO:colcon.colcon_core.plugin_system:Skipping extension 'colcon_notification.desktop_notification.notify_send': Could not find 'notify-send'
[1.198s] INFO:colcon.colcon_core.plugin_system:Skipping extension 'colcon_notification.desktop_notification.terminal_notifier': Not used on non-Darwin systems
[1.198s] INFO:colcon.colcon_core.plugin_system:Skipping extension 'colcon_notification.desktop_notification.win32': Not used on non-Windows systems
[1.198s] INFO:colcon.colcon_notification.desktop_notification:Sending desktop notification using 'notify2'
[1.199s] DEBUG:colcon.colcon_notification.desktop_notification.notify2:Failed to initialize notify2: org.freedesktop.DBus.Error.FileNotFound: Failed to connect to socket /run/user/1000/bus: No such file or directory
[1.199s] DEBUG:colcon.colcon_core.event_reactor:joined thread
[1.199s] INFO:colcon.colcon_core.shell:Creating prefix script '/home/cody/ws_moveit/install/local_setup.ps1'
[1.200s] INFO:colcon.colcon_core.shell:Creating prefix util module '/home/cody/ws_moveit/install/_local_setup_util_ps1.py'
[1.200s] INFO:colcon.colcon_core.shell:Creating prefix chain script '/home/cody/ws_moveit/install/setup.ps1'
[1.201s] INFO:colcon.colcon_core.shell:Creating prefix script '/home/cody/ws_moveit/install/local_setup.sh'
[1.201s] INFO:colcon.colcon_core.shell:Creating prefix util module '/home/cody/ws_moveit/install/_local_setup_util_sh.py'
[1.202s] INFO:colcon.colcon_core.shell:Creating prefix chain script '/home/cody/ws_moveit/install/setup.sh'
[1.202s] INFO:colcon.colcon_core.shell:Creating prefix script '/home/cody/ws_moveit/install/local_setup.bash'
[1.203s] INFO:colcon.colcon_core.shell:Creating prefix chain script '/home/cody/ws_moveit/install/setup.bash'
[1.203s] INFO:colcon.colcon_core.shell:Creating prefix script '/home/cody/ws_moveit/install/local_setup.zsh'
[1.204s] INFO:colcon.colcon_core.shell:Creating prefix chain script '/home/cody/ws_moveit/install/setup.zsh'
