-- Install configuration: ""
-- Execute custom install script
-- Up-to-date symlink: /home/cody/ws_moveit/install/robot_arm_2025/share/robot_arm_2025/urdf/robot_arm_2025.urdf
-- Up-to-date symlink: /home/cody/ws_moveit/install/robot_arm_2025/share/robot_arm_2025/meshes/collision/heavy_lift_claw_subassembly_link_collision.stl
-- Up-to-date symlink: /home/cody/ws_moveit/install/robot_arm_2025/share/robot_arm_2025/meshes/collision/metal_worm_gear__configuration_default_collision.stl
-- Up-to-date symlink: /home/cody/ws_moveit/install/robot_arm_2025/share/robot_arm_2025/meshes/collision/v2_base_subassembly_link_collision.stl
-- Up-to-date symlink: /home/cody/ws_moveit/install/robot_arm_2025/share/robot_arm_2025/meshes/collision/v2_j1_subassembly_link_collision.stl
-- Up-to-date symlink: /home/cody/ws_moveit/install/robot_arm_2025/share/robot_arm_2025/meshes/collision/v2_j3_a_collision.stl
-- Up-to-date symlink: /home/cody/ws_moveit/install/robot_arm_2025/share/robot_arm_2025/meshes/collision/v2_j3_pushrod__length_0_376247_meter_collision.stl
-- Up-to-date symlink: /home/cody/ws_moveit/install/robot_arm_2025/share/robot_arm_2025/meshes/collision/v2_j4_subassembly_link_collision.stl
-- Up-to-date symlink: /home/cody/ws_moveit/install/robot_arm_2025/share/robot_arm_2025/meshes/collision/v2_j5_a_collision.stl
-- Up-to-date symlink: /home/cody/ws_moveit/install/robot_arm_2025/share/robot_arm_2025/meshes/collision/v2_limb_1_subassembly_link_collision.stl
-- Up-to-date symlink: /home/cody/ws_moveit/install/robot_arm_2025/share/robot_arm_2025/meshes/collision/v2_limb_2_subassembly_link_collision.stl
-- Up-to-date symlink: /home/cody/ws_moveit/install/robot_arm_2025/share/robot_arm_2025/meshes/collision/v2_linkage_subassembly_link_collision.stl
-- Up-to-date symlink: /home/cody/ws_moveit/install/robot_arm_2025/share/robot_arm_2025/meshes/visual/heavy_lift_claw_subassembly_link.stl
-- Up-to-date symlink: /home/cody/ws_moveit/install/robot_arm_2025/share/robot_arm_2025/meshes/visual/metal_worm_gear__configuration_default.stl
-- Up-to-date symlink: /home/cody/ws_moveit/install/robot_arm_2025/share/robot_arm_2025/meshes/visual/v2_base_subassembly_link.stl
-- Up-to-date symlink: /home/cody/ws_moveit/install/robot_arm_2025/share/robot_arm_2025/meshes/visual/v2_j1_subassembly_link.stl
-- Up-to-date symlink: /home/cody/ws_moveit/install/robot_arm_2025/share/robot_arm_2025/meshes/visual/v2_j3_a.stl
-- Up-to-date symlink: /home/cody/ws_moveit/install/robot_arm_2025/share/robot_arm_2025/meshes/visual/v2_j3_pushrod__length_0_376247_meter.stl
-- Up-to-date symlink: /home/cody/ws_moveit/install/robot_arm_2025/share/robot_arm_2025/meshes/visual/v2_j4_subassembly_link.stl
-- Up-to-date symlink: /home/cody/ws_moveit/install/robot_arm_2025/share/robot_arm_2025/meshes/visual/v2_j5_a.stl
-- Up-to-date symlink: /home/cody/ws_moveit/install/robot_arm_2025/share/robot_arm_2025/meshes/visual/v2_limb_1_subassembly_link.stl
-- Up-to-date symlink: /home/cody/ws_moveit/install/robot_arm_2025/share/robot_arm_2025/meshes/visual/v2_limb_2_subassembly_link.stl
-- Up-to-date symlink: /home/cody/ws_moveit/install/robot_arm_2025/share/robot_arm_2025/meshes/visual/v2_linkage_subassembly_link.stl
-- Up-to-date symlink: /home/cody/ws_moveit/install/robot_arm_2025/share/robot_arm_2025/launch/display.launch.py
-- Up-to-date symlink: /home/cody/ws_moveit/install/robot_arm_2025/share/ament_index/resource_index/package_run_dependencies/robot_arm_2025
-- Up-to-date symlink: /home/cody/ws_moveit/install/robot_arm_2025/share/ament_index/resource_index/parent_prefix_path/robot_arm_2025
-- Up-to-date symlink: /home/cody/ws_moveit/install/robot_arm_2025/share/robot_arm_2025/environment/ament_prefix_path.sh
-- Up-to-date symlink: /home/cody/ws_moveit/install/robot_arm_2025/share/robot_arm_2025/environment/ament_prefix_path.dsv
-- Up-to-date symlink: /home/cody/ws_moveit/install/robot_arm_2025/share/robot_arm_2025/environment/path.sh
-- Up-to-date symlink: /home/cody/ws_moveit/install/robot_arm_2025/share/robot_arm_2025/environment/path.dsv
-- Up-to-date symlink: /home/cody/ws_moveit/install/robot_arm_2025/share/robot_arm_2025/local_setup.bash
-- Up-to-date symlink: /home/cody/ws_moveit/install/robot_arm_2025/share/robot_arm_2025/local_setup.sh
-- Up-to-date symlink: /home/cody/ws_moveit/install/robot_arm_2025/share/robot_arm_2025/local_setup.zsh
-- Up-to-date symlink: /home/cody/ws_moveit/install/robot_arm_2025/share/robot_arm_2025/local_setup.dsv
-- Symlinking: /home/cody/ws_moveit/install/robot_arm_2025/share/robot_arm_2025/package.dsv
-- Up-to-date symlink: /home/cody/ws_moveit/install/robot_arm_2025/share/ament_index/resource_index/packages/robot_arm_2025
-- Up-to-date symlink: /home/cody/ws_moveit/install/robot_arm_2025/share/robot_arm_2025/cmake/robot_arm_2025Config.cmake
-- Up-to-date symlink: /home/cody/ws_moveit/install/robot_arm_2025/share/robot_arm_2025/cmake/robot_arm_2025Config-version.cmake
-- Up-to-date symlink: /home/cody/ws_moveit/install/robot_arm_2025/share/robot_arm_2025/package.xml
