[0.015s] Invoking command in '/home/cody/ws_moveit/src/build/robot_arm_2025': CMAKE_PREFIX_PATH=${CMAKE_PREFIX_PATH}:/home/cody/ws_moveit/install/robot_arm_2025_tasks:/home/cody/ws_moveit/install/robot_arm_2025_control:/opt/ros/humble /usr/bin/cmake /home/cody/ws_moveit/src/robot_arm_2025 -DAMENT_CMAKE_SYMLINK_INSTALL=1 -DCMAKE_INSTALL_PREFIX=/home/cody/ws_moveit/src/install/robot_arm_2025
[0.154s] -- The C compiler identification is GNU 11.4.0
[0.384s] -- The CXX compiler identification is GNU 11.4.0
[0.554s] -- Detecting C compiler ABI info
[0.629s] -- Detecting C compiler ABI info - done
[0.633s] -- Check for working C compiler: /usr/bin/cc - skipped
[0.634s] -- Detecting C compile features
[0.634s] -- Detecting C compile features - done
[0.637s] -- Detecting CXX compiler ABI info
[0.709s] -- Detecting CXX compiler ABI info - done
[0.713s] -- Check for working CXX compiler: /usr/bin/c++ - skipped
[0.713s] -- Detecting CXX compile features
[0.713s] -- Detecting CXX compile features - done
[0.721s] -- Found ament_cmake: 1.3.13 (/opt/ros/humble/share/ament_cmake/cmake)
[0.812s] -- Found Python3: /usr/bin/python3 (found version "3.10.12") found components: Interpreter 
[0.853s] -- Override CMake install command with custom implementation using symlinks instead of copying resources
[0.914s] -- Configuring done
[0.917s] -- Generating done
[0.918s] -- Build files have been written to: /home/cody/ws_moveit/src/build/robot_arm_2025
[0.920s] Invoked command in '/home/cody/ws_moveit/src/build/robot_arm_2025' returned '0': CMAKE_PREFIX_PATH=${CMAKE_PREFIX_PATH}:/home/cody/ws_moveit/install/robot_arm_2025_tasks:/home/cody/ws_moveit/install/robot_arm_2025_control:/opt/ros/humble /usr/bin/cmake /home/cody/ws_moveit/src/robot_arm_2025 -DAMENT_CMAKE_SYMLINK_INSTALL=1 -DCMAKE_INSTALL_PREFIX=/home/cody/ws_moveit/src/install/robot_arm_2025
[0.921s] Invoking command in '/home/cody/ws_moveit/src/build/robot_arm_2025': CMAKE_PREFIX_PATH=${CMAKE_PREFIX_PATH}:/home/cody/ws_moveit/install/robot_arm_2025_tasks:/home/cody/ws_moveit/install/robot_arm_2025_control:/opt/ros/humble /usr/bin/cmake --build /home/cody/ws_moveit/src/build/robot_arm_2025 -- -j20 -l20
[0.942s] Invoked command in '/home/cody/ws_moveit/src/build/robot_arm_2025' returned '0': CMAKE_PREFIX_PATH=${CMAKE_PREFIX_PATH}:/home/cody/ws_moveit/install/robot_arm_2025_tasks:/home/cody/ws_moveit/install/robot_arm_2025_control:/opt/ros/humble /usr/bin/cmake --build /home/cody/ws_moveit/src/build/robot_arm_2025 -- -j20 -l20
[0.948s] Invoking command in '/home/cody/ws_moveit/src/build/robot_arm_2025': CMAKE_PREFIX_PATH=${CMAKE_PREFIX_PATH}:/home/cody/ws_moveit/install/robot_arm_2025_tasks:/home/cody/ws_moveit/install/robot_arm_2025_control:/opt/ros/humble /usr/bin/cmake --install /home/cody/ws_moveit/src/build/robot_arm_2025
[0.952s] -- Install configuration: ""
[0.952s] -- Execute custom install script
[0.953s] -- Symlinking: /home/cody/ws_moveit/src/install/robot_arm_2025/share/robot_arm_2025/urdf/robot_arm_2025.urdf
[0.959s] -- Symlinking: /home/cody/ws_moveit/src/install/robot_arm_2025/share/robot_arm_2025/meshes/collision/heavy_lift_claw_subassembly_link_collision.stl
[0.964s] -- Symlinking: /home/cody/ws_moveit/src/install/robot_arm_2025/share/robot_arm_2025/meshes/collision/metal_worm_gear__configuration_default_collision.stl
[0.969s] -- Symlinking: /home/cody/ws_moveit/src/install/robot_arm_2025/share/robot_arm_2025/meshes/collision/v2_base_subassembly_link_collision.stl
[0.973s] -- Symlinking: /home/cody/ws_moveit/src/install/robot_arm_2025/share/robot_arm_2025/meshes/collision/v2_j1_subassembly_link_collision.stl
[0.977s] -- Symlinking: /home/cody/ws_moveit/src/install/robot_arm_2025/share/robot_arm_2025/meshes/collision/v2_j3_a_collision.stl
[0.981s] -- Symlinking: /home/cody/ws_moveit/src/install/robot_arm_2025/share/robot_arm_2025/meshes/collision/v2_j3_pushrod__length_0_376247_meter_collision.stl
[0.986s] -- Symlinking: /home/cody/ws_moveit/src/install/robot_arm_2025/share/robot_arm_2025/meshes/collision/v2_j4_subassembly_link_collision.stl
[0.990s] -- Symlinking: /home/cody/ws_moveit/src/install/robot_arm_2025/share/robot_arm_2025/meshes/collision/v2_j5_a_collision.stl
[0.994s] -- Symlinking: /home/cody/ws_moveit/src/install/robot_arm_2025/share/robot_arm_2025/meshes/collision/v2_limb_1_subassembly_link_collision.stl
[0.998s] -- Symlinking: /home/cody/ws_moveit/src/install/robot_arm_2025/share/robot_arm_2025/meshes/collision/v2_limb_2_subassembly_link_collision.stl
[1.003s] -- Symlinking: /home/cody/ws_moveit/src/install/robot_arm_2025/share/robot_arm_2025/meshes/collision/v2_linkage_subassembly_link_collision.stl
[1.007s] -- Symlinking: /home/cody/ws_moveit/src/install/robot_arm_2025/share/robot_arm_2025/meshes/visual/heavy_lift_claw_subassembly_link.stl
[1.012s] -- Symlinking: /home/cody/ws_moveit/src/install/robot_arm_2025/share/robot_arm_2025/meshes/visual/metal_worm_gear__configuration_default.stl
[1.016s] -- Symlinking: /home/cody/ws_moveit/src/install/robot_arm_2025/share/robot_arm_2025/meshes/visual/v2_base_subassembly_link.stl
[1.021s] -- Symlinking: /home/cody/ws_moveit/src/install/robot_arm_2025/share/robot_arm_2025/meshes/visual/v2_j1_subassembly_link.stl
[1.026s] -- Symlinking: /home/cody/ws_moveit/src/install/robot_arm_2025/share/robot_arm_2025/meshes/visual/v2_j3_a.stl
[1.031s] -- Symlinking: /home/cody/ws_moveit/src/install/robot_arm_2025/share/robot_arm_2025/meshes/visual/v2_j3_pushrod__length_0_376247_meter.stl
[1.035s] -- Symlinking: /home/cody/ws_moveit/src/install/robot_arm_2025/share/robot_arm_2025/meshes/visual/v2_j4_subassembly_link.stl
[1.040s] -- Symlinking: /home/cody/ws_moveit/src/install/robot_arm_2025/share/robot_arm_2025/meshes/visual/v2_j5_a.stl
[1.045s] -- Symlinking: /home/cody/ws_moveit/src/install/robot_arm_2025/share/robot_arm_2025/meshes/visual/v2_limb_1_subassembly_link.stl
[1.049s] -- Symlinking: /home/cody/ws_moveit/src/install/robot_arm_2025/share/robot_arm_2025/meshes/visual/v2_limb_2_subassembly_link.stl
[1.054s] -- Symlinking: /home/cody/ws_moveit/src/install/robot_arm_2025/share/robot_arm_2025/meshes/visual/v2_linkage_subassembly_link.stl
[1.059s] -- Symlinking: /home/cody/ws_moveit/src/install/robot_arm_2025/share/robot_arm_2025/launch/display.launch.py
[1.064s] -- Symlinking: /home/cody/ws_moveit/src/install/robot_arm_2025/share/ament_index/resource_index/package_run_dependencies/robot_arm_2025
[1.068s] -- Symlinking: /home/cody/ws_moveit/src/install/robot_arm_2025/share/ament_index/resource_index/parent_prefix_path/robot_arm_2025
[1.073s] -- Symlinking: /home/cody/ws_moveit/src/install/robot_arm_2025/share/robot_arm_2025/environment/ament_prefix_path.sh
[1.077s] -- Symlinking: /home/cody/ws_moveit/src/install/robot_arm_2025/share/robot_arm_2025/environment/ament_prefix_path.dsv
[1.081s] -- Symlinking: /home/cody/ws_moveit/src/install/robot_arm_2025/share/robot_arm_2025/environment/path.sh
[1.086s] -- Symlinking: /home/cody/ws_moveit/src/install/robot_arm_2025/share/robot_arm_2025/environment/path.dsv
[1.091s] -- Symlinking: /home/cody/ws_moveit/src/install/robot_arm_2025/share/robot_arm_2025/local_setup.bash
[1.095s] -- Symlinking: /home/cody/ws_moveit/src/install/robot_arm_2025/share/robot_arm_2025/local_setup.sh
[1.100s] -- Symlinking: /home/cody/ws_moveit/src/install/robot_arm_2025/share/robot_arm_2025/local_setup.zsh
[1.105s] -- Symlinking: /home/cody/ws_moveit/src/install/robot_arm_2025/share/robot_arm_2025/local_setup.dsv
[1.110s] -- Symlinking: /home/cody/ws_moveit/src/install/robot_arm_2025/share/robot_arm_2025/package.dsv
[1.115s] -- Symlinking: /home/cody/ws_moveit/src/install/robot_arm_2025/share/ament_index/resource_index/packages/robot_arm_2025
[1.120s] -- Symlinking: /home/cody/ws_moveit/src/install/robot_arm_2025/share/robot_arm_2025/cmake/robot_arm_2025Config.cmake
[1.124s] -- Symlinking: /home/cody/ws_moveit/src/install/robot_arm_2025/share/robot_arm_2025/cmake/robot_arm_2025Config-version.cmake
[1.128s] -- Symlinking: /home/cody/ws_moveit/src/install/robot_arm_2025/share/robot_arm_2025/package.xml
[1.134s] Invoked command in '/home/cody/ws_moveit/src/build/robot_arm_2025' returned '0': CMAKE_PREFIX_PATH=${CMAKE_PREFIX_PATH}:/home/cody/ws_moveit/install/robot_arm_2025_tasks:/home/cody/ws_moveit/install/robot_arm_2025_control:/opt/ros/humble /usr/bin/cmake --install /home/cody/ws_moveit/src/build/robot_arm_2025
