[0.365s] Invoking command in '/home/cody/ws_moveit/build/robot_arm_2025_tasks': PYTHONPATH=/home/cody/ws_moveit/build/robot_arm_2025_tasks/prefix_override:/usr/lib/python3/dist-packages/colcon_core/task/python/colcon_distutils_commands:/home/cody/ws_moveit/install/robot_arm_2025_tasks/lib/python3.10/site-packages:${PYTHONPATH} /usr/bin/python3 -W ignore:setup.py install is deprecated -W ignore:easy_install command is deprecated setup.py develop --uninstall --editable --build-directory /home/cody/ws_moveit/build/robot_arm_2025_tasks/build
[0.506s] running develop
[0.582s] Removing /home/cody/ws_moveit/install/robot_arm_2025_tasks/lib/python3.10/site-packages/robot-arm-2025-tasks.egg-link (link to .)
[0.600s] Invoked command in '/home/cody/ws_moveit/build/robot_arm_2025_tasks' returned '0': PYTHONPATH=/home/cody/ws_moveit/build/robot_arm_2025_tasks/prefix_override:/usr/lib/python3/dist-packages/colcon_core/task/python/colcon_distutils_commands:/home/cody/ws_moveit/install/robot_arm_2025_tasks/lib/python3.10/site-packages:${PYTHONPATH} /usr/bin/python3 -W ignore:setup.py install is deprecated -W ignore:easy_install command is deprecated setup.py develop --uninstall --editable --build-directory /home/cody/ws_moveit/build/robot_arm_2025_tasks/build
[0.601s] Invoking command in '/home/cody/ws_moveit/src/robot_arm_2025_tasks': PYTHONPATH=/home/cody/ws_moveit/build/robot_arm_2025_tasks/prefix_override:/usr/lib/python3/dist-packages/colcon_core/task/python/colcon_distutils_commands:/home/cody/ws_moveit/install/robot_arm_2025_tasks/lib/python3.10/site-packages:${PYTHONPATH} /usr/bin/python3 -W ignore:setup.py install is deprecated -W ignore:easy_install command is deprecated setup.py egg_info --egg-base ../../build/robot_arm_2025_tasks build --build-base /home/cody/ws_moveit/build/robot_arm_2025_tasks/build install --record /home/cody/ws_moveit/build/robot_arm_2025_tasks/install.log --single-version-externally-managed install_data --force
[0.728s] running egg_info
[0.728s] writing ../../build/robot_arm_2025_tasks/robot_arm_2025_tasks.egg-info/PKG-INFO
[0.729s] writing dependency_links to ../../build/robot_arm_2025_tasks/robot_arm_2025_tasks.egg-info/dependency_links.txt
[0.729s] writing entry points to ../../build/robot_arm_2025_tasks/robot_arm_2025_tasks.egg-info/entry_points.txt
[0.729s] writing requirements to ../../build/robot_arm_2025_tasks/robot_arm_2025_tasks.egg-info/requires.txt
[0.729s] writing top-level names to ../../build/robot_arm_2025_tasks/robot_arm_2025_tasks.egg-info/top_level.txt
[0.733s] reading manifest file '../../build/robot_arm_2025_tasks/robot_arm_2025_tasks.egg-info/SOURCES.txt'
[0.734s] writing manifest file '../../build/robot_arm_2025_tasks/robot_arm_2025_tasks.egg-info/SOURCES.txt'
[0.734s] running build
[0.734s] running build_py
[0.734s] copying robot_arm_2025_tasks/typing_node.py -> /home/cody/ws_moveit/build/robot_arm_2025_tasks/build/lib/robot_arm_2025_tasks
[0.735s] running install
[0.735s] running install_lib
[0.736s] creating /home/cody/ws_moveit/install/robot_arm_2025_tasks/lib/python3.10/site-packages/robot_arm_2025_tasks
[0.736s] copying /home/cody/ws_moveit/build/robot_arm_2025_tasks/build/lib/robot_arm_2025_tasks/keyboard_geometry.py -> /home/cody/ws_moveit/install/robot_arm_2025_tasks/lib/python3.10/site-packages/robot_arm_2025_tasks
[0.736s] copying /home/cody/ws_moveit/build/robot_arm_2025_tasks/build/lib/robot_arm_2025_tasks/__init__.py -> /home/cody/ws_moveit/install/robot_arm_2025_tasks/lib/python3.10/site-packages/robot_arm_2025_tasks
[0.737s] copying /home/cody/ws_moveit/build/robot_arm_2025_tasks/build/lib/robot_arm_2025_tasks/key_map.py -> /home/cody/ws_moveit/install/robot_arm_2025_tasks/lib/python3.10/site-packages/robot_arm_2025_tasks
[0.737s] copying /home/cody/ws_moveit/build/robot_arm_2025_tasks/build/lib/robot_arm_2025_tasks/typing_node.py -> /home/cody/ws_moveit/install/robot_arm_2025_tasks/lib/python3.10/site-packages/robot_arm_2025_tasks
[0.737s] byte-compiling /home/cody/ws_moveit/install/robot_arm_2025_tasks/lib/python3.10/site-packages/robot_arm_2025_tasks/keyboard_geometry.py to keyboard_geometry.cpython-310.pyc
[0.738s] byte-compiling /home/cody/ws_moveit/install/robot_arm_2025_tasks/lib/python3.10/site-packages/robot_arm_2025_tasks/__init__.py to __init__.cpython-310.pyc
[0.738s] byte-compiling /home/cody/ws_moveit/install/robot_arm_2025_tasks/lib/python3.10/site-packages/robot_arm_2025_tasks/key_map.py to key_map.cpython-310.pyc
[0.738s] byte-compiling /home/cody/ws_moveit/install/robot_arm_2025_tasks/lib/python3.10/site-packages/robot_arm_2025_tasks/typing_node.py to typing_node.cpython-310.pyc
[0.739s] running install_data
[0.739s] copying resource/robot_arm_2025_tasks -> /home/cody/ws_moveit/install/robot_arm_2025_tasks/share/ament_index/resource_index/packages
[0.739s] copying package.xml -> /home/cody/ws_moveit/install/robot_arm_2025_tasks/share/robot_arm_2025_tasks
[0.739s] running install_egg_info
[0.740s] Copying ../../build/robot_arm_2025_tasks/robot_arm_2025_tasks.egg-info to /home/cody/ws_moveit/install/robot_arm_2025_tasks/lib/python3.10/site-packages/robot_arm_2025_tasks-0.0.0-py3.10.egg-info
[0.742s] running install_scripts
[0.755s] Installing typing_node script to /home/cody/ws_moveit/install/robot_arm_2025_tasks/lib/robot_arm_2025_tasks
[0.755s] writing list of installed files to '/home/cody/ws_moveit/build/robot_arm_2025_tasks/install.log'
[0.770s] Invoked command in '/home/cody/ws_moveit/src/robot_arm_2025_tasks' returned '0': PYTHONPATH=/home/cody/ws_moveit/build/robot_arm_2025_tasks/prefix_override:/usr/lib/python3/dist-packages/colcon_core/task/python/colcon_distutils_commands:/home/cody/ws_moveit/install/robot_arm_2025_tasks/lib/python3.10/site-packages:${PYTHONPATH} /usr/bin/python3 -W ignore:setup.py install is deprecated -W ignore:easy_install command is deprecated setup.py egg_info --egg-base ../../build/robot_arm_2025_tasks build --build-base /home/cody/ws_moveit/build/robot_arm_2025_tasks/build install --record /home/cody/ws_moveit/build/robot_arm_2025_tasks/install.log --single-version-externally-managed install_data --force
