running develop
Removing /home/cody/ws_moveit/install/robot_arm_2025_tasks/lib/python3.10/site-packages/robot-arm-2025-tasks.egg-link (link to .)
running egg_info
writing ../../build/robot_arm_2025_tasks/robot_arm_2025_tasks.egg-info/PKG-INFO
writing dependency_links to ../../build/robot_arm_2025_tasks/robot_arm_2025_tasks.egg-info/dependency_links.txt
writing entry points to ../../build/robot_arm_2025_tasks/robot_arm_2025_tasks.egg-info/entry_points.txt
writing requirements to ../../build/robot_arm_2025_tasks/robot_arm_2025_tasks.egg-info/requires.txt
writing top-level names to ../../build/robot_arm_2025_tasks/robot_arm_2025_tasks.egg-info/top_level.txt
reading manifest file '../../build/robot_arm_2025_tasks/robot_arm_2025_tasks.egg-info/SOURCES.txt'
writing manifest file '../../build/robot_arm_2025_tasks/robot_arm_2025_tasks.egg-info/SOURCES.txt'
running build
running build_py
creating /home/cody/ws_moveit/build/robot_arm_2025_tasks/build
creating /home/cody/ws_moveit/build/robot_arm_2025_tasks/build/lib
creating /home/cody/ws_moveit/build/robot_arm_2025_tasks/build/lib/robot_arm_2025_tasks
copying robot_arm_2025_tasks/keyboard_geometry.py -> /home/cody/ws_moveit/build/robot_arm_2025_tasks/build/lib/robot_arm_2025_tasks
copying robot_arm_2025_tasks/__init__.py -> /home/cody/ws_moveit/build/robot_arm_2025_tasks/build/lib/robot_arm_2025_tasks
copying robot_arm_2025_tasks/key_map.py -> /home/cody/ws_moveit/build/robot_arm_2025_tasks/build/lib/robot_arm_2025_tasks
copying robot_arm_2025_tasks/typing_node.py -> /home/cody/ws_moveit/build/robot_arm_2025_tasks/build/lib/robot_arm_2025_tasks
running install
running install_lib
creating /home/cody/ws_moveit/install/robot_arm_2025_tasks/lib/python3.10/site-packages/robot_arm_2025_tasks
copying /home/cody/ws_moveit/build/robot_arm_2025_tasks/build/lib/robot_arm_2025_tasks/keyboard_geometry.py -> /home/cody/ws_moveit/install/robot_arm_2025_tasks/lib/python3.10/site-packages/robot_arm_2025_tasks
copying /home/cody/ws_moveit/build/robot_arm_2025_tasks/build/lib/robot_arm_2025_tasks/__init__.py -> /home/cody/ws_moveit/install/robot_arm_2025_tasks/lib/python3.10/site-packages/robot_arm_2025_tasks
copying /home/cody/ws_moveit/build/robot_arm_2025_tasks/build/lib/robot_arm_2025_tasks/key_map.py -> /home/cody/ws_moveit/install/robot_arm_2025_tasks/lib/python3.10/site-packages/robot_arm_2025_tasks
copying /home/cody/ws_moveit/build/robot_arm_2025_tasks/build/lib/robot_arm_2025_tasks/typing_node.py -> /home/cody/ws_moveit/install/robot_arm_2025_tasks/lib/python3.10/site-packages/robot_arm_2025_tasks
byte-compiling /home/cody/ws_moveit/install/robot_arm_2025_tasks/lib/python3.10/site-packages/robot_arm_2025_tasks/keyboard_geometry.py to keyboard_geometry.cpython-310.pyc
byte-compiling /home/cody/ws_moveit/install/robot_arm_2025_tasks/lib/python3.10/site-packages/robot_arm_2025_tasks/__init__.py to __init__.cpython-310.pyc
byte-compiling /home/cody/ws_moveit/install/robot_arm_2025_tasks/lib/python3.10/site-packages/robot_arm_2025_tasks/key_map.py to key_map.cpython-310.pyc
byte-compiling /home/cody/ws_moveit/install/robot_arm_2025_tasks/lib/python3.10/site-packages/robot_arm_2025_tasks/typing_node.py to typing_node.cpython-310.pyc
running install_data
copying resource/robot_arm_2025_tasks -> /home/cody/ws_moveit/install/robot_arm_2025_tasks/share/ament_index/resource_index/packages
copying package.xml -> /home/cody/ws_moveit/install/robot_arm_2025_tasks/share/robot_arm_2025_tasks
running install_egg_info
Copying ../../build/robot_arm_2025_tasks/robot_arm_2025_tasks.egg-info to /home/cody/ws_moveit/install/robot_arm_2025_tasks/lib/python3.10/site-packages/robot_arm_2025_tasks-0.0.0-py3.10.egg-info
running install_scripts
Installing typing_node script to /home/cody/ws_moveit/install/robot_arm_2025_tasks/lib/robot_arm_2025_tasks
writing list of installed files to '/home/cody/ws_moveit/build/robot_arm_2025_tasks/install.log'
