[0.193s] DEBUG:colcon:Command line arguments: ['/usr/bin/colcon', 'build', '--symlink-install']
[0.193s] DEBUG:colcon:Parsed command line arguments: Namespace(log_base=None, log_level=None, verb_name='build', build_base='build', install_base='install', merge_install=False, symlink_install=True, test_result_base=None, continue_on_error=False, executor='parallel', parallel_workers=20, event_handlers=None, ignore_user_meta=False, metas=['./colcon.meta'], base_paths=['.'], packages_ignore=None, packages_ignore_regex=None, paths=None, packages_up_to=None, packages_up_to_regex=None, packages_above=None, packages_above_and_dependencies=None, packages_above_depth=None, packages_select_by_dep=None, packages_skip_by_dep=None, packages_skip_up_to=None, packages_select_build_failed=False, packages_skip_build_finished=False, packages_select_test_failures=False, packages_skip_test_passed=False, packages_select=None, packages_skip=None, packages_select_regex=None, packages_skip_regex=None, packages_start=None, packages_end=None, allow_overriding=[], cmake_args=None, cmake_target=None, cmake_target_skip_unavailable=False, cmake_clean_cache=False, cmake_clean_first=False, cmake_force_configure=False, ament_cmake_args=None, catkin_cmake_args=None, catkin_skip_building_tests=False, mixin_files=None, mixin=None, verb_parser=<colcon_mixin.mixin.mixin_argument.MixinArgumentDecorator object at 0x752dd32ee260>, verb_extension=<colcon_core.verb.build.BuildVerb object at 0x752dd34c6f50>, main=<bound method BuildVerb.main of <colcon_core.verb.build.BuildVerb object at 0x752dd34c6f50>>, mixin_verb=('build',))
[0.398s] Level 1:colcon.colcon_core.package_discovery:discover_packages(colcon_meta) check parameters
[0.398s] Level 1:colcon.colcon_core.package_discovery:discover_packages(recursive) check parameters
[0.398s] Level 1:colcon.colcon_core.package_discovery:discover_packages(ignore) check parameters
[0.398s] Level 1:colcon.colcon_core.package_discovery:discover_packages(path) check parameters
[0.398s] Level 1:colcon.colcon_core.package_discovery:discover_packages(colcon_meta) discover
[0.398s] Level 1:colcon.colcon_core.package_discovery:discover_packages(recursive) discover
[0.398s] INFO:colcon.colcon_core.package_discovery:Crawling recursively for packages in '/home/cody/ws_moveit'
[0.398s] Level 1:colcon.colcon_core.package_identification:_identify(.) by extensions ['ignore', 'ignore_ament_install']
[0.398s] Level 1:colcon.colcon_core.package_identification:_identify(.) by extension 'ignore'
[0.398s] Level 1:colcon.colcon_core.package_identification:_identify(.) by extension 'ignore_ament_install'
[0.398s] Level 1:colcon.colcon_core.package_identification:_identify(.) by extensions ['colcon_pkg']
[0.398s] Level 1:colcon.colcon_core.package_identification:_identify(.) by extension 'colcon_pkg'
[0.398s] Level 1:colcon.colcon_core.package_identification:_identify(.) by extensions ['colcon_meta']
[0.398s] Level 1:colcon.colcon_core.package_identification:_identify(.) by extension 'colcon_meta'
[0.398s] Level 1:colcon.colcon_core.package_identification:_identify(.) by extensions ['ros']
[0.398s] Level 1:colcon.colcon_core.package_identification:_identify(.) by extension 'ros'
[0.411s] Level 1:colcon.colcon_core.package_identification:_identify(.) by extensions ['cmake', 'python']
[0.411s] Level 1:colcon.colcon_core.package_identification:_identify(.) by extension 'cmake'
[0.411s] Level 1:colcon.colcon_core.package_identification:_identify(.) by extension 'python'
[0.411s] Level 1:colcon.colcon_core.package_identification:_identify(.) by extensions ['python_setup_py']
[0.411s] Level 1:colcon.colcon_core.package_identification:_identify(.) by extension 'python_setup_py'
[0.411s] Level 1:colcon.colcon_core.package_identification:_identify(build) by extensions ['ignore', 'ignore_ament_install']
[0.411s] Level 1:colcon.colcon_core.package_identification:_identify(build) by extension 'ignore'
[0.411s] Level 1:colcon.colcon_core.package_identification:_identify(build) ignored
[0.412s] Level 1:colcon.colcon_core.package_identification:_identify(install) by extensions ['ignore', 'ignore_ament_install']
[0.412s] Level 1:colcon.colcon_core.package_identification:_identify(install) by extension 'ignore'
[0.412s] Level 1:colcon.colcon_core.package_identification:_identify(install) ignored
[0.412s] Level 1:colcon.colcon_core.package_identification:_identify(log) by extensions ['ignore', 'ignore_ament_install']
[0.412s] Level 1:colcon.colcon_core.package_identification:_identify(log) by extension 'ignore'
[0.412s] Level 1:colcon.colcon_core.package_identification:_identify(log) ignored
[0.412s] Level 1:colcon.colcon_core.package_identification:_identify(src) by extensions ['ignore', 'ignore_ament_install']
[0.412s] Level 1:colcon.colcon_core.package_identification:_identify(src) by extension 'ignore'
[0.412s] Level 1:colcon.colcon_core.package_identification:_identify(src) by extension 'ignore_ament_install'
[0.412s] Level 1:colcon.colcon_core.package_identification:_identify(src) by extensions ['colcon_pkg']
[0.412s] Level 1:colcon.colcon_core.package_identification:_identify(src) by extension 'colcon_pkg'
[0.412s] Level 1:colcon.colcon_core.package_identification:_identify(src) by extensions ['colcon_meta']
[0.412s] Level 1:colcon.colcon_core.package_identification:_identify(src) by extension 'colcon_meta'
[0.412s] Level 1:colcon.colcon_core.package_identification:_identify(src) by extensions ['ros']
[0.412s] Level 1:colcon.colcon_core.package_identification:_identify(src) by extension 'ros'
[0.412s] Level 1:colcon.colcon_core.package_identification:_identify(src) by extensions ['cmake', 'python']
[0.412s] Level 1:colcon.colcon_core.package_identification:_identify(src) by extension 'cmake'
[0.412s] Level 1:colcon.colcon_core.package_identification:_identify(src) by extension 'python'
[0.412s] Level 1:colcon.colcon_core.package_identification:_identify(src) by extensions ['python_setup_py']
[0.412s] Level 1:colcon.colcon_core.package_identification:_identify(src) by extension 'python_setup_py'
[0.413s] Level 1:colcon.colcon_core.package_identification:_identify(src/robot_arm_2025) by extensions ['ignore', 'ignore_ament_install']
[0.413s] Level 1:colcon.colcon_core.package_identification:_identify(src/robot_arm_2025) by extension 'ignore'
[0.413s] Level 1:colcon.colcon_core.package_identification:_identify(src/robot_arm_2025) by extension 'ignore_ament_install'
[0.413s] Level 1:colcon.colcon_core.package_identification:_identify(src/robot_arm_2025) by extensions ['colcon_pkg']
[0.413s] Level 1:colcon.colcon_core.package_identification:_identify(src/robot_arm_2025) by extension 'colcon_pkg'
[0.413s] Level 1:colcon.colcon_core.package_identification:_identify(src/robot_arm_2025) by extensions ['colcon_meta']
[0.413s] Level 1:colcon.colcon_core.package_identification:_identify(src/robot_arm_2025) by extension 'colcon_meta'
[0.413s] Level 1:colcon.colcon_core.package_identification:_identify(src/robot_arm_2025) by extensions ['ros']
[0.413s] Level 1:colcon.colcon_core.package_identification:_identify(src/robot_arm_2025) by extension 'ros'
[0.416s] DEBUG:colcon.colcon_core.package_identification:Package 'src/robot_arm_2025' with type 'ros.ament_cmake' and name 'robot_arm_2025'
[0.416s] Level 1:colcon.colcon_core.package_identification:_identify(src/robot_arm_2025_config) by extensions ['ignore', 'ignore_ament_install']
[0.416s] Level 1:colcon.colcon_core.package_identification:_identify(src/robot_arm_2025_config) by extension 'ignore'
[0.416s] Level 1:colcon.colcon_core.package_identification:_identify(src/robot_arm_2025_config) by extension 'ignore_ament_install'
[0.416s] Level 1:colcon.colcon_core.package_identification:_identify(src/robot_arm_2025_config) by extensions ['colcon_pkg']
[0.416s] Level 1:colcon.colcon_core.package_identification:_identify(src/robot_arm_2025_config) by extension 'colcon_pkg'
[0.416s] Level 1:colcon.colcon_core.package_identification:_identify(src/robot_arm_2025_config) by extensions ['colcon_meta']
[0.416s] Level 1:colcon.colcon_core.package_identification:_identify(src/robot_arm_2025_config) by extension 'colcon_meta'
[0.416s] Level 1:colcon.colcon_core.package_identification:_identify(src/robot_arm_2025_config) by extensions ['ros']
[0.416s] Level 1:colcon.colcon_core.package_identification:_identify(src/robot_arm_2025_config) by extension 'ros'
[0.417s] DEBUG:colcon.colcon_core.package_identification:Package 'src/robot_arm_2025_config' with type 'ros.ament_cmake' and name 'robot_arm_2025_config'
[0.417s] Level 1:colcon.colcon_core.package_identification:_identify(src/robot_arm_2025_control) by extensions ['ignore', 'ignore_ament_install']
[0.417s] Level 1:colcon.colcon_core.package_identification:_identify(src/robot_arm_2025_control) by extension 'ignore'
[0.417s] Level 1:colcon.colcon_core.package_identification:_identify(src/robot_arm_2025_control) by extension 'ignore_ament_install'
[0.417s] Level 1:colcon.colcon_core.package_identification:_identify(src/robot_arm_2025_control) by extensions ['colcon_pkg']
[0.417s] Level 1:colcon.colcon_core.package_identification:_identify(src/robot_arm_2025_control) by extension 'colcon_pkg'
[0.417s] Level 1:colcon.colcon_core.package_identification:_identify(src/robot_arm_2025_control) by extensions ['colcon_meta']
[0.417s] Level 1:colcon.colcon_core.package_identification:_identify(src/robot_arm_2025_control) by extension 'colcon_meta'
[0.417s] Level 1:colcon.colcon_core.package_identification:_identify(src/robot_arm_2025_control) by extensions ['ros']
[0.417s] Level 1:colcon.colcon_core.package_identification:_identify(src/robot_arm_2025_control) by extension 'ros'
[0.417s] DEBUG:colcon.colcon_core.package_identification:Package 'src/robot_arm_2025_control' with type 'ros.ament_python' and name 'robot_arm_2025_control'
[0.418s] Level 1:colcon.colcon_core.package_identification:_identify(src/robot_arm_2025_tasks) by extensions ['ignore', 'ignore_ament_install']
[0.418s] Level 1:colcon.colcon_core.package_identification:_identify(src/robot_arm_2025_tasks) by extension 'ignore'
[0.418s] Level 1:colcon.colcon_core.package_identification:_identify(src/robot_arm_2025_tasks) by extension 'ignore_ament_install'
[0.418s] Level 1:colcon.colcon_core.package_identification:_identify(src/robot_arm_2025_tasks) by extensions ['colcon_pkg']
[0.418s] Level 1:colcon.colcon_core.package_identification:_identify(src/robot_arm_2025_tasks) by extension 'colcon_pkg'
[0.418s] Level 1:colcon.colcon_core.package_identification:_identify(src/robot_arm_2025_tasks) by extensions ['colcon_meta']
[0.418s] Level 1:colcon.colcon_core.package_identification:_identify(src/robot_arm_2025_tasks) by extension 'colcon_meta'
[0.418s] Level 1:colcon.colcon_core.package_identification:_identify(src/robot_arm_2025_tasks) by extensions ['ros']
[0.418s] Level 1:colcon.colcon_core.package_identification:_identify(src/robot_arm_2025_tasks) by extension 'ros'
[0.418s] DEBUG:colcon.colcon_core.package_identification:Package 'src/robot_arm_2025_tasks' with type 'ros.ament_python' and name 'robot_arm_2025_tasks'
[0.418s] Level 1:colcon.colcon_core.package_discovery:discover_packages(recursive) using defaults
[0.418s] Level 1:colcon.colcon_core.package_discovery:discover_packages(ignore) discover
[0.418s] Level 1:colcon.colcon_core.package_discovery:discover_packages(ignore) using defaults
[0.418s] Level 1:colcon.colcon_core.package_discovery:discover_packages(path) discover
[0.418s] Level 1:colcon.colcon_core.package_discovery:discover_packages(path) using defaults
[0.446s] Level 1:colcon.colcon_core.package_discovery:discover_packages(prefix_path) check parameters
[0.446s] Level 1:colcon.colcon_core.package_discovery:discover_packages(prefix_path) discover
[0.449s] DEBUG:colcon.colcon_installed_package_information.package_discovery:Found 4 installed packages in /home/cody/ws_moveit/install
[0.451s] DEBUG:colcon.colcon_installed_package_information.package_discovery:Found 357 installed packages in /opt/ros/humble
[0.452s] Level 1:colcon.colcon_core.package_discovery:discover_packages(prefix_path) using defaults
[0.521s] Level 5:colcon.colcon_core.verb:set package 'robot_arm_2025' build argument 'cmake_args' from command line to 'None'
[0.521s] Level 5:colcon.colcon_core.verb:set package 'robot_arm_2025' build argument 'cmake_target' from command line to 'None'
[0.521s] Level 5:colcon.colcon_core.verb:set package 'robot_arm_2025' build argument 'cmake_target_skip_unavailable' from command line to 'False'
[0.521s] Level 5:colcon.colcon_core.verb:set package 'robot_arm_2025' build argument 'cmake_clean_cache' from command line to 'False'
[0.521s] Level 5:colcon.colcon_core.verb:set package 'robot_arm_2025' build argument 'cmake_clean_first' from command line to 'False'
[0.521s] Level 5:colcon.colcon_core.verb:set package 'robot_arm_2025' build argument 'cmake_force_configure' from command line to 'False'
[0.521s] Level 5:colcon.colcon_core.verb:set package 'robot_arm_2025' build argument 'ament_cmake_args' from command line to 'None'
[0.521s] Level 5:colcon.colcon_core.verb:set package 'robot_arm_2025' build argument 'catkin_cmake_args' from command line to 'None'
[0.521s] Level 5:colcon.colcon_core.verb:set package 'robot_arm_2025' build argument 'catkin_skip_building_tests' from command line to 'False'
[0.521s] DEBUG:colcon.colcon_core.verb:Building package 'robot_arm_2025' with the following arguments: {'ament_cmake_args': None, 'build_base': '/home/cody/ws_moveit/build/robot_arm_2025', 'catkin_cmake_args': None, 'catkin_skip_building_tests': False, 'cmake_args': None, 'cmake_clean_cache': False, 'cmake_clean_first': False, 'cmake_force_configure': False, 'cmake_target': None, 'cmake_target_skip_unavailable': False, 'install_base': '/home/cody/ws_moveit/install/robot_arm_2025', 'merge_install': False, 'path': '/home/cody/ws_moveit/src/robot_arm_2025', 'symlink_install': True, 'test_result_base': None}
[0.521s] Level 5:colcon.colcon_core.verb:set package 'robot_arm_2025_control' build argument 'cmake_args' from command line to 'None'
[0.521s] Level 5:colcon.colcon_core.verb:set package 'robot_arm_2025_control' build argument 'cmake_target' from command line to 'None'
[0.521s] Level 5:colcon.colcon_core.verb:set package 'robot_arm_2025_control' build argument 'cmake_target_skip_unavailable' from command line to 'False'
[0.521s] Level 5:colcon.colcon_core.verb:set package 'robot_arm_2025_control' build argument 'cmake_clean_cache' from command line to 'False'
[0.521s] Level 5:colcon.colcon_core.verb:set package 'robot_arm_2025_control' build argument 'cmake_clean_first' from command line to 'False'
[0.521s] Level 5:colcon.colcon_core.verb:set package 'robot_arm_2025_control' build argument 'cmake_force_configure' from command line to 'False'
[0.521s] Level 5:colcon.colcon_core.verb:set package 'robot_arm_2025_control' build argument 'ament_cmake_args' from command line to 'None'
[0.521s] Level 5:colcon.colcon_core.verb:set package 'robot_arm_2025_control' build argument 'catkin_cmake_args' from command line to 'None'
[0.521s] Level 5:colcon.colcon_core.verb:set package 'robot_arm_2025_control' build argument 'catkin_skip_building_tests' from command line to 'False'
[0.522s] DEBUG:colcon.colcon_core.verb:Building package 'robot_arm_2025_control' with the following arguments: {'ament_cmake_args': None, 'build_base': '/home/cody/ws_moveit/build/robot_arm_2025_control', 'catkin_cmake_args': None, 'catkin_skip_building_tests': False, 'cmake_args': None, 'cmake_clean_cache': False, 'cmake_clean_first': False, 'cmake_force_configure': False, 'cmake_target': None, 'cmake_target_skip_unavailable': False, 'install_base': '/home/cody/ws_moveit/install/robot_arm_2025_control', 'merge_install': False, 'path': '/home/cody/ws_moveit/src/robot_arm_2025_control', 'symlink_install': True, 'test_result_base': None}
[0.522s] Level 5:colcon.colcon_core.verb:set package 'robot_arm_2025_tasks' build argument 'cmake_args' from command line to 'None'
[0.522s] Level 5:colcon.colcon_core.verb:set package 'robot_arm_2025_tasks' build argument 'cmake_target' from command line to 'None'
[0.522s] Level 5:colcon.colcon_core.verb:set package 'robot_arm_2025_tasks' build argument 'cmake_target_skip_unavailable' from command line to 'False'
[0.522s] Level 5:colcon.colcon_core.verb:set package 'robot_arm_2025_tasks' build argument 'cmake_clean_cache' from command line to 'False'
[0.522s] Level 5:colcon.colcon_core.verb:set package 'robot_arm_2025_tasks' build argument 'cmake_clean_first' from command line to 'False'
[0.522s] Level 5:colcon.colcon_core.verb:set package 'robot_arm_2025_tasks' build argument 'cmake_force_configure' from command line to 'False'
[0.522s] Level 5:colcon.colcon_core.verb:set package 'robot_arm_2025_tasks' build argument 'ament_cmake_args' from command line to 'None'
[0.522s] Level 5:colcon.colcon_core.verb:set package 'robot_arm_2025_tasks' build argument 'catkin_cmake_args' from command line to 'None'
[0.522s] Level 5:colcon.colcon_core.verb:set package 'robot_arm_2025_tasks' build argument 'catkin_skip_building_tests' from command line to 'False'
[0.522s] DEBUG:colcon.colcon_core.verb:Building package 'robot_arm_2025_tasks' with the following arguments: {'ament_cmake_args': None, 'build_base': '/home/cody/ws_moveit/build/robot_arm_2025_tasks', 'catkin_cmake_args': None, 'catkin_skip_building_tests': False, 'cmake_args': None, 'cmake_clean_cache': False, 'cmake_clean_first': False, 'cmake_force_configure': False, 'cmake_target': None, 'cmake_target_skip_unavailable': False, 'install_base': '/home/cody/ws_moveit/install/robot_arm_2025_tasks', 'merge_install': False, 'path': '/home/cody/ws_moveit/src/robot_arm_2025_tasks', 'symlink_install': True, 'test_result_base': None}
[0.522s] Level 5:colcon.colcon_core.verb:set package 'robot_arm_2025_config' build argument 'cmake_args' from command line to 'None'
[0.522s] Level 5:colcon.colcon_core.verb:set package 'robot_arm_2025_config' build argument 'cmake_target' from command line to 'None'
[0.522s] Level 5:colcon.colcon_core.verb:set package 'robot_arm_2025_config' build argument 'cmake_target_skip_unavailable' from command line to 'False'
[0.522s] Level 5:colcon.colcon_core.verb:set package 'robot_arm_2025_config' build argument 'cmake_clean_cache' from command line to 'False'
[0.522s] Level 5:colcon.colcon_core.verb:set package 'robot_arm_2025_config' build argument 'cmake_clean_first' from command line to 'False'
[0.522s] Level 5:colcon.colcon_core.verb:set package 'robot_arm_2025_config' build argument 'cmake_force_configure' from command line to 'False'
[0.522s] Level 5:colcon.colcon_core.verb:set package 'robot_arm_2025_config' build argument 'ament_cmake_args' from command line to 'None'
[0.522s] Level 5:colcon.colcon_core.verb:set package 'robot_arm_2025_config' build argument 'catkin_cmake_args' from command line to 'None'
[0.522s] Level 5:colcon.colcon_core.verb:set package 'robot_arm_2025_config' build argument 'catkin_skip_building_tests' from command line to 'False'
[0.522s] DEBUG:colcon.colcon_core.verb:Building package 'robot_arm_2025_config' with the following arguments: {'ament_cmake_args': None, 'build_base': '/home/cody/ws_moveit/build/robot_arm_2025_config', 'catkin_cmake_args': None, 'catkin_skip_building_tests': False, 'cmake_args': None, 'cmake_clean_cache': False, 'cmake_clean_first': False, 'cmake_force_configure': False, 'cmake_target': None, 'cmake_target_skip_unavailable': False, 'install_base': '/home/cody/ws_moveit/install/robot_arm_2025_config', 'merge_install': False, 'path': '/home/cody/ws_moveit/src/robot_arm_2025_config', 'symlink_install': True, 'test_result_base': None}
[0.522s] INFO:colcon.colcon_core.executor:Executing jobs using 'parallel' executor
[0.523s] DEBUG:colcon.colcon_parallel_executor.executor.parallel:run_until_complete
[0.523s] INFO:colcon.colcon_ros.task.ament_cmake.build:Building ROS package in '/home/cody/ws_moveit/src/robot_arm_2025' with build type 'ament_cmake'
[0.523s] INFO:colcon.colcon_cmake.task.cmake.build:Building CMake package in '/home/cody/ws_moveit/src/robot_arm_2025'
[0.526s] INFO:colcon.colcon_core.plugin_system:Skipping extension 'colcon_core.shell.bat': Not used on non-Windows systems
[0.526s] INFO:colcon.colcon_core.shell:Skip shell extension 'powershell' for command environment: Not usable outside of PowerShell
[0.526s] DEBUG:colcon.colcon_core.shell:Skip shell extension 'dsv' for command environment
[0.530s] INFO:colcon.colcon_ros.task.ament_python.build:Building ROS package in '/home/cody/ws_moveit/src/robot_arm_2025_control' with build type 'ament_python'
[0.530s] Level 1:colcon.colcon_core.shell:create_environment_hook('robot_arm_2025_control', 'ament_prefix_path')
[0.530s] INFO:colcon.colcon_core.shell:Creating environment hook '/home/cody/ws_moveit/install/robot_arm_2025_control/share/robot_arm_2025_control/hook/ament_prefix_path.ps1'
[0.531s] INFO:colcon.colcon_core.shell:Creating environment descriptor '/home/cody/ws_moveit/install/robot_arm_2025_control/share/robot_arm_2025_control/hook/ament_prefix_path.dsv'
[0.531s] INFO:colcon.colcon_core.shell:Creating environment hook '/home/cody/ws_moveit/install/robot_arm_2025_control/share/robot_arm_2025_control/hook/ament_prefix_path.sh'
[0.532s] INFO:colcon.colcon_core.shell:Skip shell extension 'powershell' for command environment: Not usable outside of PowerShell
[0.532s] DEBUG:colcon.colcon_core.shell:Skip shell extension 'dsv' for command environment
[0.534s] INFO:colcon.colcon_ros.task.ament_python.build:Building ROS package in '/home/cody/ws_moveit/src/robot_arm_2025_tasks' with build type 'ament_python'
[0.534s] Level 1:colcon.colcon_core.shell:create_environment_hook('robot_arm_2025_tasks', 'ament_prefix_path')
[0.534s] INFO:colcon.colcon_core.shell:Creating environment hook '/home/cody/ws_moveit/install/robot_arm_2025_tasks/share/robot_arm_2025_tasks/hook/ament_prefix_path.ps1'
[0.534s] INFO:colcon.colcon_core.shell:Creating environment descriptor '/home/cody/ws_moveit/install/robot_arm_2025_tasks/share/robot_arm_2025_tasks/hook/ament_prefix_path.dsv'
[0.534s] INFO:colcon.colcon_core.shell:Creating environment hook '/home/cody/ws_moveit/install/robot_arm_2025_tasks/share/robot_arm_2025_tasks/hook/ament_prefix_path.sh'
[0.535s] INFO:colcon.colcon_core.shell:Skip shell extension 'powershell' for command environment: Not usable outside of PowerShell
[0.535s] DEBUG:colcon.colcon_core.shell:Skip shell extension 'dsv' for command environment
[0.541s] DEBUG:colcon.colcon_core.event_handler.log_command:Invoking command in '/home/cody/ws_moveit/build/robot_arm_2025': CMAKE_PREFIX_PATH=${CMAKE_PREFIX_PATH}:/home/cody/ws_moveit/install/robot_arm_2025_tasks:/home/cody/ws_moveit/install/robot_arm_2025_control:/opt/ros/humble /usr/bin/cmake --build /home/cody/ws_moveit/build/robot_arm_2025 -- -j20 -l20
[0.689s] INFO:colcon.colcon_core.task.python.build:Building Python package in '/home/cody/ws_moveit/src/robot_arm_2025_control'
[0.689s] INFO:colcon.colcon_core.shell:Skip shell extension 'powershell' for command environment: Not usable outside of PowerShell
[0.689s] DEBUG:colcon.colcon_core.shell:Skip shell extension 'dsv' for command environment
[0.816s] INFO:colcon.colcon_core.task.python.build:Building Python package in '/home/cody/ws_moveit/src/robot_arm_2025_tasks'
[0.816s] INFO:colcon.colcon_core.shell:Skip shell extension 'powershell' for command environment: Not usable outside of PowerShell
[0.816s] DEBUG:colcon.colcon_core.shell:Skip shell extension 'dsv' for command environment
[0.818s] DEBUG:colcon.colcon_core.event_handler.log_command:Invoked command in '/home/cody/ws_moveit/build/robot_arm_2025' returned '0': CMAKE_PREFIX_PATH=${CMAKE_PREFIX_PATH}:/home/cody/ws_moveit/install/robot_arm_2025_tasks:/home/cody/ws_moveit/install/robot_arm_2025_control:/opt/ros/humble /usr/bin/cmake --build /home/cody/ws_moveit/build/robot_arm_2025 -- -j20 -l20
[0.825s] DEBUG:colcon.colcon_core.event_handler.log_command:Invoking command in '/home/cody/ws_moveit/build/robot_arm_2025': CMAKE_PREFIX_PATH=${CMAKE_PREFIX_PATH}:/home/cody/ws_moveit/install/robot_arm_2025_tasks:/home/cody/ws_moveit/install/robot_arm_2025_control:/opt/ros/humble /usr/bin/cmake --install /home/cody/ws_moveit/build/robot_arm_2025
[0.852s] Level 1:colcon.colcon_core.environment:create_environment_scripts_only(robot_arm_2025)
[0.853s] DEBUG:colcon.colcon_core.event_handler.log_command:Invoked command in '/home/cody/ws_moveit/build/robot_arm_2025' returned '0': CMAKE_PREFIX_PATH=${CMAKE_PREFIX_PATH}:/home/cody/ws_moveit/install/robot_arm_2025_tasks:/home/cody/ws_moveit/install/robot_arm_2025_control:/opt/ros/humble /usr/bin/cmake --install /home/cody/ws_moveit/build/robot_arm_2025
[0.857s] Level 1:colcon.colcon_core.environment:checking '/home/cody/ws_moveit/install/robot_arm_2025' for CMake module files
[0.857s] Level 1:colcon.colcon_core.environment:checking '/home/cody/ws_moveit/install/robot_arm_2025' for CMake config files
[0.859s] Level 1:colcon.colcon_core.shell:create_environment_hook('robot_arm_2025', 'cmake_prefix_path')
[0.859s] INFO:colcon.colcon_core.shell:Creating environment hook '/home/cody/ws_moveit/install/robot_arm_2025/share/robot_arm_2025/hook/cmake_prefix_path.ps1'
[0.859s] INFO:colcon.colcon_core.shell:Creating environment descriptor '/home/cody/ws_moveit/install/robot_arm_2025/share/robot_arm_2025/hook/cmake_prefix_path.dsv'
[0.860s] INFO:colcon.colcon_core.shell:Creating environment hook '/home/cody/ws_moveit/install/robot_arm_2025/share/robot_arm_2025/hook/cmake_prefix_path.sh'
[0.860s] Level 1:colcon.colcon_core.environment:checking '/home/cody/ws_moveit/install/robot_arm_2025/bin'
[0.860s] Level 1:colcon.colcon_core.environment:checking '/home/cody/ws_moveit/install/robot_arm_2025/lib/pkgconfig/robot_arm_2025.pc'
[0.860s] Level 1:colcon.colcon_core.environment:checking '/home/cody/ws_moveit/install/robot_arm_2025/lib/python3.10/site-packages'
[0.860s] Level 1:colcon.colcon_core.environment:checking '/home/cody/ws_moveit/install/robot_arm_2025/bin'
[0.861s] INFO:colcon.colcon_core.shell:Creating package script '/home/cody/ws_moveit/install/robot_arm_2025/share/robot_arm_2025/package.ps1'
[0.861s] INFO:colcon.colcon_core.shell:Creating package descriptor '/home/cody/ws_moveit/install/robot_arm_2025/share/robot_arm_2025/package.dsv'
[0.862s] INFO:colcon.colcon_core.shell:Creating package script '/home/cody/ws_moveit/install/robot_arm_2025/share/robot_arm_2025/package.sh'
[0.862s] INFO:colcon.colcon_core.shell:Creating package script '/home/cody/ws_moveit/install/robot_arm_2025/share/robot_arm_2025/package.bash'
[0.863s] INFO:colcon.colcon_core.shell:Creating package script '/home/cody/ws_moveit/install/robot_arm_2025/share/robot_arm_2025/package.zsh'
[0.863s] Level 1:colcon.colcon_core.environment:create_file_with_runtime_dependencies(/home/cody/ws_moveit/install/robot_arm_2025/share/colcon-core/packages/robot_arm_2025)
[0.863s] Level 1:colcon.colcon_core.environment:create_environment_scripts_only(robot_arm_2025)
[0.864s] Level 1:colcon.colcon_core.environment:checking '/home/cody/ws_moveit/install/robot_arm_2025' for CMake module files
[0.864s] Level 1:colcon.colcon_core.environment:checking '/home/cody/ws_moveit/install/robot_arm_2025' for CMake config files
[0.865s] Level 1:colcon.colcon_core.shell:create_environment_hook('robot_arm_2025', 'cmake_prefix_path')
[0.865s] INFO:colcon.colcon_core.shell:Creating environment hook '/home/cody/ws_moveit/install/robot_arm_2025/share/robot_arm_2025/hook/cmake_prefix_path.ps1'
[0.865s] INFO:colcon.colcon_core.shell:Creating environment descriptor '/home/cody/ws_moveit/install/robot_arm_2025/share/robot_arm_2025/hook/cmake_prefix_path.dsv'
[0.865s] INFO:colcon.colcon_core.shell:Creating environment hook '/home/cody/ws_moveit/install/robot_arm_2025/share/robot_arm_2025/hook/cmake_prefix_path.sh'
[0.866s] Level 1:colcon.colcon_core.environment:checking '/home/cody/ws_moveit/install/robot_arm_2025/bin'
[0.866s] Level 1:colcon.colcon_core.environment:checking '/home/cody/ws_moveit/install/robot_arm_2025/lib/pkgconfig/robot_arm_2025.pc'
[0.866s] Level 1:colcon.colcon_core.environment:checking '/home/cody/ws_moveit/install/robot_arm_2025/lib/python3.10/site-packages'
[0.866s] Level 1:colcon.colcon_core.environment:checking '/home/cody/ws_moveit/install/robot_arm_2025/bin'
[0.867s] INFO:colcon.colcon_core.shell:Creating package script '/home/cody/ws_moveit/install/robot_arm_2025/share/robot_arm_2025/package.ps1'
[0.867s] INFO:colcon.colcon_core.shell:Creating package descriptor '/home/cody/ws_moveit/install/robot_arm_2025/share/robot_arm_2025/package.dsv'
[0.867s] INFO:colcon.colcon_core.shell:Creating package script '/home/cody/ws_moveit/install/robot_arm_2025/share/robot_arm_2025/package.sh'
[0.868s] INFO:colcon.colcon_core.shell:Creating package script '/home/cody/ws_moveit/install/robot_arm_2025/share/robot_arm_2025/package.bash'
[0.868s] INFO:colcon.colcon_core.shell:Creating package script '/home/cody/ws_moveit/install/robot_arm_2025/share/robot_arm_2025/package.zsh'
[0.868s] Level 1:colcon.colcon_core.environment:create_file_with_runtime_dependencies(/home/cody/ws_moveit/install/robot_arm_2025/share/colcon-core/packages/robot_arm_2025)
[0.868s] INFO:colcon.colcon_ros.task.ament_cmake.build:Building ROS package in '/home/cody/ws_moveit/src/robot_arm_2025_config' with build type 'ament_cmake'
[0.868s] INFO:colcon.colcon_cmake.task.cmake.build:Building CMake package in '/home/cody/ws_moveit/src/robot_arm_2025_config'
[0.868s] INFO:colcon.colcon_core.shell:Skip shell extension 'powershell' for command environment: Not usable outside of PowerShell
[0.868s] DEBUG:colcon.colcon_core.shell:Skip shell extension 'dsv' for command environment
[0.898s] DEBUG:colcon.colcon_core.event_handler.log_command:Invoking command in '/home/cody/ws_moveit/build/robot_arm_2025_config': CMAKE_PREFIX_PATH=/home/cody/ws_moveit/install/robot_arm_2025:/home/cody/ws_moveit/install/robot_arm_2025_config:/home/cody/ws_moveit/install/robot_arm_2025_tasks:/home/cody/ws_moveit/install/robot_arm_2025_control:/opt/ros/humble /usr/bin/cmake --build /home/cody/ws_moveit/build/robot_arm_2025_config -- -j20 -l20
[0.925s] DEBUG:colcon.colcon_core.event_handler.log_command:Invoked command in '/home/cody/ws_moveit/build/robot_arm_2025_config' returned '0': CMAKE_PREFIX_PATH=/home/cody/ws_moveit/install/robot_arm_2025:/home/cody/ws_moveit/install/robot_arm_2025_config:/home/cody/ws_moveit/install/robot_arm_2025_tasks:/home/cody/ws_moveit/install/robot_arm_2025_control:/opt/ros/humble /usr/bin/cmake --build /home/cody/ws_moveit/build/robot_arm_2025_config -- -j20 -l20
[0.927s] DEBUG:colcon.colcon_core.event_handler.log_command:Invoking command in '/home/cody/ws_moveit/build/robot_arm_2025_config': CMAKE_PREFIX_PATH=/home/cody/ws_moveit/install/robot_arm_2025:/home/cody/ws_moveit/install/robot_arm_2025_config:/home/cody/ws_moveit/install/robot_arm_2025_tasks:/home/cody/ws_moveit/install/robot_arm_2025_control:/opt/ros/humble /usr/bin/cmake --install /home/cody/ws_moveit/build/robot_arm_2025_config
[0.946s] Level 1:colcon.colcon_core.environment:create_environment_scripts_only(robot_arm_2025_config)
[0.946s] DEBUG:colcon.colcon_core.event_handler.log_command:Invoked command in '/home/cody/ws_moveit/build/robot_arm_2025_config' returned '0': CMAKE_PREFIX_PATH=/home/cody/ws_moveit/install/robot_arm_2025:/home/cody/ws_moveit/install/robot_arm_2025_config:/home/cody/ws_moveit/install/robot_arm_2025_tasks:/home/cody/ws_moveit/install/robot_arm_2025_control:/opt/ros/humble /usr/bin/cmake --install /home/cody/ws_moveit/build/robot_arm_2025_config
[0.946s] Level 1:colcon.colcon_core.environment:checking '/home/cody/ws_moveit/install/robot_arm_2025_config' for CMake module files
[0.947s] Level 1:colcon.colcon_core.environment:checking '/home/cody/ws_moveit/install/robot_arm_2025_config' for CMake config files
[0.948s] Level 1:colcon.colcon_core.shell:create_environment_hook('robot_arm_2025_config', 'cmake_prefix_path')
[0.948s] INFO:colcon.colcon_core.shell:Creating environment hook '/home/cody/ws_moveit/install/robot_arm_2025_config/share/robot_arm_2025_config/hook/cmake_prefix_path.ps1'
[0.948s] INFO:colcon.colcon_core.shell:Creating environment descriptor '/home/cody/ws_moveit/install/robot_arm_2025_config/share/robot_arm_2025_config/hook/cmake_prefix_path.dsv'
[0.948s] INFO:colcon.colcon_core.shell:Creating environment hook '/home/cody/ws_moveit/install/robot_arm_2025_config/share/robot_arm_2025_config/hook/cmake_prefix_path.sh'
[0.949s] Level 1:colcon.colcon_core.environment:checking '/home/cody/ws_moveit/install/robot_arm_2025_config/bin'
[0.949s] Level 1:colcon.colcon_core.environment:checking '/home/cody/ws_moveit/install/robot_arm_2025_config/lib/pkgconfig/robot_arm_2025_config.pc'
[0.949s] Level 1:colcon.colcon_core.environment:checking '/home/cody/ws_moveit/install/robot_arm_2025_config/lib/python3.10/site-packages'
[0.949s] Level 1:colcon.colcon_core.environment:checking '/home/cody/ws_moveit/install/robot_arm_2025_config/bin'
[0.949s] INFO:colcon.colcon_core.shell:Creating package script '/home/cody/ws_moveit/install/robot_arm_2025_config/share/robot_arm_2025_config/package.ps1'
[0.949s] INFO:colcon.colcon_core.shell:Creating package descriptor '/home/cody/ws_moveit/install/robot_arm_2025_config/share/robot_arm_2025_config/package.dsv'
[0.950s] INFO:colcon.colcon_core.shell:Creating package script '/home/cody/ws_moveit/install/robot_arm_2025_config/share/robot_arm_2025_config/package.sh'
[0.950s] INFO:colcon.colcon_core.shell:Creating package script '/home/cody/ws_moveit/install/robot_arm_2025_config/share/robot_arm_2025_config/package.bash'
[0.950s] INFO:colcon.colcon_core.shell:Creating package script '/home/cody/ws_moveit/install/robot_arm_2025_config/share/robot_arm_2025_config/package.zsh'
[0.950s] Level 1:colcon.colcon_core.environment:create_file_with_runtime_dependencies(/home/cody/ws_moveit/install/robot_arm_2025_config/share/colcon-core/packages/robot_arm_2025_config)
[0.951s] Level 1:colcon.colcon_core.environment:create_environment_scripts_only(robot_arm_2025_config)
[0.951s] Level 1:colcon.colcon_core.environment:checking '/home/cody/ws_moveit/install/robot_arm_2025_config' for CMake module files
[0.951s] Level 1:colcon.colcon_core.environment:checking '/home/cody/ws_moveit/install/robot_arm_2025_config' for CMake config files
[0.951s] Level 1:colcon.colcon_core.shell:create_environment_hook('robot_arm_2025_config', 'cmake_prefix_path')
[0.951s] INFO:colcon.colcon_core.shell:Creating environment hook '/home/cody/ws_moveit/install/robot_arm_2025_config/share/robot_arm_2025_config/hook/cmake_prefix_path.ps1'
[0.951s] INFO:colcon.colcon_core.shell:Creating environment descriptor '/home/cody/ws_moveit/install/robot_arm_2025_config/share/robot_arm_2025_config/hook/cmake_prefix_path.dsv'
[0.952s] INFO:colcon.colcon_core.shell:Creating environment hook '/home/cody/ws_moveit/install/robot_arm_2025_config/share/robot_arm_2025_config/hook/cmake_prefix_path.sh'
[0.952s] Level 1:colcon.colcon_core.environment:checking '/home/cody/ws_moveit/install/robot_arm_2025_config/bin'
[0.952s] Level 1:colcon.colcon_core.environment:checking '/home/cody/ws_moveit/install/robot_arm_2025_config/lib/pkgconfig/robot_arm_2025_config.pc'
[0.952s] Level 1:colcon.colcon_core.environment:checking '/home/cody/ws_moveit/install/robot_arm_2025_config/lib/python3.10/site-packages'
[0.952s] Level 1:colcon.colcon_core.environment:checking '/home/cody/ws_moveit/install/robot_arm_2025_config/bin'
[0.952s] INFO:colcon.colcon_core.shell:Creating package script '/home/cody/ws_moveit/install/robot_arm_2025_config/share/robot_arm_2025_config/package.ps1'
[0.953s] INFO:colcon.colcon_core.shell:Creating package descriptor '/home/cody/ws_moveit/install/robot_arm_2025_config/share/robot_arm_2025_config/package.dsv'
[0.953s] INFO:colcon.colcon_core.shell:Creating package script '/home/cody/ws_moveit/install/robot_arm_2025_config/share/robot_arm_2025_config/package.sh'
[0.953s] INFO:colcon.colcon_core.shell:Creating package script '/home/cody/ws_moveit/install/robot_arm_2025_config/share/robot_arm_2025_config/package.bash'
[0.953s] INFO:colcon.colcon_core.shell:Creating package script '/home/cody/ws_moveit/install/robot_arm_2025_config/share/robot_arm_2025_config/package.zsh'
[0.954s] Level 1:colcon.colcon_core.environment:create_file_with_runtime_dependencies(/home/cody/ws_moveit/install/robot_arm_2025_config/share/colcon-core/packages/robot_arm_2025_config)
[1.122s] DEBUG:colcon.colcon_core.task.python.build:While undoing a previous installation files outside the Python library path are being ignored: /home/cody/ws_moveit/install/robot_arm_2025_tasks/share/ament_index/resource_index/packages/robot_arm_2025_tasks
[1.122s] DEBUG:colcon.colcon_core.task.python.build:While undoing a previous installation files outside the Python library path are being ignored: /home/cody/ws_moveit/install/robot_arm_2025_tasks/share/robot_arm_2025_tasks/package.xml
[1.122s] DEBUG:colcon.colcon_core.task.python.build:While undoing a previous installation files outside the Python library path are being ignored: /home/cody/ws_moveit/install/robot_arm_2025_tasks/lib/robot_arm_2025_tasks/typing_node
[1.124s] DEBUG:colcon.colcon_core.event_handler.log_command:Invoking command in '/home/cody/ws_moveit/build/robot_arm_2025_tasks': PYTHONPATH=/home/cody/ws_moveit/build/robot_arm_2025_tasks/prefix_override:/usr/lib/python3/dist-packages/colcon_core/task/python/colcon_distutils_commands:/home/cody/ws_moveit/install/robot_arm_2025_tasks/lib/python3.10/site-packages:${PYTHONPATH} /usr/bin/python3 -W ignore:setup.py install is deprecated -W ignore:easy_install command is deprecated setup.py develop --editable --build-directory /home/cody/ws_moveit/build/robot_arm_2025_tasks/build --no-deps symlink_data --force
[1.126s] DEBUG:colcon.colcon_core.event_handler.log_command:Invoking command in '/home/cody/ws_moveit/build/robot_arm_2025_control': PYTHONPATH=/home/cody/ws_moveit/build/robot_arm_2025_control/prefix_override:/usr/lib/python3/dist-packages/colcon_core/task/python/colcon_distutils_commands:/home/cody/ws_moveit/install/robot_arm_2025_control/lib/python3.10/site-packages:${PYTHONPATH} /usr/bin/python3 -W ignore:setup.py install is deprecated -W ignore:easy_install command is deprecated setup.py develop --editable --build-directory /home/cody/ws_moveit/build/robot_arm_2025_control/build --no-deps symlink_data
[1.347s] Level 1:colcon.colcon_core.shell:create_environment_hook('robot_arm_2025_control', 'pythonpath_develop')
[1.348s] INFO:colcon.colcon_core.shell:Creating environment hook '/home/cody/ws_moveit/build/robot_arm_2025_control/share/robot_arm_2025_control/hook/pythonpath_develop.ps1'
[1.348s] DEBUG:colcon.colcon_core.event_handler.log_command:Invoked command in '/home/cody/ws_moveit/build/robot_arm_2025_control' returned '0': PYTHONPATH=/home/cody/ws_moveit/build/robot_arm_2025_control/prefix_override:/usr/lib/python3/dist-packages/colcon_core/task/python/colcon_distutils_commands:/home/cody/ws_moveit/install/robot_arm_2025_control/lib/python3.10/site-packages:${PYTHONPATH} /usr/bin/python3 -W ignore:setup.py install is deprecated -W ignore:easy_install command is deprecated setup.py develop --editable --build-directory /home/cody/ws_moveit/build/robot_arm_2025_control/build --no-deps symlink_data
[1.348s] INFO:colcon.colcon_core.shell:Creating environment descriptor '/home/cody/ws_moveit/build/robot_arm_2025_control/share/robot_arm_2025_control/hook/pythonpath_develop.dsv'
[1.349s] INFO:colcon.colcon_core.shell:Creating environment hook '/home/cody/ws_moveit/build/robot_arm_2025_control/share/robot_arm_2025_control/hook/pythonpath_develop.sh'
[1.349s] Level 1:colcon.colcon_core.environment:checking '/home/cody/ws_moveit/install/robot_arm_2025_control' for CMake module files
[1.350s] Level 1:colcon.colcon_core.environment:checking '/home/cody/ws_moveit/install/robot_arm_2025_control' for CMake config files
[1.351s] Level 1:colcon.colcon_core.environment:checking '/home/cody/ws_moveit/install/robot_arm_2025_control/lib'
[1.351s] Level 1:colcon.colcon_core.environment:checking '/home/cody/ws_moveit/install/robot_arm_2025_control/bin'
[1.351s] Level 1:colcon.colcon_core.environment:checking '/home/cody/ws_moveit/install/robot_arm_2025_control/lib/pkgconfig/robot_arm_2025_control.pc'
[1.351s] Level 1:colcon.colcon_core.environment:checking '/home/cody/ws_moveit/install/robot_arm_2025_control/lib/python3.10/site-packages'
[1.351s] Level 1:colcon.colcon_core.shell:create_environment_hook('robot_arm_2025_control', 'pythonpath')
[1.351s] INFO:colcon.colcon_core.shell:Creating environment hook '/home/cody/ws_moveit/install/robot_arm_2025_control/share/robot_arm_2025_control/hook/pythonpath.ps1'
[1.352s] INFO:colcon.colcon_core.shell:Creating environment descriptor '/home/cody/ws_moveit/install/robot_arm_2025_control/share/robot_arm_2025_control/hook/pythonpath.dsv'
[1.352s] INFO:colcon.colcon_core.shell:Creating environment hook '/home/cody/ws_moveit/install/robot_arm_2025_control/share/robot_arm_2025_control/hook/pythonpath.sh'
[1.352s] Level 1:colcon.colcon_core.environment:checking '/home/cody/ws_moveit/install/robot_arm_2025_control/bin'
[1.352s] Level 1:colcon.colcon_core.environment:create_environment_scripts_only(robot_arm_2025_control)
[1.353s] INFO:colcon.colcon_core.shell:Creating package script '/home/cody/ws_moveit/install/robot_arm_2025_control/share/robot_arm_2025_control/package.ps1'
[1.353s] INFO:colcon.colcon_core.shell:Creating package descriptor '/home/cody/ws_moveit/install/robot_arm_2025_control/share/robot_arm_2025_control/package.dsv'
[1.353s] INFO:colcon.colcon_core.shell:Creating package script '/home/cody/ws_moveit/install/robot_arm_2025_control/share/robot_arm_2025_control/package.sh'
[1.353s] INFO:colcon.colcon_core.shell:Creating package script '/home/cody/ws_moveit/install/robot_arm_2025_control/share/robot_arm_2025_control/package.bash'
[1.354s] INFO:colcon.colcon_core.shell:Creating package script '/home/cody/ws_moveit/install/robot_arm_2025_control/share/robot_arm_2025_control/package.zsh'
[1.354s] Level 1:colcon.colcon_core.environment:create_file_with_runtime_dependencies(/home/cody/ws_moveit/install/robot_arm_2025_control/share/colcon-core/packages/robot_arm_2025_control)
[1.355s] Level 1:colcon.colcon_core.shell:create_environment_hook('robot_arm_2025_tasks', 'pythonpath_develop')
[1.355s] DEBUG:colcon.colcon_core.event_handler.log_command:Invoked command in '/home/cody/ws_moveit/build/robot_arm_2025_tasks' returned '0': PYTHONPATH=/home/cody/ws_moveit/build/robot_arm_2025_tasks/prefix_override:/usr/lib/python3/dist-packages/colcon_core/task/python/colcon_distutils_commands:/home/cody/ws_moveit/install/robot_arm_2025_tasks/lib/python3.10/site-packages:${PYTHONPATH} /usr/bin/python3 -W ignore:setup.py install is deprecated -W ignore:easy_install command is deprecated setup.py develop --editable --build-directory /home/cody/ws_moveit/build/robot_arm_2025_tasks/build --no-deps symlink_data --force
[1.355s] INFO:colcon.colcon_core.shell:Creating environment hook '/home/cody/ws_moveit/build/robot_arm_2025_tasks/share/robot_arm_2025_tasks/hook/pythonpath_develop.ps1'
[1.356s] INFO:colcon.colcon_core.shell:Creating environment descriptor '/home/cody/ws_moveit/build/robot_arm_2025_tasks/share/robot_arm_2025_tasks/hook/pythonpath_develop.dsv'
[1.356s] INFO:colcon.colcon_core.shell:Creating environment hook '/home/cody/ws_moveit/build/robot_arm_2025_tasks/share/robot_arm_2025_tasks/hook/pythonpath_develop.sh'
[1.356s] Level 1:colcon.colcon_core.environment:checking '/home/cody/ws_moveit/install/robot_arm_2025_tasks' for CMake module files
[1.356s] Level 1:colcon.colcon_core.environment:checking '/home/cody/ws_moveit/install/robot_arm_2025_tasks' for CMake config files
[1.357s] Level 1:colcon.colcon_core.environment:checking '/home/cody/ws_moveit/install/robot_arm_2025_tasks/lib'
[1.358s] Level 1:colcon.colcon_core.environment:checking '/home/cody/ws_moveit/install/robot_arm_2025_tasks/bin'
[1.358s] Level 1:colcon.colcon_core.environment:checking '/home/cody/ws_moveit/install/robot_arm_2025_tasks/lib/pkgconfig/robot_arm_2025_tasks.pc'
[1.358s] Level 1:colcon.colcon_core.environment:checking '/home/cody/ws_moveit/install/robot_arm_2025_tasks/lib/python3.10/site-packages'
[1.358s] Level 1:colcon.colcon_core.shell:create_environment_hook('robot_arm_2025_tasks', 'pythonpath')
[1.358s] INFO:colcon.colcon_core.shell:Creating environment hook '/home/cody/ws_moveit/install/robot_arm_2025_tasks/share/robot_arm_2025_tasks/hook/pythonpath.ps1'
[1.358s] INFO:colcon.colcon_core.shell:Creating environment descriptor '/home/cody/ws_moveit/install/robot_arm_2025_tasks/share/robot_arm_2025_tasks/hook/pythonpath.dsv'
[1.358s] INFO:colcon.colcon_core.shell:Creating environment hook '/home/cody/ws_moveit/install/robot_arm_2025_tasks/share/robot_arm_2025_tasks/hook/pythonpath.sh'
[1.359s] Level 1:colcon.colcon_core.environment:checking '/home/cody/ws_moveit/install/robot_arm_2025_tasks/bin'
[1.359s] Level 1:colcon.colcon_core.environment:create_environment_scripts_only(robot_arm_2025_tasks)
[1.359s] INFO:colcon.colcon_core.shell:Creating package script '/home/cody/ws_moveit/install/robot_arm_2025_tasks/share/robot_arm_2025_tasks/package.ps1'
[1.359s] INFO:colcon.colcon_core.shell:Creating package descriptor '/home/cody/ws_moveit/install/robot_arm_2025_tasks/share/robot_arm_2025_tasks/package.dsv'
[1.359s] INFO:colcon.colcon_core.shell:Creating package script '/home/cody/ws_moveit/install/robot_arm_2025_tasks/share/robot_arm_2025_tasks/package.sh'
[1.360s] INFO:colcon.colcon_core.shell:Creating package script '/home/cody/ws_moveit/install/robot_arm_2025_tasks/share/robot_arm_2025_tasks/package.bash'
[1.360s] INFO:colcon.colcon_core.shell:Creating package script '/home/cody/ws_moveit/install/robot_arm_2025_tasks/share/robot_arm_2025_tasks/package.zsh'
[1.360s] Level 1:colcon.colcon_core.environment:create_file_with_runtime_dependencies(/home/cody/ws_moveit/install/robot_arm_2025_tasks/share/colcon-core/packages/robot_arm_2025_tasks)
[1.360s] DEBUG:colcon.colcon_parallel_executor.executor.parallel:closing loop
[1.361s] DEBUG:colcon.colcon_parallel_executor.executor.parallel:loop closed
[1.361s] DEBUG:colcon.colcon_parallel_executor.executor.parallel:run_until_complete finished with '0'
[1.361s] DEBUG:colcon.colcon_core.event_reactor:joining thread
[1.382s] INFO:colcon.colcon_core.plugin_system:Skipping extension 'colcon_notification.desktop_notification.notify_send': Could not find 'notify-send'
[1.383s] INFO:colcon.colcon_core.plugin_system:Skipping extension 'colcon_notification.desktop_notification.terminal_notifier': Not used on non-Darwin systems
[1.383s] INFO:colcon.colcon_core.plugin_system:Skipping extension 'colcon_notification.desktop_notification.win32': Not used on non-Windows systems
[1.383s] INFO:colcon.colcon_notification.desktop_notification:Sending desktop notification using 'notify2'
[1.383s] DEBUG:colcon.colcon_notification.desktop_notification.notify2:Failed to initialize notify2: org.freedesktop.DBus.Error.FileNotFound: Failed to connect to socket /run/user/1000/bus: No such file or directory
[1.383s] DEBUG:colcon.colcon_core.event_reactor:joined thread
[1.383s] INFO:colcon.colcon_core.shell:Creating prefix script '/home/cody/ws_moveit/install/local_setup.ps1'
[1.384s] INFO:colcon.colcon_core.shell:Creating prefix util module '/home/cody/ws_moveit/install/_local_setup_util_ps1.py'
[1.385s] INFO:colcon.colcon_core.shell:Creating prefix chain script '/home/cody/ws_moveit/install/setup.ps1'
[1.385s] INFO:colcon.colcon_core.shell:Creating prefix script '/home/cody/ws_moveit/install/local_setup.sh'
[1.386s] INFO:colcon.colcon_core.shell:Creating prefix util module '/home/cody/ws_moveit/install/_local_setup_util_sh.py'
[1.386s] INFO:colcon.colcon_core.shell:Creating prefix chain script '/home/cody/ws_moveit/install/setup.sh'
[1.386s] INFO:colcon.colcon_core.shell:Creating prefix script '/home/cody/ws_moveit/install/local_setup.bash'
[1.387s] INFO:colcon.colcon_core.shell:Creating prefix chain script '/home/cody/ws_moveit/install/setup.bash'
[1.387s] INFO:colcon.colcon_core.shell:Creating prefix script '/home/cody/ws_moveit/install/local_setup.zsh'
[1.388s] INFO:colcon.colcon_core.shell:Creating prefix chain script '/home/cody/ws_moveit/install/setup.zsh'
