[0.019s] Invoking command in '/home/cody/ws_moveit/src/build/robot_arm_2025_config': AMENT_PREFIX_PATH=/home/cody/ws_moveit/src/install/robot_arm_2025:${AMENT_PREFIX_PATH} CMAKE_PREFIX_PATH=/home/cody/ws_moveit/src/install/robot_arm_2025:/home/cody/ws_moveit/install/robot_arm_2025_config:/home/cody/ws_moveit/install/robot_arm_2025:/home/cody/ws_moveit/install/robot_arm_2025_tasks:/home/cody/ws_moveit/install/robot_arm_2025_control:/opt/ros/humble /usr/bin/cmake /home/cody/ws_moveit/src/robot_arm_2025_config -DAMENT_CMAKE_SYMLINK_INSTALL=1 -DCMAKE_INSTALL_PREFIX=/home/cody/ws_moveit/src/install/robot_arm_2025_config
[0.076s] -- The C compiler identification is GNU 11.4.0
[0.223s] -- The CXX compiler identification is GNU 11.4.0
[0.299s] -- Detecting C compiler ABI info
[0.366s] -- Detecting C compiler ABI info - done
[0.370s] -- Check for working C compiler: /usr/bin/cc - skipped
[0.370s] -- Detecting C compile features
[0.371s] -- Detecting C compile features - done
[0.372s] -- Detecting CXX compiler ABI info
[0.439s] -- Detecting CXX compiler ABI info - done
[0.443s] -- Check for working CXX compiler: /usr/bin/c++ - skipped
[0.443s] -- Detecting CXX compile features
[0.443s] -- Detecting CXX compile features - done
[0.445s] -- Found ament_cmake: 1.3.13 (/opt/ros/humble/share/ament_cmake/cmake)
[0.528s] -- Found Python3: /usr/bin/python3 (found version "3.10.12") found components: Interpreter 
[0.561s] -- Override CMake install command with custom implementation using symlinks instead of copying resources
[0.612s] -- Configuring done
[0.614s] -- Generating done
[0.615s] -- Build files have been written to: /home/cody/ws_moveit/src/build/robot_arm_2025_config
[0.618s] Invoked command in '/home/cody/ws_moveit/src/build/robot_arm_2025_config' returned '0': AMENT_PREFIX_PATH=/home/cody/ws_moveit/src/install/robot_arm_2025:${AMENT_PREFIX_PATH} CMAKE_PREFIX_PATH=/home/cody/ws_moveit/src/install/robot_arm_2025:/home/cody/ws_moveit/install/robot_arm_2025_config:/home/cody/ws_moveit/install/robot_arm_2025:/home/cody/ws_moveit/install/robot_arm_2025_tasks:/home/cody/ws_moveit/install/robot_arm_2025_control:/opt/ros/humble /usr/bin/cmake /home/cody/ws_moveit/src/robot_arm_2025_config -DAMENT_CMAKE_SYMLINK_INSTALL=1 -DCMAKE_INSTALL_PREFIX=/home/cody/ws_moveit/src/install/robot_arm_2025_config
[0.618s] Invoking command in '/home/cody/ws_moveit/src/build/robot_arm_2025_config': AMENT_PREFIX_PATH=/home/cody/ws_moveit/src/install/robot_arm_2025:${AMENT_PREFIX_PATH} CMAKE_PREFIX_PATH=/home/cody/ws_moveit/src/install/robot_arm_2025:/home/cody/ws_moveit/install/robot_arm_2025_config:/home/cody/ws_moveit/install/robot_arm_2025:/home/cody/ws_moveit/install/robot_arm_2025_tasks:/home/cody/ws_moveit/install/robot_arm_2025_control:/opt/ros/humble /usr/bin/cmake --build /home/cody/ws_moveit/src/build/robot_arm_2025_config -- -j20 -l20
[0.636s] Invoked command in '/home/cody/ws_moveit/src/build/robot_arm_2025_config' returned '0': AMENT_PREFIX_PATH=/home/cody/ws_moveit/src/install/robot_arm_2025:${AMENT_PREFIX_PATH} CMAKE_PREFIX_PATH=/home/cody/ws_moveit/src/install/robot_arm_2025:/home/cody/ws_moveit/install/robot_arm_2025_config:/home/cody/ws_moveit/install/robot_arm_2025:/home/cody/ws_moveit/install/robot_arm_2025_tasks:/home/cody/ws_moveit/install/robot_arm_2025_control:/opt/ros/humble /usr/bin/cmake --build /home/cody/ws_moveit/src/build/robot_arm_2025_config -- -j20 -l20
[0.637s] Invoking command in '/home/cody/ws_moveit/src/build/robot_arm_2025_config': AMENT_PREFIX_PATH=/home/cody/ws_moveit/src/install/robot_arm_2025:${AMENT_PREFIX_PATH} CMAKE_PREFIX_PATH=/home/cody/ws_moveit/src/install/robot_arm_2025:/home/cody/ws_moveit/install/robot_arm_2025_config:/home/cody/ws_moveit/install/robot_arm_2025:/home/cody/ws_moveit/install/robot_arm_2025_tasks:/home/cody/ws_moveit/install/robot_arm_2025_control:/opt/ros/humble /usr/bin/cmake --install /home/cody/ws_moveit/src/build/robot_arm_2025_config
[0.640s] -- Install configuration: ""
[0.640s] -- Execute custom install script
[0.641s] -- Symlinking: /home/cody/ws_moveit/src/install/robot_arm_2025_config/share/ament_index/resource_index/package_run_dependencies/robot_arm_2025_config
[0.645s] -- Symlinking: /home/cody/ws_moveit/src/install/robot_arm_2025_config/share/ament_index/resource_index/parent_prefix_path/robot_arm_2025_config
[0.650s] -- Symlinking: /home/cody/ws_moveit/src/install/robot_arm_2025_config/share/robot_arm_2025_config/environment/ament_prefix_path.sh
[0.654s] -- Symlinking: /home/cody/ws_moveit/src/install/robot_arm_2025_config/share/robot_arm_2025_config/environment/ament_prefix_path.dsv
[0.658s] -- Symlinking: /home/cody/ws_moveit/src/install/robot_arm_2025_config/share/robot_arm_2025_config/environment/path.sh
[0.662s] -- Symlinking: /home/cody/ws_moveit/src/install/robot_arm_2025_config/share/robot_arm_2025_config/environment/path.dsv
[0.666s] -- Symlinking: /home/cody/ws_moveit/src/install/robot_arm_2025_config/share/robot_arm_2025_config/local_setup.bash
[0.670s] -- Symlinking: /home/cody/ws_moveit/src/install/robot_arm_2025_config/share/robot_arm_2025_config/local_setup.sh
[0.675s] -- Symlinking: /home/cody/ws_moveit/src/install/robot_arm_2025_config/share/robot_arm_2025_config/local_setup.zsh
[0.679s] -- Symlinking: /home/cody/ws_moveit/src/install/robot_arm_2025_config/share/robot_arm_2025_config/local_setup.dsv
[0.683s] -- Symlinking: /home/cody/ws_moveit/src/install/robot_arm_2025_config/share/robot_arm_2025_config/package.dsv
[0.687s] -- Symlinking: /home/cody/ws_moveit/src/install/robot_arm_2025_config/share/ament_index/resource_index/packages/robot_arm_2025_config
[0.692s] -- Symlinking: /home/cody/ws_moveit/src/install/robot_arm_2025_config/share/robot_arm_2025_config/cmake/robot_arm_2025_configConfig.cmake
[0.696s] -- Symlinking: /home/cody/ws_moveit/src/install/robot_arm_2025_config/share/robot_arm_2025_config/cmake/robot_arm_2025_configConfig-version.cmake
[0.700s] -- Symlinking: /home/cody/ws_moveit/src/install/robot_arm_2025_config/share/robot_arm_2025_config/package.xml
[0.704s] -- Symlinking: /home/cody/ws_moveit/src/install/robot_arm_2025_config/share/robot_arm_2025_config/launch/demo.launch.py
[0.708s] -- Symlinking: /home/cody/ws_moveit/src/install/robot_arm_2025_config/share/robot_arm_2025_config/launch/move_group.launch.py
[0.712s] -- Symlinking: /home/cody/ws_moveit/src/install/robot_arm_2025_config/share/robot_arm_2025_config/launch/moveit_rviz.launch.py
[0.716s] -- Symlinking: /home/cody/ws_moveit/src/install/robot_arm_2025_config/share/robot_arm_2025_config/launch/rsp.launch.py
[0.720s] -- Symlinking: /home/cody/ws_moveit/src/install/robot_arm_2025_config/share/robot_arm_2025_config/launch/setup_assistant.launch.py
[0.724s] -- Symlinking: /home/cody/ws_moveit/src/install/robot_arm_2025_config/share/robot_arm_2025_config/launch/spawn_controllers.launch.py
[0.728s] -- Symlinking: /home/cody/ws_moveit/src/install/robot_arm_2025_config/share/robot_arm_2025_config/launch/static_virtual_joint_tfs.launch.py
[0.732s] -- Symlinking: /home/cody/ws_moveit/src/install/robot_arm_2025_config/share/robot_arm_2025_config/launch/warehouse_db.launch.py
[0.737s] -- Symlinking: /home/cody/ws_moveit/src/install/robot_arm_2025_config/share/robot_arm_2025_config/config/initial_positions.yaml
[0.741s] -- Symlinking: /home/cody/ws_moveit/src/install/robot_arm_2025_config/share/robot_arm_2025_config/config/joint_limits.yaml
[0.745s] -- Symlinking: /home/cody/ws_moveit/src/install/robot_arm_2025_config/share/robot_arm_2025_config/config/kinematics.yaml
[0.749s] -- Symlinking: /home/cody/ws_moveit/src/install/robot_arm_2025_config/share/robot_arm_2025_config/config/moveit.rviz
[0.753s] -- Symlinking: /home/cody/ws_moveit/src/install/robot_arm_2025_config/share/robot_arm_2025_config/config/moveit_controllers.yaml
[0.757s] -- Symlinking: /home/cody/ws_moveit/src/install/robot_arm_2025_config/share/robot_arm_2025_config/config/pilz_cartesian_limits.yaml
[0.761s] -- Symlinking: /home/cody/ws_moveit/src/install/robot_arm_2025_config/share/robot_arm_2025_config/config/robot_arm_2025.ros2_control.xacro
[0.766s] -- Symlinking: /home/cody/ws_moveit/src/install/robot_arm_2025_config/share/robot_arm_2025_config/config/robot_arm_2025.srdf
[0.771s] -- Symlinking: /home/cody/ws_moveit/src/install/robot_arm_2025_config/share/robot_arm_2025_config/config/robot_arm_2025.urdf.xacro
[0.776s] -- Symlinking: /home/cody/ws_moveit/src/install/robot_arm_2025_config/share/robot_arm_2025_config/config/ros2_controllers.yaml
[0.780s] -- Symlinking: /home/cody/ws_moveit/src/install/robot_arm_2025_config/share/robot_arm_2025_config/.setup_assistant
[0.786s] Invoked command in '/home/cody/ws_moveit/src/build/robot_arm_2025_config' returned '0': AMENT_PREFIX_PATH=/home/cody/ws_moveit/src/install/robot_arm_2025:${AMENT_PREFIX_PATH} CMAKE_PREFIX_PATH=/home/cody/ws_moveit/src/install/robot_arm_2025:/home/cody/ws_moveit/install/robot_arm_2025_config:/home/cody/ws_moveit/install/robot_arm_2025:/home/cody/ws_moveit/install/robot_arm_2025_tasks:/home/cody/ws_moveit/install/robot_arm_2025_control:/opt/ros/humble /usr/bin/cmake --install /home/cody/ws_moveit/src/build/robot_arm_2025_config
