[0.012s] Invoking command in '/home/cody/ws_moveit/build/robot_arm_2025': CMAKE_PREFIX_PATH=${CMAKE_PREFIX_PATH}:/home/cody/ws_moveit/install/robot_arm_2025_control:/opt/ros/humble /usr/bin/cmake /home/cody/ws_moveit/src/robot_arm_2025 -DAMENT_CMAKE_SYMLINK_INSTALL=1 -DCMAKE_INSTALL_PREFIX=/home/cody/ws_moveit/install/robot_arm_2025
[0.113s] -- The C compiler identification is GNU 11.4.0
[0.358s] -- The CXX compiler identification is GNU 11.4.0
[0.485s] -- Detecting C compiler ABI info
[0.558s] -- Detecting C compiler ABI info - done
[0.563s] -- Check for working C compiler: /usr/bin/cc - skipped
[0.563s] -- Detecting C compile features
[0.563s] -- Detecting C compile features - done
[0.565s] -- Detecting CXX compiler ABI info
[0.642s] -- Detecting CXX compiler ABI info - done
[0.647s] -- Check for working CXX compiler: /usr/bin/c++ - skipped
[0.647s] -- Detecting CXX compile features
[0.647s] -- Detecting CXX compile features - done
[0.649s] -- Found ament_cmake: 1.3.13 (/opt/ros/humble/share/ament_cmake/cmake)
[0.739s] -- Found Python3: /usr/bin/python3 (found version "3.10.12") found components: Interpreter 
[0.777s] -- Override CMake install command with custom implementation using symlinks instead of copying resources
[0.831s] -- Configuring done
[0.833s] -- Generating done
[0.834s] -- Build files have been written to: /home/cody/ws_moveit/build/robot_arm_2025
[0.837s] Invoked command in '/home/cody/ws_moveit/build/robot_arm_2025' returned '0': CMAKE_PREFIX_PATH=${CMAKE_PREFIX_PATH}:/home/cody/ws_moveit/install/robot_arm_2025_control:/opt/ros/humble /usr/bin/cmake /home/cody/ws_moveit/src/robot_arm_2025 -DAMENT_CMAKE_SYMLINK_INSTALL=1 -DCMAKE_INSTALL_PREFIX=/home/cody/ws_moveit/install/robot_arm_2025
[0.838s] Invoking command in '/home/cody/ws_moveit/build/robot_arm_2025': CMAKE_PREFIX_PATH=${CMAKE_PREFIX_PATH}:/home/cody/ws_moveit/install/robot_arm_2025_control:/opt/ros/humble /usr/bin/cmake --build /home/cody/ws_moveit/build/robot_arm_2025 -- -j20 -l20
[0.859s] Invoked command in '/home/cody/ws_moveit/build/robot_arm_2025' returned '0': CMAKE_PREFIX_PATH=${CMAKE_PREFIX_PATH}:/home/cody/ws_moveit/install/robot_arm_2025_control:/opt/ros/humble /usr/bin/cmake --build /home/cody/ws_moveit/build/robot_arm_2025 -- -j20 -l20
[0.864s] Invoking command in '/home/cody/ws_moveit/build/robot_arm_2025': CMAKE_PREFIX_PATH=${CMAKE_PREFIX_PATH}:/home/cody/ws_moveit/install/robot_arm_2025_control:/opt/ros/humble /usr/bin/cmake --install /home/cody/ws_moveit/build/robot_arm_2025
[0.868s] -- Install configuration: ""
[0.869s] -- Execute custom install script
[0.869s] -- Symlinking: /home/cody/ws_moveit/install/robot_arm_2025/share/robot_arm_2025/urdf/robot_arm_2025.urdf
[0.875s] -- Symlinking: /home/cody/ws_moveit/install/robot_arm_2025/share/robot_arm_2025/meshes/collision/heavy_lift_claw_subassembly_link_collision.stl
[0.879s] -- Symlinking: /home/cody/ws_moveit/install/robot_arm_2025/share/robot_arm_2025/meshes/collision/metal_worm_gear__configuration_default_collision.stl
[0.884s] -- Symlinking: /home/cody/ws_moveit/install/robot_arm_2025/share/robot_arm_2025/meshes/collision/v2_base_subassembly_link_collision.stl
[0.889s] -- Symlinking: /home/cody/ws_moveit/install/robot_arm_2025/share/robot_arm_2025/meshes/collision/v2_j1_subassembly_link_collision.stl
[0.894s] -- Symlinking: /home/cody/ws_moveit/install/robot_arm_2025/share/robot_arm_2025/meshes/collision/v2_j3_a_collision.stl
[0.898s] -- Symlinking: /home/cody/ws_moveit/install/robot_arm_2025/share/robot_arm_2025/meshes/collision/v2_j3_pushrod__length_0_376247_meter_collision.stl
[0.903s] -- Symlinking: /home/cody/ws_moveit/install/robot_arm_2025/share/robot_arm_2025/meshes/collision/v2_j4_subassembly_link_collision.stl
[0.908s] -- Symlinking: /home/cody/ws_moveit/install/robot_arm_2025/share/robot_arm_2025/meshes/collision/v2_j5_a_collision.stl
[0.912s] -- Symlinking: /home/cody/ws_moveit/install/robot_arm_2025/share/robot_arm_2025/meshes/collision/v2_limb_1_subassembly_link_collision.stl
[0.918s] -- Symlinking: /home/cody/ws_moveit/install/robot_arm_2025/share/robot_arm_2025/meshes/collision/v2_limb_2_subassembly_link_collision.stl
[0.922s] -- Symlinking: /home/cody/ws_moveit/install/robot_arm_2025/share/robot_arm_2025/meshes/collision/v2_linkage_subassembly_link_collision.stl
[0.927s] -- Symlinking: /home/cody/ws_moveit/install/robot_arm_2025/share/robot_arm_2025/meshes/visual/heavy_lift_claw_subassembly_link.stl
[0.931s] -- Symlinking: /home/cody/ws_moveit/install/robot_arm_2025/share/robot_arm_2025/meshes/visual/metal_worm_gear__configuration_default.stl
[0.936s] -- Symlinking: /home/cody/ws_moveit/install/robot_arm_2025/share/robot_arm_2025/meshes/visual/v2_base_subassembly_link.stl
[0.941s] -- Symlinking: /home/cody/ws_moveit/install/robot_arm_2025/share/robot_arm_2025/meshes/visual/v2_j1_subassembly_link.stl
[0.945s] -- Symlinking: /home/cody/ws_moveit/install/robot_arm_2025/share/robot_arm_2025/meshes/visual/v2_j3_a.stl
[0.950s] -- Symlinking: /home/cody/ws_moveit/install/robot_arm_2025/share/robot_arm_2025/meshes/visual/v2_j3_pushrod__length_0_376247_meter.stl
[0.955s] -- Symlinking: /home/cody/ws_moveit/install/robot_arm_2025/share/robot_arm_2025/meshes/visual/v2_j4_subassembly_link.stl
[0.959s] -- Symlinking: /home/cody/ws_moveit/install/robot_arm_2025/share/robot_arm_2025/meshes/visual/v2_j5_a.stl
[0.963s] -- Symlinking: /home/cody/ws_moveit/install/robot_arm_2025/share/robot_arm_2025/meshes/visual/v2_limb_1_subassembly_link.stl
[0.968s] -- Symlinking: /home/cody/ws_moveit/install/robot_arm_2025/share/robot_arm_2025/meshes/visual/v2_limb_2_subassembly_link.stl
[0.972s] -- Symlinking: /home/cody/ws_moveit/install/robot_arm_2025/share/robot_arm_2025/meshes/visual/v2_linkage_subassembly_link.stl
[0.977s] -- Symlinking: /home/cody/ws_moveit/install/robot_arm_2025/share/robot_arm_2025/launch/display.launch.py
[0.982s] -- Symlinking: /home/cody/ws_moveit/install/robot_arm_2025/share/ament_index/resource_index/package_run_dependencies/robot_arm_2025
[0.987s] -- Symlinking: /home/cody/ws_moveit/install/robot_arm_2025/share/ament_index/resource_index/parent_prefix_path/robot_arm_2025
[0.992s] -- Symlinking: /home/cody/ws_moveit/install/robot_arm_2025/share/robot_arm_2025/environment/ament_prefix_path.sh
[0.996s] -- Symlinking: /home/cody/ws_moveit/install/robot_arm_2025/share/robot_arm_2025/environment/ament_prefix_path.dsv
[1.001s] -- Symlinking: /home/cody/ws_moveit/install/robot_arm_2025/share/robot_arm_2025/environment/path.sh
[1.006s] -- Symlinking: /home/cody/ws_moveit/install/robot_arm_2025/share/robot_arm_2025/environment/path.dsv
[1.010s] -- Symlinking: /home/cody/ws_moveit/install/robot_arm_2025/share/robot_arm_2025/local_setup.bash
[1.015s] -- Symlinking: /home/cody/ws_moveit/install/robot_arm_2025/share/robot_arm_2025/local_setup.sh
[1.020s] -- Symlinking: /home/cody/ws_moveit/install/robot_arm_2025/share/robot_arm_2025/local_setup.zsh
[1.024s] -- Symlinking: /home/cody/ws_moveit/install/robot_arm_2025/share/robot_arm_2025/local_setup.dsv
[1.028s] -- Symlinking: /home/cody/ws_moveit/install/robot_arm_2025/share/robot_arm_2025/package.dsv
[1.033s] -- Symlinking: /home/cody/ws_moveit/install/robot_arm_2025/share/ament_index/resource_index/packages/robot_arm_2025
[1.038s] -- Symlinking: /home/cody/ws_moveit/install/robot_arm_2025/share/robot_arm_2025/cmake/robot_arm_2025Config.cmake
[1.042s] -- Symlinking: /home/cody/ws_moveit/install/robot_arm_2025/share/robot_arm_2025/cmake/robot_arm_2025Config-version.cmake
[1.047s] -- Symlinking: /home/cody/ws_moveit/install/robot_arm_2025/share/robot_arm_2025/package.xml
[1.052s] Invoked command in '/home/cody/ws_moveit/build/robot_arm_2025' returned '0': CMAKE_PREFIX_PATH=${CMAKE_PREFIX_PATH}:/home/cody/ws_moveit/install/robot_arm_2025_control:/opt/ros/humble /usr/bin/cmake --install /home/cody/ws_moveit/build/robot_arm_2025
