[0.115s] DEBUG:colcon:Command line arguments: ['/usr/bin/colcon', 'build', '--symlink-install']
[0.115s] DEBUG:colcon:Parsed command line arguments: Namespace(log_base=None, log_level=None, verb_name='build', build_base='build', install_base='install', merge_install=False, symlink_install=True, test_result_base=None, continue_on_error=False, executor='parallel', parallel_workers=20, event_handlers=None, ignore_user_meta=False, metas=['./colcon.meta'], base_paths=['.'], packages_ignore=None, packages_ignore_regex=None, paths=None, packages_up_to=None, packages_up_to_regex=None, packages_above=None, packages_above_and_dependencies=None, packages_above_depth=None, packages_select_by_dep=None, packages_skip_by_dep=None, packages_skip_up_to=None, packages_select_build_failed=False, packages_skip_build_finished=False, packages_select_test_failures=False, packages_skip_test_passed=False, packages_select=None, packages_skip=None, packages_select_regex=None, packages_skip_regex=None, packages_start=None, packages_end=None, allow_overriding=[], cmake_args=None, cmake_target=None, cmake_target_skip_unavailable=False, cmake_clean_cache=False, cmake_clean_first=False, cmake_force_configure=False, ament_cmake_args=None, catkin_cmake_args=None, catkin_skip_building_tests=False, mixin_files=None, mixin=None, verb_parser=<colcon_mixin.mixin.mixin_argument.MixinArgumentDecorator object at 0x746a580ca200>, verb_extension=<colcon_core.verb.build.BuildVerb object at 0x746a582baef0>, main=<bound method BuildVerb.main of <colcon_core.verb.build.BuildVerb object at 0x746a582baef0>>, mixin_verb=('build',))
[0.201s] Level 1:colcon.colcon_core.package_discovery:discover_packages(colcon_meta) check parameters
[0.201s] Level 1:colcon.colcon_core.package_discovery:discover_packages(recursive) check parameters
[0.201s] Level 1:colcon.colcon_core.package_discovery:discover_packages(ignore) check parameters
[0.201s] Level 1:colcon.colcon_core.package_discovery:discover_packages(path) check parameters
[0.201s] Level 1:colcon.colcon_core.package_discovery:discover_packages(colcon_meta) discover
[0.201s] Level 1:colcon.colcon_core.package_discovery:discover_packages(recursive) discover
[0.202s] INFO:colcon.colcon_core.package_discovery:Crawling recursively for packages in '/home/cody/ws_moveit'
[0.202s] Level 1:colcon.colcon_core.package_identification:_identify(.) by extensions ['ignore', 'ignore_ament_install']
[0.202s] Level 1:colcon.colcon_core.package_identification:_identify(.) by extension 'ignore'
[0.202s] Level 1:colcon.colcon_core.package_identification:_identify(.) by extension 'ignore_ament_install'
[0.202s] Level 1:colcon.colcon_core.package_identification:_identify(.) by extensions ['colcon_pkg']
[0.202s] Level 1:colcon.colcon_core.package_identification:_identify(.) by extension 'colcon_pkg'
[0.202s] Level 1:colcon.colcon_core.package_identification:_identify(.) by extensions ['colcon_meta']
[0.202s] Level 1:colcon.colcon_core.package_identification:_identify(.) by extension 'colcon_meta'
[0.202s] Level 1:colcon.colcon_core.package_identification:_identify(.) by extensions ['ros']
[0.202s] Level 1:colcon.colcon_core.package_identification:_identify(.) by extension 'ros'
[0.208s] Level 1:colcon.colcon_core.package_identification:_identify(.) by extensions ['cmake', 'python']
[0.208s] Level 1:colcon.colcon_core.package_identification:_identify(.) by extension 'cmake'
[0.208s] Level 1:colcon.colcon_core.package_identification:_identify(.) by extension 'python'
[0.208s] Level 1:colcon.colcon_core.package_identification:_identify(.) by extensions ['python_setup_py']
[0.208s] Level 1:colcon.colcon_core.package_identification:_identify(.) by extension 'python_setup_py'
[0.208s] Level 1:colcon.colcon_core.package_identification:_identify(build) by extensions ['ignore', 'ignore_ament_install']
[0.208s] Level 1:colcon.colcon_core.package_identification:_identify(build) by extension 'ignore'
[0.208s] Level 1:colcon.colcon_core.package_identification:_identify(build) ignored
[0.208s] Level 1:colcon.colcon_core.package_identification:_identify(install) by extensions ['ignore', 'ignore_ament_install']
[0.208s] Level 1:colcon.colcon_core.package_identification:_identify(install) by extension 'ignore'
[0.209s] Level 1:colcon.colcon_core.package_identification:_identify(install) ignored
[0.209s] Level 1:colcon.colcon_core.package_identification:_identify(log) by extensions ['ignore', 'ignore_ament_install']
[0.209s] Level 1:colcon.colcon_core.package_identification:_identify(log) by extension 'ignore'
[0.209s] Level 1:colcon.colcon_core.package_identification:_identify(log) ignored
[0.209s] Level 1:colcon.colcon_core.package_identification:_identify(src) by extensions ['ignore', 'ignore_ament_install']
[0.209s] Level 1:colcon.colcon_core.package_identification:_identify(src) by extension 'ignore'
[0.209s] Level 1:colcon.colcon_core.package_identification:_identify(src) by extension 'ignore_ament_install'
[0.209s] Level 1:colcon.colcon_core.package_identification:_identify(src) by extensions ['colcon_pkg']
[0.209s] Level 1:colcon.colcon_core.package_identification:_identify(src) by extension 'colcon_pkg'
[0.209s] Level 1:colcon.colcon_core.package_identification:_identify(src) by extensions ['colcon_meta']
[0.209s] Level 1:colcon.colcon_core.package_identification:_identify(src) by extension 'colcon_meta'
[0.209s] Level 1:colcon.colcon_core.package_identification:_identify(src) by extensions ['ros']
[0.209s] Level 1:colcon.colcon_core.package_identification:_identify(src) by extension 'ros'
[0.209s] Level 1:colcon.colcon_core.package_identification:_identify(src) by extensions ['cmake', 'python']
[0.209s] Level 1:colcon.colcon_core.package_identification:_identify(src) by extension 'cmake'
[0.209s] Level 1:colcon.colcon_core.package_identification:_identify(src) by extension 'python'
[0.209s] Level 1:colcon.colcon_core.package_identification:_identify(src) by extensions ['python_setup_py']
[0.209s] Level 1:colcon.colcon_core.package_identification:_identify(src) by extension 'python_setup_py'
[0.209s] Level 1:colcon.colcon_core.package_identification:_identify(src/robot_arm_2025) by extensions ['ignore', 'ignore_ament_install']
[0.209s] Level 1:colcon.colcon_core.package_identification:_identify(src/robot_arm_2025) by extension 'ignore'
[0.209s] Level 1:colcon.colcon_core.package_identification:_identify(src/robot_arm_2025) by extension 'ignore_ament_install'
[0.209s] Level 1:colcon.colcon_core.package_identification:_identify(src/robot_arm_2025) by extensions ['colcon_pkg']
[0.209s] Level 1:colcon.colcon_core.package_identification:_identify(src/robot_arm_2025) by extension 'colcon_pkg'
[0.209s] Level 1:colcon.colcon_core.package_identification:_identify(src/robot_arm_2025) by extensions ['colcon_meta']
[0.209s] Level 1:colcon.colcon_core.package_identification:_identify(src/robot_arm_2025) by extension 'colcon_meta'
[0.209s] Level 1:colcon.colcon_core.package_identification:_identify(src/robot_arm_2025) by extensions ['ros']
[0.209s] Level 1:colcon.colcon_core.package_identification:_identify(src/robot_arm_2025) by extension 'ros'
[0.211s] DEBUG:colcon.colcon_core.package_identification:Package 'src/robot_arm_2025' with type 'ros.ament_cmake' and name 'robot_arm_2025'
[0.211s] Level 1:colcon.colcon_core.package_identification:_identify(src/robot_arm_2025_config) by extensions ['ignore', 'ignore_ament_install']
[0.211s] Level 1:colcon.colcon_core.package_identification:_identify(src/robot_arm_2025_config) by extension 'ignore'
[0.211s] Level 1:colcon.colcon_core.package_identification:_identify(src/robot_arm_2025_config) by extension 'ignore_ament_install'
[0.211s] Level 1:colcon.colcon_core.package_identification:_identify(src/robot_arm_2025_config) by extensions ['colcon_pkg']
[0.211s] Level 1:colcon.colcon_core.package_identification:_identify(src/robot_arm_2025_config) by extension 'colcon_pkg'
[0.211s] Level 1:colcon.colcon_core.package_identification:_identify(src/robot_arm_2025_config) by extensions ['colcon_meta']
[0.211s] Level 1:colcon.colcon_core.package_identification:_identify(src/robot_arm_2025_config) by extension 'colcon_meta'
[0.211s] Level 1:colcon.colcon_core.package_identification:_identify(src/robot_arm_2025_config) by extensions ['ros']
[0.211s] Level 1:colcon.colcon_core.package_identification:_identify(src/robot_arm_2025_config) by extension 'ros'
[0.211s] DEBUG:colcon.colcon_core.package_identification:Package 'src/robot_arm_2025_config' with type 'ros.ament_cmake' and name 'robot_arm_2025_config'
[0.211s] Level 1:colcon.colcon_core.package_identification:_identify(src/robot_arm_2025_control) by extensions ['ignore', 'ignore_ament_install']
[0.211s] Level 1:colcon.colcon_core.package_identification:_identify(src/robot_arm_2025_control) by extension 'ignore'
[0.211s] Level 1:colcon.colcon_core.package_identification:_identify(src/robot_arm_2025_control) by extension 'ignore_ament_install'
[0.211s] Level 1:colcon.colcon_core.package_identification:_identify(src/robot_arm_2025_control) by extensions ['colcon_pkg']
[0.211s] Level 1:colcon.colcon_core.package_identification:_identify(src/robot_arm_2025_control) by extension 'colcon_pkg'
[0.211s] Level 1:colcon.colcon_core.package_identification:_identify(src/robot_arm_2025_control) by extensions ['colcon_meta']
[0.211s] Level 1:colcon.colcon_core.package_identification:_identify(src/robot_arm_2025_control) by extension 'colcon_meta'
[0.211s] Level 1:colcon.colcon_core.package_identification:_identify(src/robot_arm_2025_control) by extensions ['ros']
[0.211s] Level 1:colcon.colcon_core.package_identification:_identify(src/robot_arm_2025_control) by extension 'ros'
[0.212s] DEBUG:colcon.colcon_core.package_identification:Package 'src/robot_arm_2025_control' with type 'ros.ament_python' and name 'robot_arm_2025_control'
[0.212s] Level 1:colcon.colcon_core.package_identification:_identify(src/robot_arm_2025_tasks) by extensions ['ignore', 'ignore_ament_install']
[0.212s] Level 1:colcon.colcon_core.package_identification:_identify(src/robot_arm_2025_tasks) by extension 'ignore'
[0.212s] Level 1:colcon.colcon_core.package_identification:_identify(src/robot_arm_2025_tasks) by extension 'ignore_ament_install'
[0.212s] Level 1:colcon.colcon_core.package_identification:_identify(src/robot_arm_2025_tasks) by extensions ['colcon_pkg']
[0.212s] Level 1:colcon.colcon_core.package_identification:_identify(src/robot_arm_2025_tasks) by extension 'colcon_pkg'
[0.212s] Level 1:colcon.colcon_core.package_identification:_identify(src/robot_arm_2025_tasks) by extensions ['colcon_meta']
[0.212s] Level 1:colcon.colcon_core.package_identification:_identify(src/robot_arm_2025_tasks) by extension 'colcon_meta'
[0.212s] Level 1:colcon.colcon_core.package_identification:_identify(src/robot_arm_2025_tasks) by extensions ['ros']
[0.212s] Level 1:colcon.colcon_core.package_identification:_identify(src/robot_arm_2025_tasks) by extension 'ros'
[0.212s] DEBUG:colcon.colcon_core.package_identification:Package 'src/robot_arm_2025_tasks' with type 'ros.ament_python' and name 'robot_arm_2025_tasks'
[0.212s] Level 1:colcon.colcon_core.package_discovery:discover_packages(recursive) using defaults
[0.212s] Level 1:colcon.colcon_core.package_discovery:discover_packages(ignore) discover
[0.212s] Level 1:colcon.colcon_core.package_discovery:discover_packages(ignore) using defaults
[0.212s] Level 1:colcon.colcon_core.package_discovery:discover_packages(path) discover
[0.212s] Level 1:colcon.colcon_core.package_discovery:discover_packages(path) using defaults
[0.229s] Level 1:colcon.colcon_core.package_discovery:discover_packages(prefix_path) check parameters
[0.229s] Level 1:colcon.colcon_core.package_discovery:discover_packages(prefix_path) discover
[0.230s] DEBUG:colcon.colcon_installed_package_information.package_discovery:Found 4 installed packages in /home/cody/ws_moveit/install
[0.230s] DEBUG:colcon.colcon_installed_package_information.package_discovery:Found 357 installed packages in /opt/ros/humble
[0.231s] Level 1:colcon.colcon_core.package_discovery:discover_packages(prefix_path) using defaults
[0.255s] Level 5:colcon.colcon_core.verb:set package 'robot_arm_2025' build argument 'cmake_args' from command line to 'None'
[0.255s] Level 5:colcon.colcon_core.verb:set package 'robot_arm_2025' build argument 'cmake_target' from command line to 'None'
[0.255s] Level 5:colcon.colcon_core.verb:set package 'robot_arm_2025' build argument 'cmake_target_skip_unavailable' from command line to 'False'
[0.255s] Level 5:colcon.colcon_core.verb:set package 'robot_arm_2025' build argument 'cmake_clean_cache' from command line to 'False'
[0.255s] Level 5:colcon.colcon_core.verb:set package 'robot_arm_2025' build argument 'cmake_clean_first' from command line to 'False'
[0.255s] Level 5:colcon.colcon_core.verb:set package 'robot_arm_2025' build argument 'cmake_force_configure' from command line to 'False'
[0.255s] Level 5:colcon.colcon_core.verb:set package 'robot_arm_2025' build argument 'ament_cmake_args' from command line to 'None'
[0.255s] Level 5:colcon.colcon_core.verb:set package 'robot_arm_2025' build argument 'catkin_cmake_args' from command line to 'None'
[0.255s] Level 5:colcon.colcon_core.verb:set package 'robot_arm_2025' build argument 'catkin_skip_building_tests' from command line to 'False'
[0.255s] DEBUG:colcon.colcon_core.verb:Building package 'robot_arm_2025' with the following arguments: {'ament_cmake_args': None, 'build_base': '/home/cody/ws_moveit/build/robot_arm_2025', 'catkin_cmake_args': None, 'catkin_skip_building_tests': False, 'cmake_args': None, 'cmake_clean_cache': False, 'cmake_clean_first': False, 'cmake_force_configure': False, 'cmake_target': None, 'cmake_target_skip_unavailable': False, 'install_base': '/home/cody/ws_moveit/install/robot_arm_2025', 'merge_install': False, 'path': '/home/cody/ws_moveit/src/robot_arm_2025', 'symlink_install': True, 'test_result_base': None}
[0.255s] Level 5:colcon.colcon_core.verb:set package 'robot_arm_2025_control' build argument 'cmake_args' from command line to 'None'
[0.255s] Level 5:colcon.colcon_core.verb:set package 'robot_arm_2025_control' build argument 'cmake_target' from command line to 'None'
[0.255s] Level 5:colcon.colcon_core.verb:set package 'robot_arm_2025_control' build argument 'cmake_target_skip_unavailable' from command line to 'False'
[0.255s] Level 5:colcon.colcon_core.verb:set package 'robot_arm_2025_control' build argument 'cmake_clean_cache' from command line to 'False'
[0.255s] Level 5:colcon.colcon_core.verb:set package 'robot_arm_2025_control' build argument 'cmake_clean_first' from command line to 'False'
[0.255s] Level 5:colcon.colcon_core.verb:set package 'robot_arm_2025_control' build argument 'cmake_force_configure' from command line to 'False'
[0.255s] Level 5:colcon.colcon_core.verb:set package 'robot_arm_2025_control' build argument 'ament_cmake_args' from command line to 'None'
[0.255s] Level 5:colcon.colcon_core.verb:set package 'robot_arm_2025_control' build argument 'catkin_cmake_args' from command line to 'None'
[0.255s] Level 5:colcon.colcon_core.verb:set package 'robot_arm_2025_control' build argument 'catkin_skip_building_tests' from command line to 'False'
[0.255s] DEBUG:colcon.colcon_core.verb:Building package 'robot_arm_2025_control' with the following arguments: {'ament_cmake_args': None, 'build_base': '/home/cody/ws_moveit/build/robot_arm_2025_control', 'catkin_cmake_args': None, 'catkin_skip_building_tests': False, 'cmake_args': None, 'cmake_clean_cache': False, 'cmake_clean_first': False, 'cmake_force_configure': False, 'cmake_target': None, 'cmake_target_skip_unavailable': False, 'install_base': '/home/cody/ws_moveit/install/robot_arm_2025_control', 'merge_install': False, 'path': '/home/cody/ws_moveit/src/robot_arm_2025_control', 'symlink_install': True, 'test_result_base': None}
[0.256s] Level 5:colcon.colcon_core.verb:set package 'robot_arm_2025_tasks' build argument 'cmake_args' from command line to 'None'
[0.256s] Level 5:colcon.colcon_core.verb:set package 'robot_arm_2025_tasks' build argument 'cmake_target' from command line to 'None'
[0.256s] Level 5:colcon.colcon_core.verb:set package 'robot_arm_2025_tasks' build argument 'cmake_target_skip_unavailable' from command line to 'False'
[0.256s] Level 5:colcon.colcon_core.verb:set package 'robot_arm_2025_tasks' build argument 'cmake_clean_cache' from command line to 'False'
[0.256s] Level 5:colcon.colcon_core.verb:set package 'robot_arm_2025_tasks' build argument 'cmake_clean_first' from command line to 'False'
[0.256s] Level 5:colcon.colcon_core.verb:set package 'robot_arm_2025_tasks' build argument 'cmake_force_configure' from command line to 'False'
[0.256s] Level 5:colcon.colcon_core.verb:set package 'robot_arm_2025_tasks' build argument 'ament_cmake_args' from command line to 'None'
[0.256s] Level 5:colcon.colcon_core.verb:set package 'robot_arm_2025_tasks' build argument 'catkin_cmake_args' from command line to 'None'
[0.256s] Level 5:colcon.colcon_core.verb:set package 'robot_arm_2025_tasks' build argument 'catkin_skip_building_tests' from command line to 'False'
[0.256s] DEBUG:colcon.colcon_core.verb:Building package 'robot_arm_2025_tasks' with the following arguments: {'ament_cmake_args': None, 'build_base': '/home/cody/ws_moveit/build/robot_arm_2025_tasks', 'catkin_cmake_args': None, 'catkin_skip_building_tests': False, 'cmake_args': None, 'cmake_clean_cache': False, 'cmake_clean_first': False, 'cmake_force_configure': False, 'cmake_target': None, 'cmake_target_skip_unavailable': False, 'install_base': '/home/cody/ws_moveit/install/robot_arm_2025_tasks', 'merge_install': False, 'path': '/home/cody/ws_moveit/src/robot_arm_2025_tasks', 'symlink_install': True, 'test_result_base': None}
[0.256s] Level 5:colcon.colcon_core.verb:set package 'robot_arm_2025_config' build argument 'cmake_args' from command line to 'None'
[0.256s] Level 5:colcon.colcon_core.verb:set package 'robot_arm_2025_config' build argument 'cmake_target' from command line to 'None'
[0.256s] Level 5:colcon.colcon_core.verb:set package 'robot_arm_2025_config' build argument 'cmake_target_skip_unavailable' from command line to 'False'
[0.256s] Level 5:colcon.colcon_core.verb:set package 'robot_arm_2025_config' build argument 'cmake_clean_cache' from command line to 'False'
[0.256s] Level 5:colcon.colcon_core.verb:set package 'robot_arm_2025_config' build argument 'cmake_clean_first' from command line to 'False'
[0.256s] Level 5:colcon.colcon_core.verb:set package 'robot_arm_2025_config' build argument 'cmake_force_configure' from command line to 'False'
[0.256s] Level 5:colcon.colcon_core.verb:set package 'robot_arm_2025_config' build argument 'ament_cmake_args' from command line to 'None'
[0.256s] Level 5:colcon.colcon_core.verb:set package 'robot_arm_2025_config' build argument 'catkin_cmake_args' from command line to 'None'
[0.256s] Level 5:colcon.colcon_core.verb:set package 'robot_arm_2025_config' build argument 'catkin_skip_building_tests' from command line to 'False'
[0.256s] DEBUG:colcon.colcon_core.verb:Building package 'robot_arm_2025_config' with the following arguments: {'ament_cmake_args': None, 'build_base': '/home/cody/ws_moveit/build/robot_arm_2025_config', 'catkin_cmake_args': None, 'catkin_skip_building_tests': False, 'cmake_args': None, 'cmake_clean_cache': False, 'cmake_clean_first': False, 'cmake_force_configure': False, 'cmake_target': None, 'cmake_target_skip_unavailable': False, 'install_base': '/home/cody/ws_moveit/install/robot_arm_2025_config', 'merge_install': False, 'path': '/home/cody/ws_moveit/src/robot_arm_2025_config', 'symlink_install': True, 'test_result_base': None}
[0.256s] INFO:colcon.colcon_core.executor:Executing jobs using 'parallel' executor
[0.257s] DEBUG:colcon.colcon_parallel_executor.executor.parallel:run_until_complete
[0.257s] INFO:colcon.colcon_ros.task.ament_cmake.build:Building ROS package in '/home/cody/ws_moveit/src/robot_arm_2025' with build type 'ament_cmake'
[0.257s] INFO:colcon.colcon_cmake.task.cmake.build:Building CMake package in '/home/cody/ws_moveit/src/robot_arm_2025'
[0.258s] INFO:colcon.colcon_core.plugin_system:Skipping extension 'colcon_core.shell.bat': Not used on non-Windows systems
[0.259s] INFO:colcon.colcon_core.shell:Skip shell extension 'powershell' for command environment: Not usable outside of PowerShell
[0.259s] DEBUG:colcon.colcon_core.shell:Skip shell extension 'dsv' for command environment
[0.261s] INFO:colcon.colcon_ros.task.ament_python.build:Building ROS package in '/home/cody/ws_moveit/src/robot_arm_2025_control' with build type 'ament_python'
[0.261s] Level 1:colcon.colcon_core.shell:create_environment_hook('robot_arm_2025_control', 'ament_prefix_path')
[0.261s] INFO:colcon.colcon_core.shell:Creating environment hook '/home/cody/ws_moveit/install/robot_arm_2025_control/share/robot_arm_2025_control/hook/ament_prefix_path.ps1'
[0.261s] INFO:colcon.colcon_core.shell:Creating environment descriptor '/home/cody/ws_moveit/install/robot_arm_2025_control/share/robot_arm_2025_control/hook/ament_prefix_path.dsv'
[0.262s] INFO:colcon.colcon_core.shell:Creating environment hook '/home/cody/ws_moveit/install/robot_arm_2025_control/share/robot_arm_2025_control/hook/ament_prefix_path.sh'
[0.262s] INFO:colcon.colcon_core.shell:Skip shell extension 'powershell' for command environment: Not usable outside of PowerShell
[0.262s] DEBUG:colcon.colcon_core.shell:Skip shell extension 'dsv' for command environment
[0.264s] INFO:colcon.colcon_ros.task.ament_python.build:Building ROS package in '/home/cody/ws_moveit/src/robot_arm_2025_tasks' with build type 'ament_python'
[0.264s] Level 1:colcon.colcon_core.shell:create_environment_hook('robot_arm_2025_tasks', 'ament_prefix_path')
[0.264s] INFO:colcon.colcon_core.shell:Creating environment hook '/home/cody/ws_moveit/install/robot_arm_2025_tasks/share/robot_arm_2025_tasks/hook/ament_prefix_path.ps1'
[0.264s] INFO:colcon.colcon_core.shell:Creating environment descriptor '/home/cody/ws_moveit/install/robot_arm_2025_tasks/share/robot_arm_2025_tasks/hook/ament_prefix_path.dsv'
[0.265s] INFO:colcon.colcon_core.shell:Creating environment hook '/home/cody/ws_moveit/install/robot_arm_2025_tasks/share/robot_arm_2025_tasks/hook/ament_prefix_path.sh'
[0.265s] INFO:colcon.colcon_core.shell:Skip shell extension 'powershell' for command environment: Not usable outside of PowerShell
[0.265s] DEBUG:colcon.colcon_core.shell:Skip shell extension 'dsv' for command environment
[0.271s] DEBUG:colcon.colcon_core.event_handler.log_command:Invoking command in '/home/cody/ws_moveit/build/robot_arm_2025': CMAKE_PREFIX_PATH=${CMAKE_PREFIX_PATH}:/home/cody/ws_moveit/install/robot_arm_2025_tasks:/home/cody/ws_moveit/install/robot_arm_2025_control:/opt/ros/humble /usr/bin/cmake --build /home/cody/ws_moveit/build/robot_arm_2025 -- -j20 -l20
[0.396s] INFO:colcon.colcon_core.task.python.build:Building Python package in '/home/cody/ws_moveit/src/robot_arm_2025_control'
[0.396s] INFO:colcon.colcon_core.shell:Skip shell extension 'powershell' for command environment: Not usable outside of PowerShell
[0.396s] DEBUG:colcon.colcon_core.shell:Skip shell extension 'dsv' for command environment
[0.521s] INFO:colcon.colcon_core.task.python.build:Building Python package in '/home/cody/ws_moveit/src/robot_arm_2025_tasks'
[0.522s] INFO:colcon.colcon_core.shell:Skip shell extension 'powershell' for command environment: Not usable outside of PowerShell
[0.522s] DEBUG:colcon.colcon_core.shell:Skip shell extension 'dsv' for command environment
[0.525s] DEBUG:colcon.colcon_core.event_handler.log_command:Invoked command in '/home/cody/ws_moveit/build/robot_arm_2025' returned '0': CMAKE_PREFIX_PATH=${CMAKE_PREFIX_PATH}:/home/cody/ws_moveit/install/robot_arm_2025_tasks:/home/cody/ws_moveit/install/robot_arm_2025_control:/opt/ros/humble /usr/bin/cmake --build /home/cody/ws_moveit/build/robot_arm_2025 -- -j20 -l20
[0.532s] DEBUG:colcon.colcon_core.event_handler.log_command:Invoking command in '/home/cody/ws_moveit/build/robot_arm_2025': CMAKE_PREFIX_PATH=${CMAKE_PREFIX_PATH}:/home/cody/ws_moveit/install/robot_arm_2025_tasks:/home/cody/ws_moveit/install/robot_arm_2025_control:/opt/ros/humble /usr/bin/cmake --install /home/cody/ws_moveit/build/robot_arm_2025
[0.546s] Level 1:colcon.colcon_core.environment:create_environment_scripts_only(robot_arm_2025)
[0.546s] DEBUG:colcon.colcon_core.event_handler.log_command:Invoked command in '/home/cody/ws_moveit/build/robot_arm_2025' returned '0': CMAKE_PREFIX_PATH=${CMAKE_PREFIX_PATH}:/home/cody/ws_moveit/install/robot_arm_2025_tasks:/home/cody/ws_moveit/install/robot_arm_2025_control:/opt/ros/humble /usr/bin/cmake --install /home/cody/ws_moveit/build/robot_arm_2025
[0.548s] Level 1:colcon.colcon_core.environment:checking '/home/cody/ws_moveit/install/robot_arm_2025' for CMake module files
[0.548s] Level 1:colcon.colcon_core.environment:checking '/home/cody/ws_moveit/install/robot_arm_2025' for CMake config files
[0.548s] Level 1:colcon.colcon_core.shell:create_environment_hook('robot_arm_2025', 'cmake_prefix_path')
[0.548s] INFO:colcon.colcon_core.shell:Creating environment hook '/home/cody/ws_moveit/install/robot_arm_2025/share/robot_arm_2025/hook/cmake_prefix_path.ps1'
[0.548s] INFO:colcon.colcon_core.shell:Creating environment descriptor '/home/cody/ws_moveit/install/robot_arm_2025/share/robot_arm_2025/hook/cmake_prefix_path.dsv'
[0.549s] INFO:colcon.colcon_core.shell:Creating environment hook '/home/cody/ws_moveit/install/robot_arm_2025/share/robot_arm_2025/hook/cmake_prefix_path.sh'
[0.549s] Level 1:colcon.colcon_core.environment:checking '/home/cody/ws_moveit/install/robot_arm_2025/bin'
[0.549s] Level 1:colcon.colcon_core.environment:checking '/home/cody/ws_moveit/install/robot_arm_2025/lib/pkgconfig/robot_arm_2025.pc'
[0.549s] Level 1:colcon.colcon_core.environment:checking '/home/cody/ws_moveit/install/robot_arm_2025/lib/python3.10/site-packages'
[0.549s] Level 1:colcon.colcon_core.environment:checking '/home/cody/ws_moveit/install/robot_arm_2025/bin'
[0.549s] INFO:colcon.colcon_core.shell:Creating package script '/home/cody/ws_moveit/install/robot_arm_2025/share/robot_arm_2025/package.ps1'
[0.550s] INFO:colcon.colcon_core.shell:Creating package descriptor '/home/cody/ws_moveit/install/robot_arm_2025/share/robot_arm_2025/package.dsv'
[0.550s] INFO:colcon.colcon_core.shell:Creating package script '/home/cody/ws_moveit/install/robot_arm_2025/share/robot_arm_2025/package.sh'
[0.550s] INFO:colcon.colcon_core.shell:Creating package script '/home/cody/ws_moveit/install/robot_arm_2025/share/robot_arm_2025/package.bash'
[0.551s] INFO:colcon.colcon_core.shell:Creating package script '/home/cody/ws_moveit/install/robot_arm_2025/share/robot_arm_2025/package.zsh'
[0.551s] Level 1:colcon.colcon_core.environment:create_file_with_runtime_dependencies(/home/cody/ws_moveit/install/robot_arm_2025/share/colcon-core/packages/robot_arm_2025)
[0.551s] Level 1:colcon.colcon_core.environment:create_environment_scripts_only(robot_arm_2025)
[0.551s] Level 1:colcon.colcon_core.environment:checking '/home/cody/ws_moveit/install/robot_arm_2025' for CMake module files
[0.552s] Level 1:colcon.colcon_core.environment:checking '/home/cody/ws_moveit/install/robot_arm_2025' for CMake config files
[0.552s] Level 1:colcon.colcon_core.shell:create_environment_hook('robot_arm_2025', 'cmake_prefix_path')
[0.552s] INFO:colcon.colcon_core.shell:Creating environment hook '/home/cody/ws_moveit/install/robot_arm_2025/share/robot_arm_2025/hook/cmake_prefix_path.ps1'
[0.552s] INFO:colcon.colcon_core.shell:Creating environment descriptor '/home/cody/ws_moveit/install/robot_arm_2025/share/robot_arm_2025/hook/cmake_prefix_path.dsv'
[0.552s] INFO:colcon.colcon_core.shell:Creating environment hook '/home/cody/ws_moveit/install/robot_arm_2025/share/robot_arm_2025/hook/cmake_prefix_path.sh'
[0.553s] Level 1:colcon.colcon_core.environment:checking '/home/cody/ws_moveit/install/robot_arm_2025/bin'
[0.553s] Level 1:colcon.colcon_core.environment:checking '/home/cody/ws_moveit/install/robot_arm_2025/lib/pkgconfig/robot_arm_2025.pc'
[0.553s] Level 1:colcon.colcon_core.environment:checking '/home/cody/ws_moveit/install/robot_arm_2025/lib/python3.10/site-packages'
[0.553s] Level 1:colcon.colcon_core.environment:checking '/home/cody/ws_moveit/install/robot_arm_2025/bin'
[0.553s] INFO:colcon.colcon_core.shell:Creating package script '/home/cody/ws_moveit/install/robot_arm_2025/share/robot_arm_2025/package.ps1'
[0.553s] INFO:colcon.colcon_core.shell:Creating package descriptor '/home/cody/ws_moveit/install/robot_arm_2025/share/robot_arm_2025/package.dsv'
[0.554s] INFO:colcon.colcon_core.shell:Creating package script '/home/cody/ws_moveit/install/robot_arm_2025/share/robot_arm_2025/package.sh'
[0.554s] INFO:colcon.colcon_core.shell:Creating package script '/home/cody/ws_moveit/install/robot_arm_2025/share/robot_arm_2025/package.bash'
[0.554s] INFO:colcon.colcon_core.shell:Creating package script '/home/cody/ws_moveit/install/robot_arm_2025/share/robot_arm_2025/package.zsh'
[0.554s] Level 1:colcon.colcon_core.environment:create_file_with_runtime_dependencies(/home/cody/ws_moveit/install/robot_arm_2025/share/colcon-core/packages/robot_arm_2025)
[0.554s] INFO:colcon.colcon_ros.task.ament_cmake.build:Building ROS package in '/home/cody/ws_moveit/src/robot_arm_2025_config' with build type 'ament_cmake'
[0.555s] INFO:colcon.colcon_cmake.task.cmake.build:Building CMake package in '/home/cody/ws_moveit/src/robot_arm_2025_config'
[0.555s] INFO:colcon.colcon_core.shell:Skip shell extension 'powershell' for command environment: Not usable outside of PowerShell
[0.555s] DEBUG:colcon.colcon_core.shell:Skip shell extension 'dsv' for command environment
[0.574s] DEBUG:colcon.colcon_core.event_handler.log_command:Invoking command in '/home/cody/ws_moveit/build/robot_arm_2025_config': CMAKE_PREFIX_PATH=/home/cody/ws_moveit/install/robot_arm_2025:/home/cody/ws_moveit/install/robot_arm_2025_config:/home/cody/ws_moveit/install/robot_arm_2025_tasks:/home/cody/ws_moveit/install/robot_arm_2025_control:/opt/ros/humble /usr/bin/cmake --build /home/cody/ws_moveit/build/robot_arm_2025_config -- -j20 -l20
[0.594s] DEBUG:colcon.colcon_core.event_handler.log_command:Invoked command in '/home/cody/ws_moveit/build/robot_arm_2025_config' returned '0': CMAKE_PREFIX_PATH=/home/cody/ws_moveit/install/robot_arm_2025:/home/cody/ws_moveit/install/robot_arm_2025_config:/home/cody/ws_moveit/install/robot_arm_2025_tasks:/home/cody/ws_moveit/install/robot_arm_2025_control:/opt/ros/humble /usr/bin/cmake --build /home/cody/ws_moveit/build/robot_arm_2025_config -- -j20 -l20
[0.595s] DEBUG:colcon.colcon_core.event_handler.log_command:Invoking command in '/home/cody/ws_moveit/build/robot_arm_2025_config': CMAKE_PREFIX_PATH=/home/cody/ws_moveit/install/robot_arm_2025:/home/cody/ws_moveit/install/robot_arm_2025_config:/home/cody/ws_moveit/install/robot_arm_2025_tasks:/home/cody/ws_moveit/install/robot_arm_2025_control:/opt/ros/humble /usr/bin/cmake --install /home/cody/ws_moveit/build/robot_arm_2025_config
[0.608s] Level 1:colcon.colcon_core.environment:create_environment_scripts_only(robot_arm_2025_config)
[0.608s] Level 1:colcon.colcon_core.environment:checking '/home/cody/ws_moveit/install/robot_arm_2025_config' for CMake module files
[0.608s] DEBUG:colcon.colcon_core.event_handler.log_command:Invoked command in '/home/cody/ws_moveit/build/robot_arm_2025_config' returned '0': CMAKE_PREFIX_PATH=/home/cody/ws_moveit/install/robot_arm_2025:/home/cody/ws_moveit/install/robot_arm_2025_config:/home/cody/ws_moveit/install/robot_arm_2025_tasks:/home/cody/ws_moveit/install/robot_arm_2025_control:/opt/ros/humble /usr/bin/cmake --install /home/cody/ws_moveit/build/robot_arm_2025_config
[0.608s] Level 1:colcon.colcon_core.environment:checking '/home/cody/ws_moveit/install/robot_arm_2025_config' for CMake config files
[0.609s] Level 1:colcon.colcon_core.shell:create_environment_hook('robot_arm_2025_config', 'cmake_prefix_path')
[0.609s] INFO:colcon.colcon_core.shell:Creating environment hook '/home/cody/ws_moveit/install/robot_arm_2025_config/share/robot_arm_2025_config/hook/cmake_prefix_path.ps1'
[0.609s] INFO:colcon.colcon_core.shell:Creating environment descriptor '/home/cody/ws_moveit/install/robot_arm_2025_config/share/robot_arm_2025_config/hook/cmake_prefix_path.dsv'
[0.609s] INFO:colcon.colcon_core.shell:Creating environment hook '/home/cody/ws_moveit/install/robot_arm_2025_config/share/robot_arm_2025_config/hook/cmake_prefix_path.sh'
[0.610s] Level 1:colcon.colcon_core.environment:checking '/home/cody/ws_moveit/install/robot_arm_2025_config/bin'
[0.610s] Level 1:colcon.colcon_core.environment:checking '/home/cody/ws_moveit/install/robot_arm_2025_config/lib/pkgconfig/robot_arm_2025_config.pc'
[0.610s] Level 1:colcon.colcon_core.environment:checking '/home/cody/ws_moveit/install/robot_arm_2025_config/lib/python3.10/site-packages'
[0.610s] Level 1:colcon.colcon_core.environment:checking '/home/cody/ws_moveit/install/robot_arm_2025_config/bin'
[0.610s] INFO:colcon.colcon_core.shell:Creating package script '/home/cody/ws_moveit/install/robot_arm_2025_config/share/robot_arm_2025_config/package.ps1'
[0.610s] INFO:colcon.colcon_core.shell:Creating package descriptor '/home/cody/ws_moveit/install/robot_arm_2025_config/share/robot_arm_2025_config/package.dsv'
[0.611s] INFO:colcon.colcon_core.shell:Creating package script '/home/cody/ws_moveit/install/robot_arm_2025_config/share/robot_arm_2025_config/package.sh'
[0.611s] INFO:colcon.colcon_core.shell:Creating package script '/home/cody/ws_moveit/install/robot_arm_2025_config/share/robot_arm_2025_config/package.bash'
[0.611s] INFO:colcon.colcon_core.shell:Creating package script '/home/cody/ws_moveit/install/robot_arm_2025_config/share/robot_arm_2025_config/package.zsh'
[0.611s] Level 1:colcon.colcon_core.environment:create_file_with_runtime_dependencies(/home/cody/ws_moveit/install/robot_arm_2025_config/share/colcon-core/packages/robot_arm_2025_config)
[0.611s] Level 1:colcon.colcon_core.environment:create_environment_scripts_only(robot_arm_2025_config)
[0.612s] Level 1:colcon.colcon_core.environment:checking '/home/cody/ws_moveit/install/robot_arm_2025_config' for CMake module files
[0.612s] Level 1:colcon.colcon_core.environment:checking '/home/cody/ws_moveit/install/robot_arm_2025_config' for CMake config files
[0.612s] Level 1:colcon.colcon_core.shell:create_environment_hook('robot_arm_2025_config', 'cmake_prefix_path')
[0.612s] INFO:colcon.colcon_core.shell:Creating environment hook '/home/cody/ws_moveit/install/robot_arm_2025_config/share/robot_arm_2025_config/hook/cmake_prefix_path.ps1'
[0.612s] INFO:colcon.colcon_core.shell:Creating environment descriptor '/home/cody/ws_moveit/install/robot_arm_2025_config/share/robot_arm_2025_config/hook/cmake_prefix_path.dsv'
[0.612s] INFO:colcon.colcon_core.shell:Creating environment hook '/home/cody/ws_moveit/install/robot_arm_2025_config/share/robot_arm_2025_config/hook/cmake_prefix_path.sh'
[0.613s] Level 1:colcon.colcon_core.environment:checking '/home/cody/ws_moveit/install/robot_arm_2025_config/bin'
[0.613s] Level 1:colcon.colcon_core.environment:checking '/home/cody/ws_moveit/install/robot_arm_2025_config/lib/pkgconfig/robot_arm_2025_config.pc'
[0.613s] Level 1:colcon.colcon_core.environment:checking '/home/cody/ws_moveit/install/robot_arm_2025_config/lib/python3.10/site-packages'
[0.613s] Level 1:colcon.colcon_core.environment:checking '/home/cody/ws_moveit/install/robot_arm_2025_config/bin'
[0.613s] INFO:colcon.colcon_core.shell:Creating package script '/home/cody/ws_moveit/install/robot_arm_2025_config/share/robot_arm_2025_config/package.ps1'
[0.613s] INFO:colcon.colcon_core.shell:Creating package descriptor '/home/cody/ws_moveit/install/robot_arm_2025_config/share/robot_arm_2025_config/package.dsv'
[0.614s] INFO:colcon.colcon_core.shell:Creating package script '/home/cody/ws_moveit/install/robot_arm_2025_config/share/robot_arm_2025_config/package.sh'
[0.614s] INFO:colcon.colcon_core.shell:Creating package script '/home/cody/ws_moveit/install/robot_arm_2025_config/share/robot_arm_2025_config/package.bash'
[0.614s] INFO:colcon.colcon_core.shell:Creating package script '/home/cody/ws_moveit/install/robot_arm_2025_config/share/robot_arm_2025_config/package.zsh'
[0.614s] Level 1:colcon.colcon_core.environment:create_file_with_runtime_dependencies(/home/cody/ws_moveit/install/robot_arm_2025_config/share/colcon-core/packages/robot_arm_2025_config)
[0.716s] DEBUG:colcon.colcon_core.event_handler.log_command:Invoking command in '/home/cody/ws_moveit/build/robot_arm_2025_control': PYTHONPATH=/home/cody/ws_moveit/build/robot_arm_2025_control/prefix_override:/usr/lib/python3/dist-packages/colcon_core/task/python/colcon_distutils_commands:/home/cody/ws_moveit/install/robot_arm_2025_control/lib/python3.10/site-packages:${PYTHONPATH} /usr/bin/python3 -W ignore:setup.py install is deprecated -W ignore:easy_install command is deprecated setup.py develop --editable --build-directory /home/cody/ws_moveit/build/robot_arm_2025_control/build --no-deps symlink_data
[0.721s] DEBUG:colcon.colcon_core.task.python.build:While undoing a previous installation files outside the Python library path are being ignored: /home/cody/ws_moveit/install/robot_arm_2025_tasks/share/ament_index/resource_index/packages/robot_arm_2025_tasks
[0.721s] DEBUG:colcon.colcon_core.task.python.build:While undoing a previous installation files outside the Python library path are being ignored: /home/cody/ws_moveit/install/robot_arm_2025_tasks/share/robot_arm_2025_tasks/package.xml
[0.721s] DEBUG:colcon.colcon_core.task.python.build:While undoing a previous installation files outside the Python library path are being ignored: /home/cody/ws_moveit/install/robot_arm_2025_tasks/lib/robot_arm_2025_tasks/typing_node
[0.723s] DEBUG:colcon.colcon_core.event_handler.log_command:Invoking command in '/home/cody/ws_moveit/build/robot_arm_2025_tasks': PYTHONPATH=/home/cody/ws_moveit/build/robot_arm_2025_tasks/prefix_override:/usr/lib/python3/dist-packages/colcon_core/task/python/colcon_distutils_commands:/home/cody/ws_moveit/install/robot_arm_2025_tasks/lib/python3.10/site-packages:${PYTHONPATH} /usr/bin/python3 -W ignore:setup.py install is deprecated -W ignore:easy_install command is deprecated setup.py develop --editable --build-directory /home/cody/ws_moveit/build/robot_arm_2025_tasks/build --no-deps symlink_data --force
[0.932s] Level 1:colcon.colcon_core.shell:create_environment_hook('robot_arm_2025_control', 'pythonpath_develop')
[0.933s] INFO:colcon.colcon_core.shell:Creating environment hook '/home/cody/ws_moveit/build/robot_arm_2025_control/share/robot_arm_2025_control/hook/pythonpath_develop.ps1'
[0.933s] DEBUG:colcon.colcon_core.event_handler.log_command:Invoked command in '/home/cody/ws_moveit/build/robot_arm_2025_control' returned '0': PYTHONPATH=/home/cody/ws_moveit/build/robot_arm_2025_control/prefix_override:/usr/lib/python3/dist-packages/colcon_core/task/python/colcon_distutils_commands:/home/cody/ws_moveit/install/robot_arm_2025_control/lib/python3.10/site-packages:${PYTHONPATH} /usr/bin/python3 -W ignore:setup.py install is deprecated -W ignore:easy_install command is deprecated setup.py develop --editable --build-directory /home/cody/ws_moveit/build/robot_arm_2025_control/build --no-deps symlink_data
[0.933s] INFO:colcon.colcon_core.shell:Creating environment descriptor '/home/cody/ws_moveit/build/robot_arm_2025_control/share/robot_arm_2025_control/hook/pythonpath_develop.dsv'
[0.933s] INFO:colcon.colcon_core.shell:Creating environment hook '/home/cody/ws_moveit/build/robot_arm_2025_control/share/robot_arm_2025_control/hook/pythonpath_develop.sh'
[0.934s] Level 1:colcon.colcon_core.environment:checking '/home/cody/ws_moveit/install/robot_arm_2025_control' for CMake module files
[0.934s] Level 1:colcon.colcon_core.environment:checking '/home/cody/ws_moveit/install/robot_arm_2025_control' for CMake config files
[0.934s] Level 1:colcon.colcon_core.environment:checking '/home/cody/ws_moveit/install/robot_arm_2025_control/lib'
[0.934s] Level 1:colcon.colcon_core.environment:checking '/home/cody/ws_moveit/install/robot_arm_2025_control/bin'
[0.935s] Level 1:colcon.colcon_core.environment:checking '/home/cody/ws_moveit/install/robot_arm_2025_control/lib/pkgconfig/robot_arm_2025_control.pc'
[0.935s] Level 1:colcon.colcon_core.environment:checking '/home/cody/ws_moveit/install/robot_arm_2025_control/lib/python3.10/site-packages'
[0.935s] Level 1:colcon.colcon_core.shell:create_environment_hook('robot_arm_2025_control', 'pythonpath')
[0.935s] INFO:colcon.colcon_core.shell:Creating environment hook '/home/cody/ws_moveit/install/robot_arm_2025_control/share/robot_arm_2025_control/hook/pythonpath.ps1'
[0.935s] INFO:colcon.colcon_core.shell:Creating environment descriptor '/home/cody/ws_moveit/install/robot_arm_2025_control/share/robot_arm_2025_control/hook/pythonpath.dsv'
[0.935s] INFO:colcon.colcon_core.shell:Creating environment hook '/home/cody/ws_moveit/install/robot_arm_2025_control/share/robot_arm_2025_control/hook/pythonpath.sh'
[0.936s] Level 1:colcon.colcon_core.environment:checking '/home/cody/ws_moveit/install/robot_arm_2025_control/bin'
[0.936s] Level 1:colcon.colcon_core.environment:create_environment_scripts_only(robot_arm_2025_control)
[0.936s] INFO:colcon.colcon_core.shell:Creating package script '/home/cody/ws_moveit/install/robot_arm_2025_control/share/robot_arm_2025_control/package.ps1'
[0.936s] INFO:colcon.colcon_core.shell:Creating package descriptor '/home/cody/ws_moveit/install/robot_arm_2025_control/share/robot_arm_2025_control/package.dsv'
[0.936s] INFO:colcon.colcon_core.shell:Creating package script '/home/cody/ws_moveit/install/robot_arm_2025_control/share/robot_arm_2025_control/package.sh'
[0.937s] INFO:colcon.colcon_core.shell:Creating package script '/home/cody/ws_moveit/install/robot_arm_2025_control/share/robot_arm_2025_control/package.bash'
[0.937s] INFO:colcon.colcon_core.shell:Creating package script '/home/cody/ws_moveit/install/robot_arm_2025_control/share/robot_arm_2025_control/package.zsh'
[0.937s] Level 1:colcon.colcon_core.environment:create_file_with_runtime_dependencies(/home/cody/ws_moveit/install/robot_arm_2025_control/share/colcon-core/packages/robot_arm_2025_control)
[0.942s] Level 1:colcon.colcon_core.shell:create_environment_hook('robot_arm_2025_tasks', 'pythonpath_develop')
[0.942s] DEBUG:colcon.colcon_core.event_handler.log_command:Invoked command in '/home/cody/ws_moveit/build/robot_arm_2025_tasks' returned '0': PYTHONPATH=/home/cody/ws_moveit/build/robot_arm_2025_tasks/prefix_override:/usr/lib/python3/dist-packages/colcon_core/task/python/colcon_distutils_commands:/home/cody/ws_moveit/install/robot_arm_2025_tasks/lib/python3.10/site-packages:${PYTHONPATH} /usr/bin/python3 -W ignore:setup.py install is deprecated -W ignore:easy_install command is deprecated setup.py develop --editable --build-directory /home/cody/ws_moveit/build/robot_arm_2025_tasks/build --no-deps symlink_data --force
[0.942s] INFO:colcon.colcon_core.shell:Creating environment hook '/home/cody/ws_moveit/build/robot_arm_2025_tasks/share/robot_arm_2025_tasks/hook/pythonpath_develop.ps1'
[0.943s] INFO:colcon.colcon_core.shell:Creating environment descriptor '/home/cody/ws_moveit/build/robot_arm_2025_tasks/share/robot_arm_2025_tasks/hook/pythonpath_develop.dsv'
[0.943s] INFO:colcon.colcon_core.shell:Creating environment hook '/home/cody/ws_moveit/build/robot_arm_2025_tasks/share/robot_arm_2025_tasks/hook/pythonpath_develop.sh'
[0.943s] Level 1:colcon.colcon_core.environment:checking '/home/cody/ws_moveit/install/robot_arm_2025_tasks' for CMake module files
[0.944s] Level 1:colcon.colcon_core.environment:checking '/home/cody/ws_moveit/install/robot_arm_2025_tasks' for CMake config files
[0.944s] Level 1:colcon.colcon_core.environment:checking '/home/cody/ws_moveit/install/robot_arm_2025_tasks/lib'
[0.944s] Level 1:colcon.colcon_core.environment:checking '/home/cody/ws_moveit/install/robot_arm_2025_tasks/bin'
[0.944s] Level 1:colcon.colcon_core.environment:checking '/home/cody/ws_moveit/install/robot_arm_2025_tasks/lib/pkgconfig/robot_arm_2025_tasks.pc'
[0.944s] Level 1:colcon.colcon_core.environment:checking '/home/cody/ws_moveit/install/robot_arm_2025_tasks/lib/python3.10/site-packages'
[0.944s] Level 1:colcon.colcon_core.shell:create_environment_hook('robot_arm_2025_tasks', 'pythonpath')
[0.944s] INFO:colcon.colcon_core.shell:Creating environment hook '/home/cody/ws_moveit/install/robot_arm_2025_tasks/share/robot_arm_2025_tasks/hook/pythonpath.ps1'
[0.944s] INFO:colcon.colcon_core.shell:Creating environment descriptor '/home/cody/ws_moveit/install/robot_arm_2025_tasks/share/robot_arm_2025_tasks/hook/pythonpath.dsv'
[0.945s] INFO:colcon.colcon_core.shell:Creating environment hook '/home/cody/ws_moveit/install/robot_arm_2025_tasks/share/robot_arm_2025_tasks/hook/pythonpath.sh'
[0.945s] Level 1:colcon.colcon_core.environment:checking '/home/cody/ws_moveit/install/robot_arm_2025_tasks/bin'
[0.945s] Level 1:colcon.colcon_core.environment:create_environment_scripts_only(robot_arm_2025_tasks)
[0.945s] INFO:colcon.colcon_core.shell:Creating package script '/home/cody/ws_moveit/install/robot_arm_2025_tasks/share/robot_arm_2025_tasks/package.ps1'
[0.946s] INFO:colcon.colcon_core.shell:Creating package descriptor '/home/cody/ws_moveit/install/robot_arm_2025_tasks/share/robot_arm_2025_tasks/package.dsv'
[0.946s] INFO:colcon.colcon_core.shell:Creating package script '/home/cody/ws_moveit/install/robot_arm_2025_tasks/share/robot_arm_2025_tasks/package.sh'
[0.946s] INFO:colcon.colcon_core.shell:Creating package script '/home/cody/ws_moveit/install/robot_arm_2025_tasks/share/robot_arm_2025_tasks/package.bash'
[0.946s] INFO:colcon.colcon_core.shell:Creating package script '/home/cody/ws_moveit/install/robot_arm_2025_tasks/share/robot_arm_2025_tasks/package.zsh'
[0.946s] Level 1:colcon.colcon_core.environment:create_file_with_runtime_dependencies(/home/cody/ws_moveit/install/robot_arm_2025_tasks/share/colcon-core/packages/robot_arm_2025_tasks)
[0.947s] DEBUG:colcon.colcon_parallel_executor.executor.parallel:closing loop
[0.947s] DEBUG:colcon.colcon_parallel_executor.executor.parallel:loop closed
[0.947s] DEBUG:colcon.colcon_parallel_executor.executor.parallel:run_until_complete finished with '0'
[0.947s] DEBUG:colcon.colcon_core.event_reactor:joining thread
[1.022s] INFO:colcon.colcon_core.plugin_system:Skipping extension 'colcon_notification.desktop_notification.notify_send': Could not find 'notify-send'
[1.022s] INFO:colcon.colcon_core.plugin_system:Skipping extension 'colcon_notification.desktop_notification.terminal_notifier': Not used on non-Darwin systems
[1.022s] INFO:colcon.colcon_core.plugin_system:Skipping extension 'colcon_notification.desktop_notification.win32': Not used on non-Windows systems
[1.022s] INFO:colcon.colcon_notification.desktop_notification:Sending desktop notification using 'notify2'
[1.022s] DEBUG:colcon.colcon_notification.desktop_notification.notify2:Failed to initialize notify2: org.freedesktop.DBus.Error.FileNotFound: Failed to connect to socket /run/user/1000/bus: No such file or directory
[1.022s] DEBUG:colcon.colcon_core.event_reactor:joined thread
[1.023s] INFO:colcon.colcon_core.shell:Creating prefix script '/home/cody/ws_moveit/install/local_setup.ps1'
[1.023s] INFO:colcon.colcon_core.shell:Creating prefix util module '/home/cody/ws_moveit/install/_local_setup_util_ps1.py'
[1.024s] INFO:colcon.colcon_core.shell:Creating prefix chain script '/home/cody/ws_moveit/install/setup.ps1'
[1.025s] INFO:colcon.colcon_core.shell:Creating prefix script '/home/cody/ws_moveit/install/local_setup.sh'
[1.025s] INFO:colcon.colcon_core.shell:Creating prefix util module '/home/cody/ws_moveit/install/_local_setup_util_sh.py'
[1.026s] INFO:colcon.colcon_core.shell:Creating prefix chain script '/home/cody/ws_moveit/install/setup.sh'
[1.026s] INFO:colcon.colcon_core.shell:Creating prefix script '/home/cody/ws_moveit/install/local_setup.bash'
[1.026s] INFO:colcon.colcon_core.shell:Creating prefix chain script '/home/cody/ws_moveit/install/setup.bash'
[1.027s] INFO:colcon.colcon_core.shell:Creating prefix script '/home/cody/ws_moveit/install/local_setup.zsh'
[1.027s] INFO:colcon.colcon_core.shell:Creating prefix chain script '/home/cody/ws_moveit/install/setup.zsh'
