[0.100s] DEBUG:colcon:Command line arguments: ['/usr/bin/colcon', 'build', '--symlink-install']
[0.100s] DEBUG:colcon:Parsed command line arguments: Namespace(log_base=None, log_level=None, verb_name='build', build_base='build', install_base='install', merge_install=False, symlink_install=True, test_result_base=None, continue_on_error=False, executor='parallel', parallel_workers=20, event_handlers=None, ignore_user_meta=False, metas=['./colcon.meta'], base_paths=['.'], packages_ignore=None, packages_ignore_regex=None, paths=None, packages_up_to=None, packages_up_to_regex=None, packages_above=None, packages_above_and_dependencies=None, packages_above_depth=None, packages_select_by_dep=None, packages_skip_by_dep=None, packages_skip_up_to=None, packages_select_build_failed=False, packages_skip_build_finished=False, packages_select_test_failures=False, packages_skip_test_passed=False, packages_select=None, packages_skip=None, packages_select_regex=None, packages_skip_regex=None, packages_start=None, packages_end=None, allow_overriding=[], cmake_args=None, cmake_target=None, cmake_target_skip_unavailable=False, cmake_clean_cache=False, cmake_clean_first=False, cmake_force_configure=False, ament_cmake_args=None, catkin_cmake_args=None, catkin_skip_building_tests=False, mixin_files=None, mixin=None, verb_parser=<colcon_mixin.mixin.mixin_argument.MixinArgumentDecorator object at 0x7f82e34b56f0>, verb_extension=<colcon_core.verb.build.BuildVerb object at 0x7f82e36a63e0>, main=<bound method BuildVerb.main of <colcon_core.verb.build.BuildVerb object at 0x7f82e36a63e0>>, mixin_verb=('build',))
[0.186s] Level 1:colcon.colcon_core.package_discovery:discover_packages(colcon_meta) check parameters
[0.186s] Level 1:colcon.colcon_core.package_discovery:discover_packages(recursive) check parameters
[0.186s] Level 1:colcon.colcon_core.package_discovery:discover_packages(ignore) check parameters
[0.186s] Level 1:colcon.colcon_core.package_discovery:discover_packages(path) check parameters
[0.186s] Level 1:colcon.colcon_core.package_discovery:discover_packages(colcon_meta) discover
[0.186s] Level 1:colcon.colcon_core.package_discovery:discover_packages(recursive) discover
[0.186s] INFO:colcon.colcon_core.package_discovery:Crawling recursively for packages in '/home/cody/ws_moveit'
[0.186s] Level 1:colcon.colcon_core.package_identification:_identify(.) by extensions ['ignore', 'ignore_ament_install']
[0.186s] Level 1:colcon.colcon_core.package_identification:_identify(.) by extension 'ignore'
[0.186s] Level 1:colcon.colcon_core.package_identification:_identify(.) by extension 'ignore_ament_install'
[0.186s] Level 1:colcon.colcon_core.package_identification:_identify(.) by extensions ['colcon_pkg']
[0.186s] Level 1:colcon.colcon_core.package_identification:_identify(.) by extension 'colcon_pkg'
[0.186s] Level 1:colcon.colcon_core.package_identification:_identify(.) by extensions ['colcon_meta']
[0.186s] Level 1:colcon.colcon_core.package_identification:_identify(.) by extension 'colcon_meta'
[0.186s] Level 1:colcon.colcon_core.package_identification:_identify(.) by extensions ['ros']
[0.186s] Level 1:colcon.colcon_core.package_identification:_identify(.) by extension 'ros'
[0.192s] Level 1:colcon.colcon_core.package_identification:_identify(.) by extensions ['cmake', 'python']
[0.192s] Level 1:colcon.colcon_core.package_identification:_identify(.) by extension 'cmake'
[0.192s] Level 1:colcon.colcon_core.package_identification:_identify(.) by extension 'python'
[0.192s] Level 1:colcon.colcon_core.package_identification:_identify(.) by extensions ['python_setup_py']
[0.192s] Level 1:colcon.colcon_core.package_identification:_identify(.) by extension 'python_setup_py'
[0.192s] Level 1:colcon.colcon_core.package_identification:_identify(build) by extensions ['ignore', 'ignore_ament_install']
[0.193s] Level 1:colcon.colcon_core.package_identification:_identify(build) by extension 'ignore'
[0.193s] Level 1:colcon.colcon_core.package_identification:_identify(build) ignored
[0.193s] Level 1:colcon.colcon_core.package_identification:_identify(install) by extensions ['ignore', 'ignore_ament_install']
[0.193s] Level 1:colcon.colcon_core.package_identification:_identify(install) by extension 'ignore'
[0.193s] Level 1:colcon.colcon_core.package_identification:_identify(install) ignored
[0.193s] Level 1:colcon.colcon_core.package_identification:_identify(log) by extensions ['ignore', 'ignore_ament_install']
[0.193s] Level 1:colcon.colcon_core.package_identification:_identify(log) by extension 'ignore'
[0.193s] Level 1:colcon.colcon_core.package_identification:_identify(log) ignored
[0.193s] Level 1:colcon.colcon_core.package_identification:_identify(src) by extensions ['ignore', 'ignore_ament_install']
[0.193s] Level 1:colcon.colcon_core.package_identification:_identify(src) by extension 'ignore'
[0.193s] Level 1:colcon.colcon_core.package_identification:_identify(src) by extension 'ignore_ament_install'
[0.193s] Level 1:colcon.colcon_core.package_identification:_identify(src) by extensions ['colcon_pkg']
[0.193s] Level 1:colcon.colcon_core.package_identification:_identify(src) by extension 'colcon_pkg'
[0.193s] Level 1:colcon.colcon_core.package_identification:_identify(src) by extensions ['colcon_meta']
[0.193s] Level 1:colcon.colcon_core.package_identification:_identify(src) by extension 'colcon_meta'
[0.193s] Level 1:colcon.colcon_core.package_identification:_identify(src) by extensions ['ros']
[0.193s] Level 1:colcon.colcon_core.package_identification:_identify(src) by extension 'ros'
[0.193s] Level 1:colcon.colcon_core.package_identification:_identify(src) by extensions ['cmake', 'python']
[0.193s] Level 1:colcon.colcon_core.package_identification:_identify(src) by extension 'cmake'
[0.193s] Level 1:colcon.colcon_core.package_identification:_identify(src) by extension 'python'
[0.193s] Level 1:colcon.colcon_core.package_identification:_identify(src) by extensions ['python_setup_py']
[0.193s] Level 1:colcon.colcon_core.package_identification:_identify(src) by extension 'python_setup_py'
[0.193s] Level 1:colcon.colcon_core.package_identification:_identify(src/robot_arm_2025) by extensions ['ignore', 'ignore_ament_install']
[0.193s] Level 1:colcon.colcon_core.package_identification:_identify(src/robot_arm_2025) by extension 'ignore'
[0.193s] Level 1:colcon.colcon_core.package_identification:_identify(src/robot_arm_2025) by extension 'ignore_ament_install'
[0.193s] Level 1:colcon.colcon_core.package_identification:_identify(src/robot_arm_2025) by extensions ['colcon_pkg']
[0.193s] Level 1:colcon.colcon_core.package_identification:_identify(src/robot_arm_2025) by extension 'colcon_pkg'
[0.193s] Level 1:colcon.colcon_core.package_identification:_identify(src/robot_arm_2025) by extensions ['colcon_meta']
[0.193s] Level 1:colcon.colcon_core.package_identification:_identify(src/robot_arm_2025) by extension 'colcon_meta'
[0.193s] Level 1:colcon.colcon_core.package_identification:_identify(src/robot_arm_2025) by extensions ['ros']
[0.193s] Level 1:colcon.colcon_core.package_identification:_identify(src/robot_arm_2025) by extension 'ros'
[0.195s] DEBUG:colcon.colcon_core.package_identification:Package 'src/robot_arm_2025' with type 'ros.ament_cmake' and name 'robot_arm_2025'
[0.195s] Level 1:colcon.colcon_core.package_identification:_identify(src/robot_arm_2025_config) by extensions ['ignore', 'ignore_ament_install']
[0.195s] Level 1:colcon.colcon_core.package_identification:_identify(src/robot_arm_2025_config) by extension 'ignore'
[0.195s] Level 1:colcon.colcon_core.package_identification:_identify(src/robot_arm_2025_config) by extension 'ignore_ament_install'
[0.195s] Level 1:colcon.colcon_core.package_identification:_identify(src/robot_arm_2025_config) by extensions ['colcon_pkg']
[0.195s] Level 1:colcon.colcon_core.package_identification:_identify(src/robot_arm_2025_config) by extension 'colcon_pkg'
[0.195s] Level 1:colcon.colcon_core.package_identification:_identify(src/robot_arm_2025_config) by extensions ['colcon_meta']
[0.195s] Level 1:colcon.colcon_core.package_identification:_identify(src/robot_arm_2025_config) by extension 'colcon_meta'
[0.195s] Level 1:colcon.colcon_core.package_identification:_identify(src/robot_arm_2025_config) by extensions ['ros']
[0.195s] Level 1:colcon.colcon_core.package_identification:_identify(src/robot_arm_2025_config) by extension 'ros'
[0.195s] DEBUG:colcon.colcon_core.package_identification:Package 'src/robot_arm_2025_config' with type 'ros.ament_cmake' and name 'robot_arm_2025_config'
[0.195s] Level 1:colcon.colcon_core.package_identification:_identify(src/robot_arm_2025_control) by extensions ['ignore', 'ignore_ament_install']
[0.196s] Level 1:colcon.colcon_core.package_identification:_identify(src/robot_arm_2025_control) by extension 'ignore'
[0.196s] Level 1:colcon.colcon_core.package_identification:_identify(src/robot_arm_2025_control) by extension 'ignore_ament_install'
[0.196s] Level 1:colcon.colcon_core.package_identification:_identify(src/robot_arm_2025_control) by extensions ['colcon_pkg']
[0.196s] Level 1:colcon.colcon_core.package_identification:_identify(src/robot_arm_2025_control) by extension 'colcon_pkg'
[0.196s] Level 1:colcon.colcon_core.package_identification:_identify(src/robot_arm_2025_control) by extensions ['colcon_meta']
[0.196s] Level 1:colcon.colcon_core.package_identification:_identify(src/robot_arm_2025_control) by extension 'colcon_meta'
[0.196s] Level 1:colcon.colcon_core.package_identification:_identify(src/robot_arm_2025_control) by extensions ['ros']
[0.196s] Level 1:colcon.colcon_core.package_identification:_identify(src/robot_arm_2025_control) by extension 'ros'
[0.196s] DEBUG:colcon.colcon_core.package_identification:Package 'src/robot_arm_2025_control' with type 'ros.ament_python' and name 'robot_arm_2025_control'
[0.196s] Level 1:colcon.colcon_core.package_identification:_identify(src/robot_arm_2025_tasks) by extensions ['ignore', 'ignore_ament_install']
[0.196s] Level 1:colcon.colcon_core.package_identification:_identify(src/robot_arm_2025_tasks) by extension 'ignore'
[0.196s] Level 1:colcon.colcon_core.package_identification:_identify(src/robot_arm_2025_tasks) by extension 'ignore_ament_install'
[0.196s] Level 1:colcon.colcon_core.package_identification:_identify(src/robot_arm_2025_tasks) by extensions ['colcon_pkg']
[0.196s] Level 1:colcon.colcon_core.package_identification:_identify(src/robot_arm_2025_tasks) by extension 'colcon_pkg'
[0.196s] Level 1:colcon.colcon_core.package_identification:_identify(src/robot_arm_2025_tasks) by extensions ['colcon_meta']
[0.196s] Level 1:colcon.colcon_core.package_identification:_identify(src/robot_arm_2025_tasks) by extension 'colcon_meta'
[0.196s] Level 1:colcon.colcon_core.package_identification:_identify(src/robot_arm_2025_tasks) by extensions ['ros']
[0.196s] Level 1:colcon.colcon_core.package_identification:_identify(src/robot_arm_2025_tasks) by extension 'ros'
[0.197s] DEBUG:colcon.colcon_core.package_identification:Package 'src/robot_arm_2025_tasks' with type 'ros.ament_python' and name 'robot_arm_2025_tasks'
[0.197s] Level 1:colcon.colcon_core.package_discovery:discover_packages(recursive) using defaults
[0.197s] Level 1:colcon.colcon_core.package_discovery:discover_packages(ignore) discover
[0.197s] Level 1:colcon.colcon_core.package_discovery:discover_packages(ignore) using defaults
[0.197s] Level 1:colcon.colcon_core.package_discovery:discover_packages(path) discover
[0.197s] Level 1:colcon.colcon_core.package_discovery:discover_packages(path) using defaults
[0.215s] Level 1:colcon.colcon_core.package_discovery:discover_packages(prefix_path) check parameters
[0.215s] Level 1:colcon.colcon_core.package_discovery:discover_packages(prefix_path) discover
[0.216s] DEBUG:colcon.colcon_installed_package_information.package_discovery:Found 4 installed packages in /home/cody/ws_moveit/install
[0.216s] DEBUG:colcon.colcon_installed_package_information.package_discovery:Found 356 installed packages in /opt/ros/humble
[0.217s] Level 1:colcon.colcon_core.package_discovery:discover_packages(prefix_path) using defaults
[0.241s] Level 5:colcon.colcon_core.verb:set package 'robot_arm_2025' build argument 'cmake_args' from command line to 'None'
[0.241s] Level 5:colcon.colcon_core.verb:set package 'robot_arm_2025' build argument 'cmake_target' from command line to 'None'
[0.241s] Level 5:colcon.colcon_core.verb:set package 'robot_arm_2025' build argument 'cmake_target_skip_unavailable' from command line to 'False'
[0.241s] Level 5:colcon.colcon_core.verb:set package 'robot_arm_2025' build argument 'cmake_clean_cache' from command line to 'False'
[0.241s] Level 5:colcon.colcon_core.verb:set package 'robot_arm_2025' build argument 'cmake_clean_first' from command line to 'False'
[0.241s] Level 5:colcon.colcon_core.verb:set package 'robot_arm_2025' build argument 'cmake_force_configure' from command line to 'False'
[0.241s] Level 5:colcon.colcon_core.verb:set package 'robot_arm_2025' build argument 'ament_cmake_args' from command line to 'None'
[0.241s] Level 5:colcon.colcon_core.verb:set package 'robot_arm_2025' build argument 'catkin_cmake_args' from command line to 'None'
[0.241s] Level 5:colcon.colcon_core.verb:set package 'robot_arm_2025' build argument 'catkin_skip_building_tests' from command line to 'False'
[0.241s] DEBUG:colcon.colcon_core.verb:Building package 'robot_arm_2025' with the following arguments: {'ament_cmake_args': None, 'build_base': '/home/cody/ws_moveit/build/robot_arm_2025', 'catkin_cmake_args': None, 'catkin_skip_building_tests': False, 'cmake_args': None, 'cmake_clean_cache': False, 'cmake_clean_first': False, 'cmake_force_configure': False, 'cmake_target': None, 'cmake_target_skip_unavailable': False, 'install_base': '/home/cody/ws_moveit/install/robot_arm_2025', 'merge_install': False, 'path': '/home/cody/ws_moveit/src/robot_arm_2025', 'symlink_install': True, 'test_result_base': None}
[0.241s] Level 5:colcon.colcon_core.verb:set package 'robot_arm_2025_control' build argument 'cmake_args' from command line to 'None'
[0.241s] Level 5:colcon.colcon_core.verb:set package 'robot_arm_2025_control' build argument 'cmake_target' from command line to 'None'
[0.241s] Level 5:colcon.colcon_core.verb:set package 'robot_arm_2025_control' build argument 'cmake_target_skip_unavailable' from command line to 'False'
[0.241s] Level 5:colcon.colcon_core.verb:set package 'robot_arm_2025_control' build argument 'cmake_clean_cache' from command line to 'False'
[0.241s] Level 5:colcon.colcon_core.verb:set package 'robot_arm_2025_control' build argument 'cmake_clean_first' from command line to 'False'
[0.241s] Level 5:colcon.colcon_core.verb:set package 'robot_arm_2025_control' build argument 'cmake_force_configure' from command line to 'False'
[0.241s] Level 5:colcon.colcon_core.verb:set package 'robot_arm_2025_control' build argument 'ament_cmake_args' from command line to 'None'
[0.241s] Level 5:colcon.colcon_core.verb:set package 'robot_arm_2025_control' build argument 'catkin_cmake_args' from command line to 'None'
[0.241s] Level 5:colcon.colcon_core.verb:set package 'robot_arm_2025_control' build argument 'catkin_skip_building_tests' from command line to 'False'
[0.241s] DEBUG:colcon.colcon_core.verb:Building package 'robot_arm_2025_control' with the following arguments: {'ament_cmake_args': None, 'build_base': '/home/cody/ws_moveit/build/robot_arm_2025_control', 'catkin_cmake_args': None, 'catkin_skip_building_tests': False, 'cmake_args': None, 'cmake_clean_cache': False, 'cmake_clean_first': False, 'cmake_force_configure': False, 'cmake_target': None, 'cmake_target_skip_unavailable': False, 'install_base': '/home/cody/ws_moveit/install/robot_arm_2025_control', 'merge_install': False, 'path': '/home/cody/ws_moveit/src/robot_arm_2025_control', 'symlink_install': True, 'test_result_base': None}
[0.241s] Level 5:colcon.colcon_core.verb:set package 'robot_arm_2025_tasks' build argument 'cmake_args' from command line to 'None'
[0.241s] Level 5:colcon.colcon_core.verb:set package 'robot_arm_2025_tasks' build argument 'cmake_target' from command line to 'None'
[0.241s] Level 5:colcon.colcon_core.verb:set package 'robot_arm_2025_tasks' build argument 'cmake_target_skip_unavailable' from command line to 'False'
[0.241s] Level 5:colcon.colcon_core.verb:set package 'robot_arm_2025_tasks' build argument 'cmake_clean_cache' from command line to 'False'
[0.241s] Level 5:colcon.colcon_core.verb:set package 'robot_arm_2025_tasks' build argument 'cmake_clean_first' from command line to 'False'
[0.241s] Level 5:colcon.colcon_core.verb:set package 'robot_arm_2025_tasks' build argument 'cmake_force_configure' from command line to 'False'
[0.241s] Level 5:colcon.colcon_core.verb:set package 'robot_arm_2025_tasks' build argument 'ament_cmake_args' from command line to 'None'
[0.241s] Level 5:colcon.colcon_core.verb:set package 'robot_arm_2025_tasks' build argument 'catkin_cmake_args' from command line to 'None'
[0.241s] Level 5:colcon.colcon_core.verb:set package 'robot_arm_2025_tasks' build argument 'catkin_skip_building_tests' from command line to 'False'
[0.241s] DEBUG:colcon.colcon_core.verb:Building package 'robot_arm_2025_tasks' with the following arguments: {'ament_cmake_args': None, 'build_base': '/home/cody/ws_moveit/build/robot_arm_2025_tasks', 'catkin_cmake_args': None, 'catkin_skip_building_tests': False, 'cmake_args': None, 'cmake_clean_cache': False, 'cmake_clean_first': False, 'cmake_force_configure': False, 'cmake_target': None, 'cmake_target_skip_unavailable': False, 'install_base': '/home/cody/ws_moveit/install/robot_arm_2025_tasks', 'merge_install': False, 'path': '/home/cody/ws_moveit/src/robot_arm_2025_tasks', 'symlink_install': True, 'test_result_base': None}
[0.241s] Level 5:colcon.colcon_core.verb:set package 'robot_arm_2025_config' build argument 'cmake_args' from command line to 'None'
[0.241s] Level 5:colcon.colcon_core.verb:set package 'robot_arm_2025_config' build argument 'cmake_target' from command line to 'None'
[0.241s] Level 5:colcon.colcon_core.verb:set package 'robot_arm_2025_config' build argument 'cmake_target_skip_unavailable' from command line to 'False'
[0.242s] Level 5:colcon.colcon_core.verb:set package 'robot_arm_2025_config' build argument 'cmake_clean_cache' from command line to 'False'
[0.242s] Level 5:colcon.colcon_core.verb:set package 'robot_arm_2025_config' build argument 'cmake_clean_first' from command line to 'False'
[0.242s] Level 5:colcon.colcon_core.verb:set package 'robot_arm_2025_config' build argument 'cmake_force_configure' from command line to 'False'
[0.242s] Level 5:colcon.colcon_core.verb:set package 'robot_arm_2025_config' build argument 'ament_cmake_args' from command line to 'None'
[0.242s] Level 5:colcon.colcon_core.verb:set package 'robot_arm_2025_config' build argument 'catkin_cmake_args' from command line to 'None'
[0.242s] Level 5:colcon.colcon_core.verb:set package 'robot_arm_2025_config' build argument 'catkin_skip_building_tests' from command line to 'False'
[0.242s] DEBUG:colcon.colcon_core.verb:Building package 'robot_arm_2025_config' with the following arguments: {'ament_cmake_args': None, 'build_base': '/home/cody/ws_moveit/build/robot_arm_2025_config', 'catkin_cmake_args': None, 'catkin_skip_building_tests': False, 'cmake_args': None, 'cmake_clean_cache': False, 'cmake_clean_first': False, 'cmake_force_configure': False, 'cmake_target': None, 'cmake_target_skip_unavailable': False, 'install_base': '/home/cody/ws_moveit/install/robot_arm_2025_config', 'merge_install': False, 'path': '/home/cody/ws_moveit/src/robot_arm_2025_config', 'symlink_install': True, 'test_result_base': None}
[0.242s] INFO:colcon.colcon_core.executor:Executing jobs using 'parallel' executor
[0.242s] DEBUG:colcon.colcon_parallel_executor.executor.parallel:run_until_complete
[0.242s] INFO:colcon.colcon_ros.task.ament_cmake.build:Building ROS package in '/home/cody/ws_moveit/src/robot_arm_2025' with build type 'ament_cmake'
[0.243s] INFO:colcon.colcon_cmake.task.cmake.build:Building CMake package in '/home/cody/ws_moveit/src/robot_arm_2025'
[0.244s] INFO:colcon.colcon_core.plugin_system:Skipping extension 'colcon_core.shell.bat': Not used on non-Windows systems
[0.244s] INFO:colcon.colcon_core.shell:Skip shell extension 'powershell' for command environment: Not usable outside of PowerShell
[0.244s] DEBUG:colcon.colcon_core.shell:Skip shell extension 'dsv' for command environment
[0.246s] INFO:colcon.colcon_ros.task.ament_python.build:Building ROS package in '/home/cody/ws_moveit/src/robot_arm_2025_control' with build type 'ament_python'
[0.246s] Level 1:colcon.colcon_core.shell:create_environment_hook('robot_arm_2025_control', 'ament_prefix_path')
[0.247s] INFO:colcon.colcon_core.shell:Creating environment hook '/home/cody/ws_moveit/install/robot_arm_2025_control/share/robot_arm_2025_control/hook/ament_prefix_path.ps1'
[0.248s] INFO:colcon.colcon_core.shell:Creating environment descriptor '/home/cody/ws_moveit/install/robot_arm_2025_control/share/robot_arm_2025_control/hook/ament_prefix_path.dsv'
[0.249s] INFO:colcon.colcon_core.shell:Creating environment hook '/home/cody/ws_moveit/install/robot_arm_2025_control/share/robot_arm_2025_control/hook/ament_prefix_path.sh'
[0.249s] INFO:colcon.colcon_core.shell:Skip shell extension 'powershell' for command environment: Not usable outside of PowerShell
[0.249s] DEBUG:colcon.colcon_core.shell:Skip shell extension 'dsv' for command environment
[0.252s] INFO:colcon.colcon_ros.task.ament_python.build:Building ROS package in '/home/cody/ws_moveit/src/robot_arm_2025_tasks' with build type 'ament_python'
[0.252s] Level 1:colcon.colcon_core.shell:create_environment_hook('robot_arm_2025_tasks', 'ament_prefix_path')
[0.252s] INFO:colcon.colcon_core.shell:Creating environment hook '/home/cody/ws_moveit/install/robot_arm_2025_tasks/share/robot_arm_2025_tasks/hook/ament_prefix_path.ps1'
[0.252s] INFO:colcon.colcon_core.shell:Creating environment descriptor '/home/cody/ws_moveit/install/robot_arm_2025_tasks/share/robot_arm_2025_tasks/hook/ament_prefix_path.dsv'
[0.253s] INFO:colcon.colcon_core.shell:Creating environment hook '/home/cody/ws_moveit/install/robot_arm_2025_tasks/share/robot_arm_2025_tasks/hook/ament_prefix_path.sh'
[0.253s] INFO:colcon.colcon_core.shell:Skip shell extension 'powershell' for command environment: Not usable outside of PowerShell
[0.253s] DEBUG:colcon.colcon_core.shell:Skip shell extension 'dsv' for command environment
[0.258s] DEBUG:colcon.colcon_core.event_handler.log_command:Invoking command in '/home/cody/ws_moveit/build/robot_arm_2025': CMAKE_PREFIX_PATH=${CMAKE_PREFIX_PATH}:/home/cody/ws_moveit/install/robot_arm_2025_control:/opt/ros/humble /usr/bin/cmake --build /home/cody/ws_moveit/build/robot_arm_2025 -- -j20 -l20
[0.388s] INFO:colcon.colcon_core.task.python.build:Building Python package in '/home/cody/ws_moveit/src/robot_arm_2025_control'
[0.388s] INFO:colcon.colcon_core.shell:Skip shell extension 'powershell' for command environment: Not usable outside of PowerShell
[0.388s] DEBUG:colcon.colcon_core.shell:Skip shell extension 'dsv' for command environment
[0.518s] INFO:colcon.colcon_core.task.python.build:Building Python package in '/home/cody/ws_moveit/src/robot_arm_2025_tasks'
[0.518s] INFO:colcon.colcon_core.shell:Skip shell extension 'powershell' for command environment: Not usable outside of PowerShell
[0.518s] DEBUG:colcon.colcon_core.shell:Skip shell extension 'dsv' for command environment
[0.521s] DEBUG:colcon.colcon_core.event_handler.log_command:Invoked command in '/home/cody/ws_moveit/build/robot_arm_2025' returned '0': CMAKE_PREFIX_PATH=${CMAKE_PREFIX_PATH}:/home/cody/ws_moveit/install/robot_arm_2025_control:/opt/ros/humble /usr/bin/cmake --build /home/cody/ws_moveit/build/robot_arm_2025 -- -j20 -l20
[0.528s] DEBUG:colcon.colcon_core.event_handler.log_command:Invoking command in '/home/cody/ws_moveit/build/robot_arm_2025': CMAKE_PREFIX_PATH=${CMAKE_PREFIX_PATH}:/home/cody/ws_moveit/install/robot_arm_2025_control:/opt/ros/humble /usr/bin/cmake --install /home/cody/ws_moveit/build/robot_arm_2025
[0.540s] Level 1:colcon.colcon_core.environment:create_environment_scripts_only(robot_arm_2025)
[0.541s] DEBUG:colcon.colcon_core.event_handler.log_command:Invoked command in '/home/cody/ws_moveit/build/robot_arm_2025' returned '0': CMAKE_PREFIX_PATH=${CMAKE_PREFIX_PATH}:/home/cody/ws_moveit/install/robot_arm_2025_control:/opt/ros/humble /usr/bin/cmake --install /home/cody/ws_moveit/build/robot_arm_2025
[0.542s] Level 1:colcon.colcon_core.environment:checking '/home/cody/ws_moveit/install/robot_arm_2025' for CMake module files
[0.543s] Level 1:colcon.colcon_core.environment:checking '/home/cody/ws_moveit/install/robot_arm_2025' for CMake config files
[0.543s] Level 1:colcon.colcon_core.shell:create_environment_hook('robot_arm_2025', 'cmake_prefix_path')
[0.543s] INFO:colcon.colcon_core.shell:Creating environment hook '/home/cody/ws_moveit/install/robot_arm_2025/share/robot_arm_2025/hook/cmake_prefix_path.ps1'
[0.543s] INFO:colcon.colcon_core.shell:Creating environment descriptor '/home/cody/ws_moveit/install/robot_arm_2025/share/robot_arm_2025/hook/cmake_prefix_path.dsv'
[0.544s] INFO:colcon.colcon_core.shell:Creating environment hook '/home/cody/ws_moveit/install/robot_arm_2025/share/robot_arm_2025/hook/cmake_prefix_path.sh'
[0.544s] Level 1:colcon.colcon_core.environment:checking '/home/cody/ws_moveit/install/robot_arm_2025/bin'
[0.544s] Level 1:colcon.colcon_core.environment:checking '/home/cody/ws_moveit/install/robot_arm_2025/lib/pkgconfig/robot_arm_2025.pc'
[0.544s] Level 1:colcon.colcon_core.environment:checking '/home/cody/ws_moveit/install/robot_arm_2025/lib/python3.10/site-packages'
[0.544s] Level 1:colcon.colcon_core.environment:checking '/home/cody/ws_moveit/install/robot_arm_2025/bin'
[0.544s] INFO:colcon.colcon_core.shell:Creating package script '/home/cody/ws_moveit/install/robot_arm_2025/share/robot_arm_2025/package.ps1'
[0.545s] INFO:colcon.colcon_core.shell:Creating package descriptor '/home/cody/ws_moveit/install/robot_arm_2025/share/robot_arm_2025/package.dsv'
[0.545s] INFO:colcon.colcon_core.shell:Creating package script '/home/cody/ws_moveit/install/robot_arm_2025/share/robot_arm_2025/package.sh'
[0.546s] INFO:colcon.colcon_core.shell:Creating package script '/home/cody/ws_moveit/install/robot_arm_2025/share/robot_arm_2025/package.bash'
[0.546s] INFO:colcon.colcon_core.shell:Creating package script '/home/cody/ws_moveit/install/robot_arm_2025/share/robot_arm_2025/package.zsh'
[0.546s] Level 1:colcon.colcon_core.environment:create_file_with_runtime_dependencies(/home/cody/ws_moveit/install/robot_arm_2025/share/colcon-core/packages/robot_arm_2025)
[0.547s] Level 1:colcon.colcon_core.environment:create_environment_scripts_only(robot_arm_2025)
[0.547s] Level 1:colcon.colcon_core.environment:checking '/home/cody/ws_moveit/install/robot_arm_2025' for CMake module files
[0.547s] Level 1:colcon.colcon_core.environment:checking '/home/cody/ws_moveit/install/robot_arm_2025' for CMake config files
[0.547s] Level 1:colcon.colcon_core.shell:create_environment_hook('robot_arm_2025', 'cmake_prefix_path')
[0.548s] INFO:colcon.colcon_core.shell:Creating environment hook '/home/cody/ws_moveit/install/robot_arm_2025/share/robot_arm_2025/hook/cmake_prefix_path.ps1'
[0.548s] INFO:colcon.colcon_core.shell:Creating environment descriptor '/home/cody/ws_moveit/install/robot_arm_2025/share/robot_arm_2025/hook/cmake_prefix_path.dsv'
[0.548s] INFO:colcon.colcon_core.shell:Creating environment hook '/home/cody/ws_moveit/install/robot_arm_2025/share/robot_arm_2025/hook/cmake_prefix_path.sh'
[0.548s] Level 1:colcon.colcon_core.environment:checking '/home/cody/ws_moveit/install/robot_arm_2025/bin'
[0.548s] Level 1:colcon.colcon_core.environment:checking '/home/cody/ws_moveit/install/robot_arm_2025/lib/pkgconfig/robot_arm_2025.pc'
[0.548s] Level 1:colcon.colcon_core.environment:checking '/home/cody/ws_moveit/install/robot_arm_2025/lib/python3.10/site-packages'
[0.549s] Level 1:colcon.colcon_core.environment:checking '/home/cody/ws_moveit/install/robot_arm_2025/bin'
[0.549s] INFO:colcon.colcon_core.shell:Creating package script '/home/cody/ws_moveit/install/robot_arm_2025/share/robot_arm_2025/package.ps1'
[0.549s] INFO:colcon.colcon_core.shell:Creating package descriptor '/home/cody/ws_moveit/install/robot_arm_2025/share/robot_arm_2025/package.dsv'
[0.549s] INFO:colcon.colcon_core.shell:Creating package script '/home/cody/ws_moveit/install/robot_arm_2025/share/robot_arm_2025/package.sh'
[0.549s] INFO:colcon.colcon_core.shell:Creating package script '/home/cody/ws_moveit/install/robot_arm_2025/share/robot_arm_2025/package.bash'
[0.550s] INFO:colcon.colcon_core.shell:Creating package script '/home/cody/ws_moveit/install/robot_arm_2025/share/robot_arm_2025/package.zsh'
[0.550s] Level 1:colcon.colcon_core.environment:create_file_with_runtime_dependencies(/home/cody/ws_moveit/install/robot_arm_2025/share/colcon-core/packages/robot_arm_2025)
[0.550s] INFO:colcon.colcon_ros.task.ament_cmake.build:Building ROS package in '/home/cody/ws_moveit/src/robot_arm_2025_config' with build type 'ament_cmake'
[0.550s] INFO:colcon.colcon_cmake.task.cmake.build:Building CMake package in '/home/cody/ws_moveit/src/robot_arm_2025_config'
[0.550s] INFO:colcon.colcon_core.shell:Skip shell extension 'powershell' for command environment: Not usable outside of PowerShell
[0.550s] DEBUG:colcon.colcon_core.shell:Skip shell extension 'dsv' for command environment
[0.574s] DEBUG:colcon.colcon_core.event_handler.log_command:Invoking command in '/home/cody/ws_moveit/build/robot_arm_2025_config': CMAKE_PREFIX_PATH=/home/cody/ws_moveit/install/robot_arm_2025:/home/cody/ws_moveit/install/robot_arm_2025_config:/home/cody/ws_moveit/install/robot_arm_2025_control:/opt/ros/humble /usr/bin/cmake --build /home/cody/ws_moveit/build/robot_arm_2025_config -- -j20 -l20
[0.597s] DEBUG:colcon.colcon_core.event_handler.log_command:Invoked command in '/home/cody/ws_moveit/build/robot_arm_2025_config' returned '0': CMAKE_PREFIX_PATH=/home/cody/ws_moveit/install/robot_arm_2025:/home/cody/ws_moveit/install/robot_arm_2025_config:/home/cody/ws_moveit/install/robot_arm_2025_control:/opt/ros/humble /usr/bin/cmake --build /home/cody/ws_moveit/build/robot_arm_2025_config -- -j20 -l20
[0.598s] DEBUG:colcon.colcon_core.event_handler.log_command:Invoking command in '/home/cody/ws_moveit/build/robot_arm_2025_config': CMAKE_PREFIX_PATH=/home/cody/ws_moveit/install/robot_arm_2025:/home/cody/ws_moveit/install/robot_arm_2025_config:/home/cody/ws_moveit/install/robot_arm_2025_control:/opt/ros/humble /usr/bin/cmake --install /home/cody/ws_moveit/build/robot_arm_2025_config
[0.611s] Level 1:colcon.colcon_core.environment:create_environment_scripts_only(robot_arm_2025_config)
[0.612s] Level 1:colcon.colcon_core.environment:checking '/home/cody/ws_moveit/install/robot_arm_2025_config' for CMake module files
[0.612s] DEBUG:colcon.colcon_core.event_handler.log_command:Invoked command in '/home/cody/ws_moveit/build/robot_arm_2025_config' returned '0': CMAKE_PREFIX_PATH=/home/cody/ws_moveit/install/robot_arm_2025:/home/cody/ws_moveit/install/robot_arm_2025_config:/home/cody/ws_moveit/install/robot_arm_2025_control:/opt/ros/humble /usr/bin/cmake --install /home/cody/ws_moveit/build/robot_arm_2025_config
[0.612s] Level 1:colcon.colcon_core.environment:checking '/home/cody/ws_moveit/install/robot_arm_2025_config' for CMake config files
[0.612s] Level 1:colcon.colcon_core.shell:create_environment_hook('robot_arm_2025_config', 'cmake_prefix_path')
[0.613s] INFO:colcon.colcon_core.shell:Creating environment hook '/home/cody/ws_moveit/install/robot_arm_2025_config/share/robot_arm_2025_config/hook/cmake_prefix_path.ps1'
[0.613s] INFO:colcon.colcon_core.shell:Creating environment descriptor '/home/cody/ws_moveit/install/robot_arm_2025_config/share/robot_arm_2025_config/hook/cmake_prefix_path.dsv'
[0.613s] INFO:colcon.colcon_core.shell:Creating environment hook '/home/cody/ws_moveit/install/robot_arm_2025_config/share/robot_arm_2025_config/hook/cmake_prefix_path.sh'
[0.614s] Level 1:colcon.colcon_core.environment:checking '/home/cody/ws_moveit/install/robot_arm_2025_config/bin'
[0.614s] Level 1:colcon.colcon_core.environment:checking '/home/cody/ws_moveit/install/robot_arm_2025_config/lib/pkgconfig/robot_arm_2025_config.pc'
[0.614s] Level 1:colcon.colcon_core.environment:checking '/home/cody/ws_moveit/install/robot_arm_2025_config/lib/python3.10/site-packages'
[0.614s] Level 1:colcon.colcon_core.environment:checking '/home/cody/ws_moveit/install/robot_arm_2025_config/bin'
[0.614s] INFO:colcon.colcon_core.shell:Creating package script '/home/cody/ws_moveit/install/robot_arm_2025_config/share/robot_arm_2025_config/package.ps1'
[0.614s] INFO:colcon.colcon_core.shell:Creating package descriptor '/home/cody/ws_moveit/install/robot_arm_2025_config/share/robot_arm_2025_config/package.dsv'
[0.615s] INFO:colcon.colcon_core.shell:Creating package script '/home/cody/ws_moveit/install/robot_arm_2025_config/share/robot_arm_2025_config/package.sh'
[0.615s] INFO:colcon.colcon_core.shell:Creating package script '/home/cody/ws_moveit/install/robot_arm_2025_config/share/robot_arm_2025_config/package.bash'
[0.615s] INFO:colcon.colcon_core.shell:Creating package script '/home/cody/ws_moveit/install/robot_arm_2025_config/share/robot_arm_2025_config/package.zsh'
[0.615s] Level 1:colcon.colcon_core.environment:create_file_with_runtime_dependencies(/home/cody/ws_moveit/install/robot_arm_2025_config/share/colcon-core/packages/robot_arm_2025_config)
[0.616s] Level 1:colcon.colcon_core.environment:create_environment_scripts_only(robot_arm_2025_config)
[0.616s] Level 1:colcon.colcon_core.environment:checking '/home/cody/ws_moveit/install/robot_arm_2025_config' for CMake module files
[0.616s] Level 1:colcon.colcon_core.environment:checking '/home/cody/ws_moveit/install/robot_arm_2025_config' for CMake config files
[0.616s] Level 1:colcon.colcon_core.shell:create_environment_hook('robot_arm_2025_config', 'cmake_prefix_path')
[0.616s] INFO:colcon.colcon_core.shell:Creating environment hook '/home/cody/ws_moveit/install/robot_arm_2025_config/share/robot_arm_2025_config/hook/cmake_prefix_path.ps1'
[0.617s] INFO:colcon.colcon_core.shell:Creating environment descriptor '/home/cody/ws_moveit/install/robot_arm_2025_config/share/robot_arm_2025_config/hook/cmake_prefix_path.dsv'
[0.617s] INFO:colcon.colcon_core.shell:Creating environment hook '/home/cody/ws_moveit/install/robot_arm_2025_config/share/robot_arm_2025_config/hook/cmake_prefix_path.sh'
[0.617s] Level 1:colcon.colcon_core.environment:checking '/home/cody/ws_moveit/install/robot_arm_2025_config/bin'
[0.617s] Level 1:colcon.colcon_core.environment:checking '/home/cody/ws_moveit/install/robot_arm_2025_config/lib/pkgconfig/robot_arm_2025_config.pc'
[0.617s] Level 1:colcon.colcon_core.environment:checking '/home/cody/ws_moveit/install/robot_arm_2025_config/lib/python3.10/site-packages'
[0.618s] Level 1:colcon.colcon_core.environment:checking '/home/cody/ws_moveit/install/robot_arm_2025_config/bin'
[0.618s] INFO:colcon.colcon_core.shell:Creating package script '/home/cody/ws_moveit/install/robot_arm_2025_config/share/robot_arm_2025_config/package.ps1'
[0.618s] INFO:colcon.colcon_core.shell:Creating package descriptor '/home/cody/ws_moveit/install/robot_arm_2025_config/share/robot_arm_2025_config/package.dsv'
[0.618s] INFO:colcon.colcon_core.shell:Creating package script '/home/cody/ws_moveit/install/robot_arm_2025_config/share/robot_arm_2025_config/package.sh'
[0.618s] INFO:colcon.colcon_core.shell:Creating package script '/home/cody/ws_moveit/install/robot_arm_2025_config/share/robot_arm_2025_config/package.bash'
[0.619s] INFO:colcon.colcon_core.shell:Creating package script '/home/cody/ws_moveit/install/robot_arm_2025_config/share/robot_arm_2025_config/package.zsh'
[0.619s] Level 1:colcon.colcon_core.environment:create_file_with_runtime_dependencies(/home/cody/ws_moveit/install/robot_arm_2025_config/share/colcon-core/packages/robot_arm_2025_config)
[0.727s] DEBUG:colcon.colcon_core.event_handler.log_command:Invoking command in '/home/cody/ws_moveit/build/robot_arm_2025_control': PYTHONPATH=/home/cody/ws_moveit/build/robot_arm_2025_control/prefix_override:/usr/lib/python3/dist-packages/colcon_core/task/python/colcon_distutils_commands:/home/cody/ws_moveit/install/robot_arm_2025_control/lib/python3.10/site-packages:${PYTHONPATH} /usr/bin/python3 -W ignore:setup.py install is deprecated -W ignore:easy_install command is deprecated setup.py develop --editable --build-directory /home/cody/ws_moveit/build/robot_arm_2025_control/build --no-deps symlink_data
[0.729s] DEBUG:colcon.colcon_core.event_handler.log_command:Invoking command in '/home/cody/ws_moveit/build/robot_arm_2025_tasks': PYTHONPATH=/home/cody/ws_moveit/build/robot_arm_2025_tasks/prefix_override:/usr/lib/python3/dist-packages/colcon_core/task/python/colcon_distutils_commands:/home/cody/ws_moveit/install/robot_arm_2025_tasks/lib/python3.10/site-packages:${PYTHONPATH} /usr/bin/python3 -W ignore:setup.py install is deprecated -W ignore:easy_install command is deprecated setup.py develop --editable --build-directory /home/cody/ws_moveit/build/robot_arm_2025_tasks/build --no-deps symlink_data
[0.952s] Level 1:colcon.colcon_core.shell:create_environment_hook('robot_arm_2025_tasks', 'pythonpath_develop')
[0.952s] INFO:colcon.colcon_core.shell:Creating environment hook '/home/cody/ws_moveit/build/robot_arm_2025_tasks/share/robot_arm_2025_tasks/hook/pythonpath_develop.ps1'
[0.953s] DEBUG:colcon.colcon_core.event_handler.log_command:Invoked command in '/home/cody/ws_moveit/build/robot_arm_2025_tasks' returned '0': PYTHONPATH=/home/cody/ws_moveit/build/robot_arm_2025_tasks/prefix_override:/usr/lib/python3/dist-packages/colcon_core/task/python/colcon_distutils_commands:/home/cody/ws_moveit/install/robot_arm_2025_tasks/lib/python3.10/site-packages:${PYTHONPATH} /usr/bin/python3 -W ignore:setup.py install is deprecated -W ignore:easy_install command is deprecated setup.py develop --editable --build-directory /home/cody/ws_moveit/build/robot_arm_2025_tasks/build --no-deps symlink_data
[0.953s] INFO:colcon.colcon_core.shell:Creating environment descriptor '/home/cody/ws_moveit/build/robot_arm_2025_tasks/share/robot_arm_2025_tasks/hook/pythonpath_develop.dsv'
[0.953s] INFO:colcon.colcon_core.shell:Creating environment hook '/home/cody/ws_moveit/build/robot_arm_2025_tasks/share/robot_arm_2025_tasks/hook/pythonpath_develop.sh'
[0.954s] Level 1:colcon.colcon_core.environment:checking '/home/cody/ws_moveit/install/robot_arm_2025_tasks' for CMake module files
[0.954s] Level 1:colcon.colcon_core.environment:checking '/home/cody/ws_moveit/install/robot_arm_2025_tasks' for CMake config files
[0.954s] Level 1:colcon.colcon_core.environment:checking '/home/cody/ws_moveit/install/robot_arm_2025_tasks/lib'
[0.954s] Level 1:colcon.colcon_core.environment:checking '/home/cody/ws_moveit/install/robot_arm_2025_tasks/bin'
[0.954s] Level 1:colcon.colcon_core.environment:checking '/home/cody/ws_moveit/install/robot_arm_2025_tasks/lib/pkgconfig/robot_arm_2025_tasks.pc'
[0.954s] Level 1:colcon.colcon_core.environment:checking '/home/cody/ws_moveit/install/robot_arm_2025_tasks/lib/python3.10/site-packages'
[0.954s] Level 1:colcon.colcon_core.shell:create_environment_hook('robot_arm_2025_tasks', 'pythonpath')
[0.954s] INFO:colcon.colcon_core.shell:Creating environment hook '/home/cody/ws_moveit/install/robot_arm_2025_tasks/share/robot_arm_2025_tasks/hook/pythonpath.ps1'
[0.955s] INFO:colcon.colcon_core.shell:Creating environment descriptor '/home/cody/ws_moveit/install/robot_arm_2025_tasks/share/robot_arm_2025_tasks/hook/pythonpath.dsv'
[0.955s] INFO:colcon.colcon_core.shell:Creating environment hook '/home/cody/ws_moveit/install/robot_arm_2025_tasks/share/robot_arm_2025_tasks/hook/pythonpath.sh'
[0.955s] Level 1:colcon.colcon_core.environment:checking '/home/cody/ws_moveit/install/robot_arm_2025_tasks/bin'
[0.955s] Level 1:colcon.colcon_core.environment:create_environment_scripts_only(robot_arm_2025_tasks)
[0.955s] INFO:colcon.colcon_core.shell:Creating package script '/home/cody/ws_moveit/install/robot_arm_2025_tasks/share/robot_arm_2025_tasks/package.ps1'
[0.956s] INFO:colcon.colcon_core.shell:Creating package descriptor '/home/cody/ws_moveit/install/robot_arm_2025_tasks/share/robot_arm_2025_tasks/package.dsv'
[0.956s] INFO:colcon.colcon_core.shell:Creating package script '/home/cody/ws_moveit/install/robot_arm_2025_tasks/share/robot_arm_2025_tasks/package.sh'
[0.956s] INFO:colcon.colcon_core.shell:Creating package script '/home/cody/ws_moveit/install/robot_arm_2025_tasks/share/robot_arm_2025_tasks/package.bash'
[0.956s] INFO:colcon.colcon_core.shell:Creating package script '/home/cody/ws_moveit/install/robot_arm_2025_tasks/share/robot_arm_2025_tasks/package.zsh'
[0.957s] Level 1:colcon.colcon_core.environment:create_file_with_runtime_dependencies(/home/cody/ws_moveit/install/robot_arm_2025_tasks/share/colcon-core/packages/robot_arm_2025_tasks)
[0.957s] Level 1:colcon.colcon_core.shell:create_environment_hook('robot_arm_2025_control', 'pythonpath_develop')
[0.957s] INFO:colcon.colcon_core.shell:Creating environment hook '/home/cody/ws_moveit/build/robot_arm_2025_control/share/robot_arm_2025_control/hook/pythonpath_develop.ps1'
[0.958s] DEBUG:colcon.colcon_core.event_handler.log_command:Invoked command in '/home/cody/ws_moveit/build/robot_arm_2025_control' returned '0': PYTHONPATH=/home/cody/ws_moveit/build/robot_arm_2025_control/prefix_override:/usr/lib/python3/dist-packages/colcon_core/task/python/colcon_distutils_commands:/home/cody/ws_moveit/install/robot_arm_2025_control/lib/python3.10/site-packages:${PYTHONPATH} /usr/bin/python3 -W ignore:setup.py install is deprecated -W ignore:easy_install command is deprecated setup.py develop --editable --build-directory /home/cody/ws_moveit/build/robot_arm_2025_control/build --no-deps symlink_data
[0.958s] INFO:colcon.colcon_core.shell:Creating environment descriptor '/home/cody/ws_moveit/build/robot_arm_2025_control/share/robot_arm_2025_control/hook/pythonpath_develop.dsv'
[0.958s] INFO:colcon.colcon_core.shell:Creating environment hook '/home/cody/ws_moveit/build/robot_arm_2025_control/share/robot_arm_2025_control/hook/pythonpath_develop.sh'
[0.958s] Level 1:colcon.colcon_core.environment:checking '/home/cody/ws_moveit/install/robot_arm_2025_control' for CMake module files
[0.959s] Level 1:colcon.colcon_core.environment:checking '/home/cody/ws_moveit/install/robot_arm_2025_control' for CMake config files
[0.959s] Level 1:colcon.colcon_core.environment:checking '/home/cody/ws_moveit/install/robot_arm_2025_control/lib'
[0.959s] Level 1:colcon.colcon_core.environment:checking '/home/cody/ws_moveit/install/robot_arm_2025_control/bin'
[0.959s] Level 1:colcon.colcon_core.environment:checking '/home/cody/ws_moveit/install/robot_arm_2025_control/lib/pkgconfig/robot_arm_2025_control.pc'
[0.959s] Level 1:colcon.colcon_core.environment:checking '/home/cody/ws_moveit/install/robot_arm_2025_control/lib/python3.10/site-packages'
[0.959s] Level 1:colcon.colcon_core.shell:create_environment_hook('robot_arm_2025_control', 'pythonpath')
[0.959s] INFO:colcon.colcon_core.shell:Creating environment hook '/home/cody/ws_moveit/install/robot_arm_2025_control/share/robot_arm_2025_control/hook/pythonpath.ps1'
[0.959s] INFO:colcon.colcon_core.shell:Creating environment descriptor '/home/cody/ws_moveit/install/robot_arm_2025_control/share/robot_arm_2025_control/hook/pythonpath.dsv'
[0.960s] INFO:colcon.colcon_core.shell:Creating environment hook '/home/cody/ws_moveit/install/robot_arm_2025_control/share/robot_arm_2025_control/hook/pythonpath.sh'
[0.960s] Level 1:colcon.colcon_core.environment:checking '/home/cody/ws_moveit/install/robot_arm_2025_control/bin'
[0.960s] Level 1:colcon.colcon_core.environment:create_environment_scripts_only(robot_arm_2025_control)
[0.960s] INFO:colcon.colcon_core.shell:Creating package script '/home/cody/ws_moveit/install/robot_arm_2025_control/share/robot_arm_2025_control/package.ps1'
[0.961s] INFO:colcon.colcon_core.shell:Creating package descriptor '/home/cody/ws_moveit/install/robot_arm_2025_control/share/robot_arm_2025_control/package.dsv'
[0.961s] INFO:colcon.colcon_core.shell:Creating package script '/home/cody/ws_moveit/install/robot_arm_2025_control/share/robot_arm_2025_control/package.sh'
[0.961s] INFO:colcon.colcon_core.shell:Creating package script '/home/cody/ws_moveit/install/robot_arm_2025_control/share/robot_arm_2025_control/package.bash'
[0.961s] INFO:colcon.colcon_core.shell:Creating package script '/home/cody/ws_moveit/install/robot_arm_2025_control/share/robot_arm_2025_control/package.zsh'
[0.961s] Level 1:colcon.colcon_core.environment:create_file_with_runtime_dependencies(/home/cody/ws_moveit/install/robot_arm_2025_control/share/colcon-core/packages/robot_arm_2025_control)
[0.962s] DEBUG:colcon.colcon_parallel_executor.executor.parallel:closing loop
[0.962s] DEBUG:colcon.colcon_parallel_executor.executor.parallel:loop closed
[0.962s] DEBUG:colcon.colcon_parallel_executor.executor.parallel:run_until_complete finished with '0'
[0.962s] DEBUG:colcon.colcon_core.event_reactor:joining thread
[0.985s] INFO:colcon.colcon_core.plugin_system:Skipping extension 'colcon_notification.desktop_notification.notify_send': Could not find 'notify-send'
[0.985s] INFO:colcon.colcon_core.plugin_system:Skipping extension 'colcon_notification.desktop_notification.terminal_notifier': Not used on non-Darwin systems
[0.985s] INFO:colcon.colcon_core.plugin_system:Skipping extension 'colcon_notification.desktop_notification.win32': Not used on non-Windows systems
[0.985s] INFO:colcon.colcon_notification.desktop_notification:Sending desktop notification using 'notify2'
[0.986s] DEBUG:colcon.colcon_notification.desktop_notification.notify2:Failed to initialize notify2: org.freedesktop.DBus.Error.FileNotFound: Failed to connect to socket /run/user/1000/bus: No such file or directory
[0.986s] DEBUG:colcon.colcon_core.event_reactor:joined thread
[0.986s] INFO:colcon.colcon_core.shell:Creating prefix script '/home/cody/ws_moveit/install/local_setup.ps1'
[0.987s] INFO:colcon.colcon_core.shell:Creating prefix util module '/home/cody/ws_moveit/install/_local_setup_util_ps1.py'
[0.987s] INFO:colcon.colcon_core.shell:Creating prefix chain script '/home/cody/ws_moveit/install/setup.ps1'
[0.988s] INFO:colcon.colcon_core.shell:Creating prefix script '/home/cody/ws_moveit/install/local_setup.sh'
[0.988s] INFO:colcon.colcon_core.shell:Creating prefix util module '/home/cody/ws_moveit/install/_local_setup_util_sh.py'
[0.988s] INFO:colcon.colcon_core.shell:Creating prefix chain script '/home/cody/ws_moveit/install/setup.sh'
[0.989s] INFO:colcon.colcon_core.shell:Creating prefix script '/home/cody/ws_moveit/install/local_setup.bash'
[0.989s] INFO:colcon.colcon_core.shell:Creating prefix chain script '/home/cody/ws_moveit/install/setup.bash'
[0.990s] INFO:colcon.colcon_core.shell:Creating prefix script '/home/cody/ws_moveit/install/local_setup.zsh'
[0.990s] INFO:colcon.colcon_core.shell:Creating prefix chain script '/home/cody/ws_moveit/install/setup.zsh'
