[0.551s] Invoking command in '/home/cody/ws_moveit/src/build/robot_arm_2025_tasks': PYTHONPATH=/home/cody/ws_moveit/src/build/robot_arm_2025_tasks/prefix_override:/usr/lib/python3/dist-packages/colcon_core/task/python/colcon_distutils_commands:/home/cody/ws_moveit/src/install/robot_arm_2025_tasks/lib/python3.10/site-packages:${PYTHONPATH} /usr/bin/python3 -W ignore:setup.py install is deprecated -W ignore:easy_install command is deprecated setup.py develop --editable --build-directory /home/cody/ws_moveit/src/build/robot_arm_2025_tasks/build --no-deps symlink_data
[0.682s] running develop
[0.753s] running egg_info
[0.753s] creating robot_arm_2025_tasks.egg-info
[0.754s] writing robot_arm_2025_tasks.egg-info/PKG-INFO
[0.754s] writing dependency_links to robot_arm_2025_tasks.egg-info/dependency_links.txt
[0.754s] writing entry points to robot_arm_2025_tasks.egg-info/entry_points.txt
[0.754s] writing requirements to robot_arm_2025_tasks.egg-info/requires.txt
[0.754s] writing top-level names to robot_arm_2025_tasks.egg-info/top_level.txt
[0.754s] writing manifest file 'robot_arm_2025_tasks.egg-info/SOURCES.txt'
[0.755s] reading manifest file 'robot_arm_2025_tasks.egg-info/SOURCES.txt'
[0.755s] writing manifest file 'robot_arm_2025_tasks.egg-info/SOURCES.txt'
[0.756s] running build_ext
[0.756s] Creating /home/cody/ws_moveit/src/install/robot_arm_2025_tasks/lib/python3.10/site-packages/robot-arm-2025-tasks.egg-link (link to .)
[0.757s] Installing typing_node script to /home/cody/ws_moveit/src/install/robot_arm_2025_tasks/lib/robot_arm_2025_tasks
[0.757s] 
[0.757s] Installed /home/cody/ws_moveit/src/build/robot_arm_2025_tasks
[0.758s] running symlink_data
[0.758s] creating /home/cody/ws_moveit/src/install/robot_arm_2025_tasks/share/ament_index
[0.758s] creating /home/cody/ws_moveit/src/install/robot_arm_2025_tasks/share/ament_index/resource_index
[0.758s] creating /home/cody/ws_moveit/src/install/robot_arm_2025_tasks/share/ament_index/resource_index/packages
[0.758s] symbolically linking /home/cody/ws_moveit/src/build/robot_arm_2025_tasks/resource/robot_arm_2025_tasks -> /home/cody/ws_moveit/src/install/robot_arm_2025_tasks/share/ament_index/resource_index/packages
[0.758s] symbolically linking /home/cody/ws_moveit/src/build/robot_arm_2025_tasks/package.xml -> /home/cody/ws_moveit/src/install/robot_arm_2025_tasks/share/robot_arm_2025_tasks
[0.774s] Invoked command in '/home/cody/ws_moveit/src/build/robot_arm_2025_tasks' returned '0': PYTHONPATH=/home/cody/ws_moveit/src/build/robot_arm_2025_tasks/prefix_override:/usr/lib/python3/dist-packages/colcon_core/task/python/colcon_distutils_commands:/home/cody/ws_moveit/src/install/robot_arm_2025_tasks/lib/python3.10/site-packages:${PYTHONPATH} /usr/bin/python3 -W ignore:setup.py install is deprecated -W ignore:easy_install command is deprecated setup.py develop --editable --build-directory /home/cody/ws_moveit/src/build/robot_arm_2025_tasks/build --no-deps symlink_data
